Using pre-set license

 COMMAND LINE ARGUMENTS:
/Applications/Unity/Hub/Editor/2020.3.7f1/Unity.app/Contents/MacOS/Unity
-adb2
-batchMode
-noUpm
-name
AssetImportWorker0
-projectPath
/Users/a50621/workspace/AWS_Project
-logFile
Logs/AssetImportWorker0.log
-srvPort
50337
Successfully changed project path to: /Users/a50621/workspace/AWS_Project
/Users/a50621/workspace/AWS_Project
Using Asset Import Pipeline V2.
Refreshing native plugins compatible for Editor in 47.43 ms, found 1 plugins.
Preloading 0 native plugins for Editor in 0.00 ms.
Initialize engine version: 2020.3.7f1 (dd97f2c94397)
[Subsystems] Discovering subsystems at path /Applications/Unity/Hub/Editor/2020.3.7f1/Unity.app/Contents/Resources/UnitySubsystems
[Subsystems] Discovering subsystems at path /Users/a50621/workspace/AWS_Project/Assets
GfxDevice: creating device client; threaded=0
2021-06-10 09:56:39.942 Unity[3007:60848] iMac preferred device: AMD Radeon Pro 555X (high power)
2021-06-10 09:56:39.942 Unity[3007:60848] Metal devices available: 1
2021-06-10 09:56:39.942 Unity[3007:60848] 0: AMD Radeon Pro 555X (high power)
2021-06-10 09:56:39.942 Unity[3007:60848] Using device AMD Radeon Pro 555X (high power)
Initializing Metal device caps: AMD Radeon Pro 555X
Initialize mono
Mono path[0] = '/Applications/Unity/Hub/Editor/2020.3.7f1/Unity.app/Contents/Managed'
Mono path[1] = '/Applications/Unity/Hub/Editor/2020.3.7f1/Unity.app/Contents/MonoBleedingEdge/lib/mono/unityjit'
Mono config path = '/Applications/Unity/Hub/Editor/2020.3.7f1/Unity.app/Contents/MonoBleedingEdge/etc'
Using monoOptions --debugger-agent=transport=dt_socket,embedding=1,server=y,suspend=n,address=127.0.0.1:56007
Begin MonoManager ReloadAssembly
Registering precompiled unity dll's ...
Register platform support module: /Applications/Unity/Hub/Editor/2020.3.7f1/Unity.app/Contents/PlaybackEngines/MacStandaloneSupport/UnityEditor.OSXStandalone.Extensions.dll
Registered in 0.027961 seconds.
Native extension for OSXStandalone target not found
Refreshing native plugins compatible for Editor in 26.49 ms, found 1 plugins.
Preloading 0 native plugins for Editor in 0.00 ms.
Mono: successfully reloaded assembly
- Completed reload, in  2.080 seconds
Platform modules already initialized, skipping
Registering precompiled user dll's ...
Registered in 0.006677 seconds.
Begin MonoManager ReloadAssembly
Native extension for OSXStandalone target not found
Refreshing native plugins compatible for Editor in 0.23 ms, found 1 plugins.
Preloading 0 native plugins for Editor in 0.00 ms.
Mono: successfully reloaded assembly
- Completed reload, in  1.213 seconds
Platform modules already initialized, skipping
========================================================================
Worker process is ready to serve import requests
Launching external process: /Applications/Unity/Hub/Editor/2020.3.7f1/Unity.app/Contents/Tools/UnityShaderCompiler
Launched and connected shader compiler UnityShaderCompiler after 0.01 seconds
Refreshing native plugins compatible for Editor in 0.25 ms, found 1 plugins.
Preloading 0 native plugins for Editor in 0.00 ms.
Unloading 1436 Unused Serialized files (Serialized files now loaded: 0)
System memory in use before: 152.0 MB.
System memory in use after: 141.5 MB.

Unloading 78 unused Assets to reduce memory usage. Loaded Objects now: 1811.
Total: 12.168565 ms (FindLiveObjects: 0.352032 ms CreateObjectMapping: 0.209481 ms MarkObjects: 2.345748 ms  DeleteObjects: 9.258355 ms)

========================================================================
Received Import Request.
  path: Assets/Wall1.jpg
  artifactKey: Guid(488f6f4d00d90434889ee82863bdcb02) Importer(815301076,1909f56bfc062723c751e8b465ee728b)
Start importing Assets/Wall1.jpg using Guid(488f6f4d00d90434889ee82863bdcb02) Importer(815301076,1909f56bfc062723c751e8b465ee728b)  -> (artifact id: 'a470c79966f41f21d3afbfd8b476d880') in 1.054971 seconds
  Import took 1.057804 seconds .

========================================================================
Received Import Request.
  Time since last request: 0.000215 seconds.
  path: Assets/WallMaterial.mat
  artifactKey: Guid(f6df8c61b0a524e3e96a4ea12f2d5823) Importer(815301076,1909f56bfc062723c751e8b465ee728b)
Start importing Assets/WallMaterial.mat using Guid(f6df8c61b0a524e3e96a4ea12f2d5823) Importer(815301076,1909f56bfc062723c751e8b465ee728b)  -> (artifact id: '5f76588fcfc67036e759f330ef128db1') in 1.558460 seconds
  Import took 1.611859 seconds .

========================================================================
Received Import Request.
  Time since last request: 0.000230 seconds.
  path: Assets/TestScene.unity
  artifactKey: Guid(f082e66d6685c47aa80fcf43fe89625a) Importer(815301076,1909f56bfc062723c751e8b465ee728b)
Start importing Assets/TestScene.unity using Guid(f082e66d6685c47aa80fcf43fe89625a) Importer(815301076,1909f56bfc062723c751e8b465ee728b)  -> (artifact id: '7a97973c882f95003b5c2103fd7aa001') in 0.234720 seconds
  Import took 0.237295 seconds .

========================================================================
Received Import Request.
  Time since last request: 0.000209 seconds.
  path: Assets/Flore1_Nomal.jpg
  artifactKey: Guid(c222f2f8364ea45988900c43c073c226) Importer(815301076,1909f56bfc062723c751e8b465ee728b)
Start importing Assets/Flore1_Nomal.jpg using Guid(c222f2f8364ea45988900c43c073c226) Importer(815301076,1909f56bfc062723c751e8b465ee728b)  -> (artifact id: '40ea96824d0d8030f413e5afdd1b58d8') in 0.205664 seconds
  Import took 0.207769 seconds .

========================================================================
Received Import Request.
  Time since last request: 0.000220 seconds.
  path: Assets/Flore1.jpg
  artifactKey: Guid(a0c85ebddc0d84ad99a1579add085570) Importer(815301076,1909f56bfc062723c751e8b465ee728b)
Start importing Assets/Flore1.jpg using Guid(a0c85ebddc0d84ad99a1579add085570) Importer(815301076,1909f56bfc062723c751e8b465ee728b)  -> (artifact id: 'd41db7513c39947b43e1fcc284ba8d56') in 0.006733 seconds
  Import took 0.009348 seconds .

========================================================================
Received Import Request.
  Time since last request: 0.000285 seconds.
  path: Assets/Player_Woman.prefab
  artifactKey: Guid(76678ba1fc2bc4f2fb3d75b86747f19c) Importer(815301076,1909f56bfc062723c751e8b465ee728b)
Start importing Assets/Player_Woman.prefab using Guid(76678ba1fc2bc4f2fb3d75b86747f19c) Importer(815301076,1909f56bfc062723c751e8b465ee728b)  -> (artifact id: 'a9a1f60346aca0dc3137c7a758486fcb') in 2.235398 seconds
  Import took 2.239103 seconds .

========================================================================
Received Import Request.
  Time since last request: 0.000210 seconds.
  path: Assets/FloreMaterial.mat
  artifactKey: Guid(3ffb45a9756494ec2a079d61a58516cb) Importer(815301076,1909f56bfc062723c751e8b465ee728b)
Start importing Assets/FloreMaterial.mat using Guid(3ffb45a9756494ec2a079d61a58516cb) Importer(815301076,1909f56bfc062723c751e8b465ee728b)  -> (artifact id: 'eb491bb5f5a0f6e8ebd511a652b31ea0') in 0.684193 seconds
  Import took 0.686308 seconds .

========================================================================
Received Import Request.
  Time since last request: 0.000218 seconds.
  path: Assets/Player_Man.prefab
  artifactKey: Guid(115a6ffa360394d63b951d9a7b149d1e) Importer(815301076,1909f56bfc062723c751e8b465ee728b)
Start importing Assets/Player_Man.prefab using Guid(115a6ffa360394d63b951d9a7b149d1e) Importer(815301076,1909f56bfc062723c751e8b465ee728b)  -> (artifact id: '7f6402b862e30dbc2ca4bfb08dfe3686') in 0.064680 seconds
  Import took 0.067560 seconds .

========================================================================
Received Import Request.
  Time since last request: 0.350622 seconds.
  path: Assets/Player_Man.prefab
  artifactKey: Guid(115a6ffa360394d63b951d9a7b149d1e) Importer(815301076,1909f56bfc062723c751e8b465ee728b)
Start importing Assets/Player_Man.prefab using Guid(115a6ffa360394d63b951d9a7b149d1e) Importer(815301076,1909f56bfc062723c751e8b465ee728b)  -> (artifact id: '7f6402b862e30dbc2ca4bfb08dfe3686') in 0.027209 seconds
  Import took 0.030237 seconds .

========================================================================
Received Prepare
Registering precompiled user dll's ...
Registered in 0.000628 seconds.
Begin MonoManager ReloadAssembly
Native extension for OSXStandalone target not found
Refreshing native plugins compatible for Editor in 0.23 ms, found 1 plugins.
Preloading 0 native plugins for Editor in 0.00 ms.
Mono: successfully reloaded assembly
- Completed reload, in  0.998 seconds
Platform modules already initialized, skipping
Refreshing native plugins compatible for Editor in 0.27 ms, found 1 plugins.
Preloading 0 native plugins for Editor in 0.00 ms.
Unloading 1387 Unused Serialized files (Serialized files now loaded: 0)
System memory in use before: 178.7 MB.
System memory in use after: 168.3 MB.

Unloading 73 unused Assets to reduce memory usage. Loaded Objects now: 1859.
Total: 11.182346 ms (FindLiveObjects: 0.217085 ms CreateObjectMapping: 0.048869 ms MarkObjects: 1.341959 ms  DeleteObjects: 9.573354 ms)

========================================================================
Received Import Request.
  Time since last request: 256.551421 seconds.
  path: Assets/Player_Man.prefab
  artifactKey: Guid(115a6ffa360394d63b951d9a7b149d1e) Importer(815301076,1909f56bfc062723c751e8b465ee728b)
Start importing Assets/Player_Man.prefab using Guid(115a6ffa360394d63b951d9a7b149d1e) Importer(815301076,1909f56bfc062723c751e8b465ee728b)  -> (artifact id: '1b4821850c58acd7bd2aa210f078103e') in 0.084310 seconds
  Import took 0.087564 seconds .

========================================================================
Received Import Request.
  Time since last request: 259.169052 seconds.
  path: Assets/CameraController.cs
  artifactKey: Guid(70c365b6075b74c8a84958831c83b9b0) Importer(815301076,1909f56bfc062723c751e8b465ee728b)
Start importing Assets/CameraController.cs using Guid(70c365b6075b74c8a84958831c83b9b0) Importer(815301076,1909f56bfc062723c751e8b465ee728b)  -> (artifact id: 'aae3da68d4927db1d76c7e1bc969f2d2') in 5.344074 seconds
  Import took 5.346883 seconds .

========================================================================
Received Prepare
Registering precompiled user dll's ...
Registered in 0.000388 seconds.
Begin MonoManager ReloadAssembly
Native extension for OSXStandalone target not found
Refreshing native plugins compatible for Editor in 0.24 ms, found 1 plugins.
Preloading 0 native plugins for Editor in 0.00 ms.
Mono: successfully reloaded assembly
- Completed reload, in  2.052 seconds
Platform modules already initialized, skipping
Refreshing native plugins compatible for Editor in 0.34 ms, found 1 plugins.
Preloading 0 native plugins for Editor in 0.00 ms.
Unloading 1388 Unused Serialized files (Serialized files now loaded: 0)
System memory in use before: 183.5 MB.
System memory in use after: 173.2 MB.

Unloading 73 unused Assets to reduce memory usage. Loaded Objects now: 1864.
Total: 11.654856 ms (FindLiveObjects: 0.233761 ms CreateObjectMapping: 0.067848 ms MarkObjects: 1.756725 ms  DeleteObjects: 9.595315 ms)

========================================================================
Received Prepare
Registering precompiled user dll's ...
Registered in 0.000430 seconds.
Begin MonoManager ReloadAssembly
Native extension for OSXStandalone target not found
Refreshing native plugins compatible for Editor in 0.23 ms, found 1 plugins.
Preloading 0 native plugins for Editor in 0.00 ms.
Mono: successfully reloaded assembly
- Completed reload, in  0.956 seconds
Platform modules already initialized, skipping
Refreshing native plugins compatible for Editor in 0.33 ms, found 1 plugins.
Preloading 0 native plugins for Editor in 0.00 ms.
Unloading 1388 Unused Serialized files (Serialized files now loaded: 0)
System memory in use before: 184.0 MB.
System memory in use after: 173.4 MB.

Unloading 73 unused Assets to reduce memory usage. Loaded Objects now: 1867.
Total: 12.016093 ms (FindLiveObjects: 0.247873 ms CreateObjectMapping: 0.067602 ms MarkObjects: 1.981261 ms  DeleteObjects: 9.716700 ms)

========================================================================
Received Prepare
Registering precompiled user dll's ...
Registered in 0.000444 seconds.
Begin MonoManager ReloadAssembly
Native extension for OSXStandalone target not found
Refreshing native plugins compatible for Editor in 0.23 ms, found 1 plugins.
Preloading 0 native plugins for Editor in 0.00 ms.
Mono: successfully reloaded assembly
- Completed reload, in  1.229 seconds
Platform modules already initialized, skipping
Refreshing native plugins compatible for Editor in 0.25 ms, found 1 plugins.
Preloading 0 native plugins for Editor in 0.00 ms.
Unloading 1388 Unused Serialized files (Serialized files now loaded: 0)
System memory in use before: 184.1 MB.
System memory in use after: 173.7 MB.

Unloading 73 unused Assets to reduce memory usage. Loaded Objects now: 1870.
Total: 12.908143 ms (FindLiveObjects: 0.430735 ms CreateObjectMapping: 0.079803 ms MarkObjects: 2.233883 ms  DeleteObjects: 10.161638 ms)

========================================================================
Received Prepare
Registering precompiled user dll's ...
Registered in 0.000410 seconds.
Begin MonoManager ReloadAssembly
Native extension for OSXStandalone target not found
Refreshing native plugins compatible for Editor in 0.24 ms, found 1 plugins.
Preloading 0 native plugins for Editor in 0.00 ms.
Mono: successfully reloaded assembly
- Completed reload, in  1.031 seconds
Platform modules already initialized, skipping
Refreshing native plugins compatible for Editor in 0.34 ms, found 1 plugins.
Preloading 0 native plugins for Editor in 0.00 ms.
Unloading 1388 Unused Serialized files (Serialized files now loaded: 0)
System memory in use before: 184.5 MB.
System memory in use after: 174.0 MB.

Unloading 73 unused Assets to reduce memory usage. Loaded Objects now: 1873.
Total: 12.278704 ms (FindLiveObjects: 0.247628 ms CreateObjectMapping: 0.063963 ms MarkObjects: 1.901392 ms  DeleteObjects: 10.064484 ms)

========================================================================
Received Import Request.
  Time since last request: 2686.331992 seconds.
  path: Assets/CameraController.cs
  artifactKey: Guid(70c365b6075b74c8a84958831c83b9b0) Importer(815301076,1909f56bfc062723c751e8b465ee728b)
Start importing Assets/CameraController.cs using Guid(70c365b6075b74c8a84958831c83b9b0) Importer(815301076,1909f56bfc062723c751e8b465ee728b)  -> (artifact id: 'ffc900743ec5869b179d80ff6f2dda20') in 0.062010 seconds
  Import took 0.077709 seconds .

========================================================================
Received Prepare
Registering precompiled user dll's ...
Registered in 0.000416 seconds.
Begin MonoManager ReloadAssembly
Native extension for OSXStandalone target not found
Refreshing native plugins compatible for Editor in 0.25 ms, found 1 plugins.
Preloading 0 native plugins for Editor in 0.00 ms.
Mono: successfully reloaded assembly
- Completed reload, in  1.062 seconds
Platform modules already initialized, skipping
Refreshing native plugins compatible for Editor in 0.24 ms, found 1 plugins.
Preloading 0 native plugins for Editor in 0.00 ms.
Unloading 1388 Unused Serialized files (Serialized files now loaded: 0)
System memory in use before: 184.9 MB.
System memory in use after: 174.5 MB.

Unloading 73 unused Assets to reduce memory usage. Loaded Objects now: 1876.
Total: 14.747075 ms (FindLiveObjects: 0.253695 ms CreateObjectMapping: 0.071693 ms MarkObjects: 2.486675 ms  DeleteObjects: 11.932811 ms)

========================================================================
Received Prepare
Registering precompiled user dll's ...
Registered in 0.000386 seconds.
Begin MonoManager ReloadAssembly
Native extension for OSXStandalone target not found
Refreshing native plugins compatible for Editor in 0.24 ms, found 1 plugins.
Preloading 0 native plugins for Editor in 0.00 ms.
Mono: successfully reloaded assembly
- Completed reload, in  1.071 seconds
Platform modules already initialized, skipping
Refreshing native plugins compatible for Editor in 0.24 ms, found 1 plugins.
Preloading 0 native plugins for Editor in 0.00 ms.
Unloading 1388 Unused Serialized files (Serialized files now loaded: 0)
System memory in use before: 185.4 MB.
System memory in use after: 174.9 MB.

Unloading 73 unused Assets to reduce memory usage. Loaded Objects now: 1879.
Total: 12.865170 ms (FindLiveObjects: 0.241049 ms CreateObjectMapping: 0.051189 ms MarkObjects: 1.397058 ms  DeleteObjects: 11.174611 ms)

========================================================================
Received Prepare
Registering precompiled user dll's ...
Registered in 0.000411 seconds.
Begin MonoManager ReloadAssembly
Native extension for OSXStandalone target not found
Refreshing native plugins compatible for Editor in 0.24 ms, found 1 plugins.
Preloading 0 native plugins for Editor in 0.00 ms.
Mono: successfully reloaded assembly
- Completed reload, in  0.995 seconds
Platform modules already initialized, skipping
Refreshing native plugins compatible for Editor in 0.24 ms, found 1 plugins.
Preloading 0 native plugins for Editor in 0.00 ms.
Unloading 1388 Unused Serialized files (Serialized files now loaded: 0)
System memory in use before: 185.5 MB.
System memory in use after: 175.1 MB.

Unloading 73 unused Assets to reduce memory usage. Loaded Objects now: 1882.
Total: 12.324093 ms (FindLiveObjects: 0.210464 ms CreateObjectMapping: 0.049925 ms MarkObjects: 1.529572 ms  DeleteObjects: 10.532934 ms)

========================================================================
Received Import Request.
  Time since last request: 137.347714 seconds.
  path: Assets/targetController.cs
  artifactKey: Guid(f34cdbc473ecf4092892e0ccca9b4378) Importer(815301076,1909f56bfc062723c751e8b465ee728b)
Start importing Assets/targetController.cs using Guid(f34cdbc473ecf4092892e0ccca9b4378) Importer(815301076,1909f56bfc062723c751e8b465ee728b)  -> (artifact id: '1dad18a447c03675a626f5fc32d38a26') in 0.003847 seconds
  Import took 0.070307 seconds .

========================================================================
Received Prepare
Registering precompiled user dll's ...
Registered in 0.000427 seconds.
Begin MonoManager ReloadAssembly
Native extension for OSXStandalone target not found
Refreshing native plugins compatible for Editor in 0.24 ms, found 1 plugins.
Preloading 0 native plugins for Editor in 0.00 ms.
Mono: successfully reloaded assembly
- Completed reload, in  0.981 seconds
Platform modules already initialized, skipping
Refreshing native plugins compatible for Editor in 0.24 ms, found 1 plugins.
Preloading 0 native plugins for Editor in 0.00 ms.
Unloading 1388 Unused Serialized files (Serialized files now loaded: 0)
System memory in use before: 185.9 MB.
System memory in use after: 175.4 MB.

Unloading 73 unused Assets to reduce memory usage. Loaded Objects now: 1885.
Total: 13.238738 ms (FindLiveObjects: 0.255835 ms CreateObjectMapping: 0.065668 ms MarkObjects: 1.888111 ms  DeleteObjects: 11.027807 ms)

========================================================================
Received Prepare
Registering precompiled user dll's ...
Registered in 0.000404 seconds.
Begin MonoManager ReloadAssembly
Native extension for OSXStandalone target not found
Refreshing native plugins compatible for Editor in 0.23 ms, found 1 plugins.
Preloading 0 native plugins for Editor in 0.00 ms.
Mono: successfully reloaded assembly
- Completed reload, in  1.002 seconds
Platform modules already initialized, skipping
Refreshing native plugins compatible for Editor in 0.24 ms, found 1 plugins.
Preloading 0 native plugins for Editor in 0.00 ms.
Unloading 1388 Unused Serialized files (Serialized files now loaded: 0)
System memory in use before: 185.9 MB.
System memory in use after: 175.6 MB.

Unloading 73 unused Assets to reduce memory usage. Loaded Objects now: 1888.
Total: 12.785961 ms (FindLiveObjects: 0.272430 ms CreateObjectMapping: 0.068457 ms MarkObjects: 1.871007 ms  DeleteObjects: 10.572845 ms)

========================================================================
Received Prepare
Registering precompiled user dll's ...
Registered in 0.000539 seconds.
Begin MonoManager ReloadAssembly
Native extension for OSXStandalone target not found
Refreshing native plugins compatible for Editor in 0.23 ms, found 1 plugins.
Preloading 0 native plugins for Editor in 0.00 ms.
Mono: successfully reloaded assembly
- Completed reload, in  1.070 seconds
Platform modules already initialized, skipping
Refreshing native plugins compatible for Editor in 0.25 ms, found 1 plugins.
Preloading 0 native plugins for Editor in 0.00 ms.
Unloading 1388 Unused Serialized files (Serialized files now loaded: 0)
System memory in use before: 186.3 MB.
System memory in use after: 175.9 MB.

Unloading 73 unused Assets to reduce memory usage. Loaded Objects now: 1891.
Total: 13.225636 ms (FindLiveObjects: 0.295797 ms CreateObjectMapping: 0.084073 ms MarkObjects: 1.968395 ms  DeleteObjects: 10.872998 ms)

========================================================================
Received Import Request.
  Time since last request: 543.590848 seconds.
  path: Assets/targetController.cs
  artifactKey: Guid(f34cdbc473ecf4092892e0ccca9b4378) Importer(815301076,1909f56bfc062723c751e8b465ee728b)
Start importing Assets/targetController.cs using Guid(f34cdbc473ecf4092892e0ccca9b4378) Importer(815301076,1909f56bfc062723c751e8b465ee728b)  -> (artifact id: '81ee29f36a78599739bcfb08c0e5f9a6') in 0.004049 seconds
  Import took 0.023420 seconds .

========================================================================
Received Prepare
Registering precompiled user dll's ...
Registered in 0.000419 seconds.
Begin MonoManager ReloadAssembly
Native extension for OSXStandalone target not found
Refreshing native plugins compatible for Editor in 0.24 ms, found 1 plugins.
Preloading 0 native plugins for Editor in 0.00 ms.
Mono: successfully reloaded assembly
- Completed reload, in  0.986 seconds
Platform modules already initialized, skipping
Refreshing native plugins compatible for Editor in 0.24 ms, found 1 plugins.
Preloading 0 native plugins for Editor in 0.00 ms.
Unloading 1388 Unused Serialized files (Serialized files now loaded: 0)
System memory in use before: 186.5 MB.
System memory in use after: 176.1 MB.

Unloading 73 unused Assets to reduce memory usage. Loaded Objects now: 1894.
Total: 13.738905 ms (FindLiveObjects: 0.236983 ms CreateObjectMapping: 0.051980 ms MarkObjects: 1.484292 ms  DeleteObjects: 11.964652 ms)

========================================================================
Received Prepare
Registering precompiled user dll's ...
Registered in 0.000498 seconds.
Begin MonoManager ReloadAssembly
Native extension for OSXStandalone target not found
Refreshing native plugins compatible for Editor in 0.24 ms, found 1 plugins.
Preloading 0 native plugins for Editor in 0.00 ms.
Mono: successfully reloaded assembly
- Completed reload, in  1.003 seconds
Platform modules already initialized, skipping
Refreshing native plugins compatible for Editor in 0.26 ms, found 1 plugins.
Preloading 0 native plugins for Editor in 0.00 ms.
Unloading 1388 Unused Serialized files (Serialized files now loaded: 0)
System memory in use before: 186.8 MB.
System memory in use after: 176.4 MB.

Unloading 73 unused Assets to reduce memory usage. Loaded Objects now: 1897.
Total: 12.553101 ms (FindLiveObjects: 0.214543 ms CreateObjectMapping: 0.051833 ms MarkObjects: 1.407942 ms  DeleteObjects: 10.877600 ms)

========================================================================
Received Prepare
Registering precompiled user dll's ...
Registered in 0.000412 seconds.
Begin MonoManager ReloadAssembly
Native extension for OSXStandalone target not found
Refreshing native plugins compatible for Editor in 0.24 ms, found 1 plugins.
Preloading 0 native plugins for Editor in 0.00 ms.
Mono: successfully reloaded assembly
- Completed reload, in  0.972 seconds
Platform modules already initialized, skipping
Refreshing native plugins compatible for Editor in 0.24 ms, found 1 plugins.
Preloading 0 native plugins for Editor in 0.00 ms.
Unloading 1388 Unused Serialized files (Serialized files now loaded: 0)
System memory in use before: 187.0 MB.
System memory in use after: 176.6 MB.

Unloading 73 unused Assets to reduce memory usage. Loaded Objects now: 1900.
Total: 13.197107 ms (FindLiveObjects: 0.268666 ms CreateObjectMapping: 0.070012 ms MarkObjects: 1.864859 ms  DeleteObjects: 10.992317 ms)

========================================================================
Received Prepare
Registering precompiled user dll's ...
Registered in 0.000371 seconds.
Begin MonoManager ReloadAssembly
Native extension for OSXStandalone target not found
Refreshing native plugins compatible for Editor in 0.26 ms, found 1 plugins.
Preloading 0 native plugins for Editor in 0.00 ms.
Mono: successfully reloaded assembly
- Completed reload, in  1.157 seconds
Platform modules already initialized, skipping
Refreshing native plugins compatible for Editor in 0.28 ms, found 1 plugins.
Preloading 0 native plugins for Editor in 0.00 ms.
Unloading 1388 Unused Serialized files (Serialized files now loaded: 0)
System memory in use before: 187.3 MB.
System memory in use after: 176.8 MB.

Unloading 73 unused Assets to reduce memory usage. Loaded Objects now: 1903.
Total: 13.592599 ms (FindLiveObjects: 0.237256 ms CreateObjectMapping: 0.051851 ms MarkObjects: 1.430309 ms  DeleteObjects: 11.872087 ms)

========================================================================
Received Prepare
Registering precompiled user dll's ...
Registered in 0.000423 seconds.
Begin MonoManager ReloadAssembly
Native extension for OSXStandalone target not found
Refreshing native plugins compatible for Editor in 0.24 ms, found 1 plugins.
Preloading 0 native plugins for Editor in 0.00 ms.
Mono: successfully reloaded assembly
- Completed reload, in  1.112 seconds
Platform modules already initialized, skipping
Refreshing native plugins compatible for Editor in 0.46 ms, found 1 plugins.
Preloading 0 native plugins for Editor in 0.00 ms.
Unloading 1388 Unused Serialized files (Serialized files now loaded: 0)
System memory in use before: 187.5 MB.
System memory in use after: 177.1 MB.

Unloading 73 unused Assets to reduce memory usage. Loaded Objects now: 1906.
Total: 13.983186 ms (FindLiveObjects: 0.353830 ms CreateObjectMapping: 0.055115 ms MarkObjects: 1.554358 ms  DeleteObjects: 12.018528 ms)

========================================================================
Received Prepare
Registering precompiled user dll's ...
Registered in 0.000424 seconds.
Begin MonoManager ReloadAssembly
Native extension for OSXStandalone target not found
Refreshing native plugins compatible for Editor in 0.23 ms, found 1 plugins.
Preloading 0 native plugins for Editor in 0.00 ms.
Mono: successfully reloaded assembly
- Completed reload, in  1.018 seconds
Platform modules already initialized, skipping
Refreshing native plugins compatible for Editor in 0.26 ms, found 1 plugins.
Preloading 0 native plugins for Editor in 0.00 ms.
Unloading 1388 Unused Serialized files (Serialized files now loaded: 0)
System memory in use before: 187.8 MB.
System memory in use after: 177.3 MB.

Unloading 73 unused Assets to reduce memory usage. Loaded Objects now: 1909.
Total: 13.991771 ms (FindLiveObjects: 0.217888 ms CreateObjectMapping: 0.052452 ms MarkObjects: 1.425287 ms  DeleteObjects: 12.293954 ms)

========================================================================
Received Prepare
Registering precompiled user dll's ...
Registered in 0.000422 seconds.
Begin MonoManager ReloadAssembly
Native extension for OSXStandalone target not found
Refreshing native plugins compatible for Editor in 0.26 ms, found 1 plugins.
Preloading 0 native plugins for Editor in 0.00 ms.
Mono: successfully reloaded assembly
- Completed reload, in  1.074 seconds
Platform modules already initialized, skipping
Refreshing native plugins compatible for Editor in 0.33 ms, found 1 plugins.
Preloading 0 native plugins for Editor in 0.00 ms.
Unloading 1388 Unused Serialized files (Serialized files now loaded: 0)
System memory in use before: 188.0 MB.
System memory in use after: 177.5 MB.

Unloading 73 unused Assets to reduce memory usage. Loaded Objects now: 1912.
Total: 14.414457 ms (FindLiveObjects: 0.269559 ms CreateObjectMapping: 0.068411 ms MarkObjects: 1.877942 ms  DeleteObjects: 12.197097 ms)

========================================================================
Received Prepare
Registering precompiled user dll's ...
Registered in 0.024531 seconds.
Begin MonoManager ReloadAssembly
Native extension for OSXStandalone target not found
Refreshing native plugins compatible for Editor in 0.24 ms, found 1 plugins.
Preloading 0 native plugins for Editor in 0.00 ms.
Mono: successfully reloaded assembly
- Completed reload, in  1.525 seconds
Platform modules already initialized, skipping
Refreshing native plugins compatible for Editor in 0.32 ms, found 1 plugins.
Preloading 0 native plugins for Editor in 0.00 ms.
Unloading 1388 Unused Serialized files (Serialized files now loaded: 0)
System memory in use before: 188.3 MB.
System memory in use after: 177.8 MB.

Unloading 73 unused Assets to reduce memory usage. Loaded Objects now: 1915.
Total: 13.207407 ms (FindLiveObjects: 0.272115 ms CreateObjectMapping: 0.069631 ms MarkObjects: 1.832044 ms  DeleteObjects: 11.032488 ms)

========================================================================
Received Prepare
Registering precompiled user dll's ...
Registered in 0.000367 seconds.
Begin MonoManager ReloadAssembly
Native extension for OSXStandalone target not found
Refreshing native plugins compatible for Editor in 0.24 ms, found 1 plugins.
Preloading 0 native plugins for Editor in 0.00 ms.
Mono: successfully reloaded assembly
- Completed reload, in  0.963 seconds
Platform modules already initialized, skipping
Refreshing native plugins compatible for Editor in 0.32 ms, found 1 plugins.
Preloading 0 native plugins for Editor in 0.00 ms.
Unloading 1388 Unused Serialized files (Serialized files now loaded: 0)
System memory in use before: 188.4 MB.
System memory in use after: 178.0 MB.

Unloading 73 unused Assets to reduce memory usage. Loaded Objects now: 1918.
Total: 13.184416 ms (FindLiveObjects: 0.249462 ms CreateObjectMapping: 0.065719 ms MarkObjects: 1.878217 ms  DeleteObjects: 10.988282 ms)

========================================================================
Received Prepare
Registering precompiled user dll's ...
Registered in 0.014270 seconds.
Begin MonoManager ReloadAssembly
Native extension for OSXStandalone target not found
Refreshing native plugins compatible for Editor in 0.23 ms, found 1 plugins.
Preloading 0 native plugins for Editor in 0.00 ms.
Mono: successfully reloaded assembly
- Completed reload, in  1.422 seconds
Platform modules already initialized, skipping
Refreshing native plugins compatible for Editor in 0.24 ms, found 1 plugins.
Preloading 0 native plugins for Editor in 0.00 ms.
Unloading 1388 Unused Serialized files (Serialized files now loaded: 0)
System memory in use before: 188.8 MB.
System memory in use after: 178.3 MB.

Unloading 73 unused Assets to reduce memory usage. Loaded Objects now: 1921.
Total: 13.149130 ms (FindLiveObjects: 0.242539 ms CreateObjectMapping: 0.054180 ms MarkObjects: 1.483778 ms  DeleteObjects: 11.367493 ms)

========================================================================
Received Import Request.
  Time since last request: 1889.507748 seconds.
  path: Assets/UnityChan/SD_Toko_chanz/Toko/Models/testController.controller
  artifactKey: Guid(ece26c6b84f4344e3806d4dc9e110b8d) Importer(815301076,1909f56bfc062723c751e8b465ee728b)
Start importing Assets/UnityChan/SD_Toko_chanz/Toko/Models/testController.controller using Guid(ece26c6b84f4344e3806d4dc9e110b8d) Importer(815301076,1909f56bfc062723c751e8b465ee728b)  -> (artifact id: '9edb5ade4bbdf02a2d45358e4b6ba1af') in 1.502958 seconds
  Import took 1.546579 seconds .

========================================================================
Received Import Request.
  Time since last request: 91.407935 seconds.
  path: Assets/UnityChan/SD_EL-Birds/Yuji/Models/testAnimation.controller
  artifactKey: Guid(c8991c47d697c4b4aa812c7325df0ee1) Importer(815301076,1909f56bfc062723c751e8b465ee728b)
Start importing Assets/UnityChan/SD_EL-Birds/Yuji/Models/testAnimation.controller using Guid(c8991c47d697c4b4aa812c7325df0ee1) Importer(815301076,1909f56bfc062723c751e8b465ee728b)  -> (artifact id: '8a623f4a21211a9a129b49783889cef5') in 0.305986 seconds
  Import took 0.334466 seconds .

========================================================================
Received Prepare
Registering precompiled user dll's ...
Registered in 0.000432 seconds.
Begin MonoManager ReloadAssembly
Native extension for OSXStandalone target not found
Refreshing native plugins compatible for Editor in 0.29 ms, found 1 plugins.
Preloading 0 native plugins for Editor in 0.00 ms.
Mono: successfully reloaded assembly
- Completed reload, in  1.303 seconds
Platform modules already initialized, skipping
Refreshing native plugins compatible for Editor in 0.36 ms, found 1 plugins.
Preloading 0 native plugins for Editor in 0.00 ms.
Unloading 1388 Unused Serialized files (Serialized files now loaded: 0)
System memory in use before: 193.2 MB.
System memory in use after: 182.7 MB.

Unloading 73 unused Assets to reduce memory usage. Loaded Objects now: 1924.
Total: 13.594035 ms (FindLiveObjects: 0.425490 ms CreateObjectMapping: 0.080824 ms MarkObjects: 1.837553 ms  DeleteObjects: 11.248742 ms)

========================================================================
Received Prepare
Registering precompiled user dll's ...
Registered in 0.024425 seconds.
Begin MonoManager ReloadAssembly
Native extension for OSXStandalone target not found
Refreshing native plugins compatible for Editor in 0.30 ms, found 1 plugins.
Preloading 0 native plugins for Editor in 0.00 ms.
Mono: successfully reloaded assembly
- Completed reload, in  1.729 seconds
Platform modules already initialized, skipping
Refreshing native plugins compatible for Editor in 0.32 ms, found 1 plugins.
Preloading 0 native plugins for Editor in 0.00 ms.
Unloading 1388 Unused Serialized files (Serialized files now loaded: 0)
System memory in use before: 193.5 MB.
System memory in use after: 183.0 MB.

Unloading 73 unused Assets to reduce memory usage. Loaded Objects now: 1927.
Total: 13.250171 ms (FindLiveObjects: 0.294500 ms CreateObjectMapping: 0.074892 ms MarkObjects: 1.884715 ms  DeleteObjects: 10.994974 ms)

========================================================================
Received Prepare
Registering precompiled user dll's ...
Registered in 0.034784 seconds.
Begin MonoManager ReloadAssembly
Native extension for OSXStandalone target not found
Refreshing native plugins compatible for Editor in 0.24 ms, found 1 plugins.
Preloading 0 native plugins for Editor in 0.00 ms.
Mono: successfully reloaded assembly
- Completed reload, in  1.607 seconds
Platform modules already initialized, skipping
Refreshing native plugins compatible for Editor in 0.32 ms, found 1 plugins.
Preloading 0 native plugins for Editor in 0.00 ms.
Unloading 1388 Unused Serialized files (Serialized files now loaded: 0)
System memory in use before: 193.6 MB.
System memory in use after: 183.2 MB.

Unloading 73 unused Assets to reduce memory usage. Loaded Objects now: 1930.
Total: 12.954316 ms (FindLiveObjects: 0.249328 ms CreateObjectMapping: 0.069847 ms MarkObjects: 1.903967 ms  DeleteObjects: 10.730074 ms)

========================================================================
Received Import Request.
  Time since last request: 765.167885 seconds.
  path: Assets/Motions/Game_Motion_Idle.fbx
  artifactKey: Guid(38c3a1736c4ce49bcba2bbcfc95ccf93) Importer(815301076,1909f56bfc062723c751e8b465ee728b)
Start importing Assets/Motions/Game_Motion_Idle.fbx using Guid(38c3a1736c4ce49bcba2bbcfc95ccf93) Importer(815301076,1909f56bfc062723c751e8b465ee728b)  -> (artifact id: '4dc7aa0fa31f4b258c234c920a7b7601') in 1.037224 seconds
  Import took 1.069547 seconds .

========================================================================
Received Prepare
Registering precompiled user dll's ...
Registered in 0.000374 seconds.
Begin MonoManager ReloadAssembly
Native extension for OSXStandalone target not found
Refreshing native plugins compatible for Editor in 0.32 ms, found 1 plugins.
Preloading 0 native plugins for Editor in 0.00 ms.
Mono: successfully reloaded assembly
- Completed reload, in  1.979 seconds
Platform modules already initialized, skipping
Refreshing native plugins compatible for Editor in 0.32 ms, found 1 plugins.
Preloading 0 native plugins for Editor in 0.00 ms.
Unloading 1388 Unused Serialized files (Serialized files now loaded: 0)
System memory in use before: 198.3 MB.
System memory in use after: 187.9 MB.

Unloading 73 unused Assets to reduce memory usage. Loaded Objects now: 1937.
Total: 13.268679 ms (FindLiveObjects: 0.249081 ms CreateObjectMapping: 0.067923 ms MarkObjects: 1.846588 ms  DeleteObjects: 11.103803 ms)

========================================================================
Received Prepare
Registering precompiled user dll's ...
Registered in 0.000359 seconds.
Begin MonoManager ReloadAssembly
Native extension for OSXStandalone target not found
Refreshing native plugins compatible for Editor in 0.27 ms, found 1 plugins.
Preloading 0 native plugins for Editor in 0.00 ms.
Mono: successfully reloaded assembly
- Completed reload, in  0.991 seconds
Platform modules already initialized, skipping
Refreshing native plugins compatible for Editor in 0.23 ms, found 1 plugins.
Preloading 0 native plugins for Editor in 0.00 ms.
Unloading 1388 Unused Serialized files (Serialized files now loaded: 0)
System memory in use before: 198.6 MB.
System memory in use after: 188.2 MB.

Unloading 73 unused Assets to reduce memory usage. Loaded Objects now: 1940.
Total: 14.743992 ms (FindLiveObjects: 0.275660 ms CreateObjectMapping: 0.072822 ms MarkObjects: 2.298931 ms  DeleteObjects: 12.095025 ms)

========================================================================
Received Import Request.
  Time since last request: 89.044224 seconds.
  path: Assets/Motions/Game_Motion_Walking.fbx
  artifactKey: Guid(b43fe6c274b424149a9785315a68b70b) Importer(815301076,1909f56bfc062723c751e8b465ee728b)
Start importing Assets/Motions/Game_Motion_Walking.fbx using Guid(b43fe6c274b424149a9785315a68b70b) Importer(815301076,1909f56bfc062723c751e8b465ee728b)  -> (artifact id: 'f2f4d7e1c698627f524a9a9ae6f83f10') in 0.161323 seconds
  Import took 0.185553 seconds .

========================================================================
Received Prepare
Registering precompiled user dll's ...
Registered in 0.000511 seconds.
Begin MonoManager ReloadAssembly
Native extension for OSXStandalone target not found
Refreshing native plugins compatible for Editor in 0.23 ms, found 1 plugins.
Preloading 0 native plugins for Editor in 0.00 ms.
Mono: successfully reloaded assembly
- Completed reload, in  0.970 seconds
Platform modules already initialized, skipping
Refreshing native plugins compatible for Editor in 0.23 ms, found 1 plugins.
Preloading 0 native plugins for Editor in 0.00 ms.
Unloading 1388 Unused Serialized files (Serialized files now loaded: 0)
System memory in use before: 199.1 MB.
System memory in use after: 188.6 MB.

Unloading 73 unused Assets to reduce memory usage. Loaded Objects now: 1944.
Total: 13.611340 ms (FindLiveObjects: 0.189758 ms CreateObjectMapping: 0.047819 ms MarkObjects: 1.347285 ms  DeleteObjects: 12.025570 ms)

========================================================================
Received Prepare
Registering precompiled user dll's ...
Registered in 0.000387 seconds.
Begin MonoManager ReloadAssembly
Native extension for OSXStandalone target not found
Refreshing native plugins compatible for Editor in 0.23 ms, found 1 plugins.
Preloading 0 native plugins for Editor in 0.00 ms.
Mono: successfully reloaded assembly
- Completed reload, in  1.057 seconds
Platform modules already initialized, skipping
Refreshing native plugins compatible for Editor in 0.26 ms, found 1 plugins.
Preloading 0 native plugins for Editor in 0.00 ms.
Unloading 1388 Unused Serialized files (Serialized files now loaded: 0)
System memory in use before: 199.3 MB.
System memory in use after: 188.9 MB.

Unloading 73 unused Assets to reduce memory usage. Loaded Objects now: 1947.
Total: 14.034261 ms (FindLiveObjects: 0.360027 ms CreateObjectMapping: 0.058033 ms MarkObjects: 1.643934 ms  DeleteObjects: 11.970801 ms)

========================================================================
Received Prepare
Registering precompiled user dll's ...
Registered in 0.024197 seconds.
Begin MonoManager ReloadAssembly
Native extension for OSXStandalone target not found
Refreshing native plugins compatible for Editor in 0.33 ms, found 1 plugins.
Preloading 0 native plugins for Editor in 0.00 ms.
Mono: successfully reloaded assembly
- Completed reload, in  0.983 seconds
Platform modules already initialized, skipping
Refreshing native plugins compatible for Editor in 0.24 ms, found 1 plugins.
Preloading 0 native plugins for Editor in 0.00 ms.
Unloading 1388 Unused Serialized files (Serialized files now loaded: 0)
System memory in use before: 199.6 MB.
System memory in use after: 189.1 MB.

Unloading 73 unused Assets to reduce memory usage. Loaded Objects now: 1950.
Total: 13.044093 ms (FindLiveObjects: 0.218417 ms CreateObjectMapping: 0.050805 ms MarkObjects: 1.371507 ms  DeleteObjects: 11.402239 ms)

========================================================================
Received Prepare
Registering precompiled user dll's ...
Registered in 0.000404 seconds.
Begin MonoManager ReloadAssembly
Native extension for OSXStandalone target not found
Refreshing native plugins compatible for Editor in 0.27 ms, found 1 plugins.
Preloading 0 native plugins for Editor in 0.00 ms.
Mono: successfully reloaded assembly
- Completed reload, in  1.049 seconds
Platform modules already initialized, skipping
Refreshing native plugins compatible for Editor in 0.23 ms, found 1 plugins.
Preloading 0 native plugins for Editor in 0.00 ms.
Unloading 1388 Unused Serialized files (Serialized files now loaded: 0)
System memory in use before: 199.8 MB.
System memory in use after: 189.3 MB.

Unloading 73 unused Assets to reduce memory usage. Loaded Objects now: 1953.
Total: 14.996264 ms (FindLiveObjects: 0.344420 ms CreateObjectMapping: 0.085420 ms MarkObjects: 2.167051 ms  DeleteObjects: 12.397482 ms)

========================================================================
Received Prepare
Registering precompiled user dll's ...
Registered in 0.000358 seconds.
Begin MonoManager ReloadAssembly
Native extension for OSXStandalone target not found
Refreshing native plugins compatible for Editor in 0.24 ms, found 1 plugins.
Preloading 0 native plugins for Editor in 0.00 ms.
Mono: successfully reloaded assembly
- Completed reload, in  0.976 seconds
Platform modules already initialized, skipping
Refreshing native plugins compatible for Editor in 0.24 ms, found 1 plugins.
Preloading 0 native plugins for Editor in 0.00 ms.
Unloading 1388 Unused Serialized files (Serialized files now loaded: 0)
System memory in use before: 200.1 MB.
System memory in use after: 189.6 MB.

Unloading 73 unused Assets to reduce memory usage. Loaded Objects now: 1956.
Total: 14.528340 ms (FindLiveObjects: 0.217454 ms CreateObjectMapping: 0.046052 ms MarkObjects: 1.357734 ms  DeleteObjects: 12.905557 ms)

========================================================================
Received Prepare
Registering precompiled user dll's ...
Registered in 0.000373 seconds.
Begin MonoManager ReloadAssembly
Native extension for OSXStandalone target not found
Refreshing native plugins compatible for Editor in 0.24 ms, found 1 plugins.
Preloading 0 native plugins for Editor in 0.00 ms.
Mono: successfully reloaded assembly
- Completed reload, in  1.023 seconds
Platform modules already initialized, skipping
Refreshing native plugins compatible for Editor in 0.23 ms, found 1 plugins.
Preloading 0 native plugins for Editor in 0.00 ms.
Unloading 1388 Unused Serialized files (Serialized files now loaded: 0)
System memory in use before: 200.2 MB.
System memory in use after: 189.8 MB.

Unloading 73 unused Assets to reduce memory usage. Loaded Objects now: 1959.
Total: 13.276828 ms (FindLiveObjects: 0.279689 ms CreateObjectMapping: 0.071343 ms MarkObjects: 1.917433 ms  DeleteObjects: 11.007322 ms)

========================================================================
Received Prepare
Registering precompiled user dll's ...
Registered in 0.000407 seconds.
Begin MonoManager ReloadAssembly
Native extension for OSXStandalone target not found
Refreshing native plugins compatible for Editor in 0.29 ms, found 1 plugins.
Preloading 0 native plugins for Editor in 0.00 ms.
Mono: successfully reloaded assembly
- Completed reload, in  1.055 seconds
Platform modules already initialized, skipping
Refreshing native plugins compatible for Editor in 0.28 ms, found 1 plugins.
Preloading 0 native plugins for Editor in 0.00 ms.
Unloading 1388 Unused Serialized files (Serialized files now loaded: 0)
System memory in use before: 200.6 MB.
System memory in use after: 190.1 MB.

Unloading 73 unused Assets to reduce memory usage. Loaded Objects now: 1962.
Total: 14.054629 ms (FindLiveObjects: 0.284297 ms CreateObjectMapping: 0.067493 ms MarkObjects: 1.677799 ms  DeleteObjects: 12.023586 ms)

========================================================================
Received Prepare
Registering precompiled user dll's ...
Registered in 0.000417 seconds.
Begin MonoManager ReloadAssembly
Native extension for OSXStandalone target not found
Refreshing native plugins compatible for Editor in 0.36 ms, found 1 plugins.
Preloading 0 native plugins for Editor in 0.00 ms.
Mono: successfully reloaded assembly
- Completed reload, in  1.058 seconds
Platform modules already initialized, skipping
Refreshing native plugins compatible for Editor in 0.48 ms, found 1 plugins.
Preloading 0 native plugins for Editor in 0.00 ms.
Unloading 1388 Unused Serialized files (Serialized files now loaded: 0)
System memory in use before: 200.7 MB.
System memory in use after: 190.3 MB.

Unloading 73 unused Assets to reduce memory usage. Loaded Objects now: 1965.
Total: 13.535447 ms (FindLiveObjects: 0.243650 ms CreateObjectMapping: 0.055722 ms MarkObjects: 1.502726 ms  DeleteObjects: 11.732054 ms)

========================================================================
Received Prepare
Registering precompiled user dll's ...
Registered in 0.000419 seconds.
Begin MonoManager ReloadAssembly
Native extension for OSXStandalone target not found
Refreshing native plugins compatible for Editor in 0.24 ms, found 1 plugins.
Preloading 0 native plugins for Editor in 0.00 ms.
Mono: successfully reloaded assembly
- Completed reload, in  0.977 seconds
Platform modules already initialized, skipping
Refreshing native plugins compatible for Editor in 0.30 ms, found 1 plugins.
Preloading 0 native plugins for Editor in 0.00 ms.
Unloading 1388 Unused Serialized files (Serialized files now loaded: 0)
System memory in use before: 201.0 MB.
System memory in use after: 190.6 MB.

Unloading 73 unused Assets to reduce memory usage. Loaded Objects now: 1968.
Total: 15.072996 ms (FindLiveObjects: 0.285358 ms CreateObjectMapping: 0.068664 ms MarkObjects: 2.595940 ms  DeleteObjects: 12.121376 ms)

========================================================================
Received Prepare
Registering precompiled user dll's ...
Registered in 0.000368 seconds.
Begin MonoManager ReloadAssembly
Native extension for OSXStandalone target not found
Refreshing native plugins compatible for Editor in 0.24 ms, found 1 plugins.
Preloading 0 native plugins for Editor in 0.00 ms.
Mono: successfully reloaded assembly
- Completed reload, in  0.989 seconds
Platform modules already initialized, skipping
Refreshing native plugins compatible for Editor in 0.25 ms, found 1 plugins.
Preloading 0 native plugins for Editor in 0.00 ms.
Unloading 1388 Unused Serialized files (Serialized files now loaded: 0)
System memory in use before: 201.1 MB.
System memory in use after: 190.8 MB.

Unloading 73 unused Assets to reduce memory usage. Loaded Objects now: 1971.
Total: 14.582931 ms (FindLiveObjects: 0.310931 ms CreateObjectMapping: 0.079304 ms MarkObjects: 2.050611 ms  DeleteObjects: 12.140459 ms)

========================================================================
Received Prepare
Registering precompiled user dll's ...
Registered in 0.000400 seconds.
Begin MonoManager ReloadAssembly
Native extension for OSXStandalone target not found
Refreshing native plugins compatible for Editor in 0.23 ms, found 1 plugins.
Preloading 0 native plugins for Editor in 0.00 ms.
Mono: successfully reloaded assembly
- Completed reload, in  1.044 seconds
Platform modules already initialized, skipping
Refreshing native plugins compatible for Editor in 0.24 ms, found 1 plugins.
Preloading 0 native plugins for Editor in 0.00 ms.
Unloading 1388 Unused Serialized files (Serialized files now loaded: 0)
System memory in use before: 201.5 MB.
System memory in use after: 191.1 MB.

Unloading 73 unused Assets to reduce memory usage. Loaded Objects now: 1974.
Total: 13.457885 ms (FindLiveObjects: 0.332407 ms CreateObjectMapping: 0.085061 ms MarkObjects: 1.669884 ms  DeleteObjects: 11.369177 ms)

========================================================================
Received Prepare
Registering precompiled user dll's ...
Registered in 0.093304 seconds.
Begin MonoManager ReloadAssembly
Native extension for OSXStandalone target not found
Refreshing native plugins compatible for Editor in 0.24 ms, found 1 plugins.
Preloading 0 native plugins for Editor in 0.00 ms.
Mono: successfully reloaded assembly
- Completed reload, in  1.604 seconds
Platform modules already initialized, skipping
Refreshing native plugins compatible for Editor in 0.32 ms, found 1 plugins.
Preloading 0 native plugins for Editor in 0.00 ms.
Unloading 1388 Unused Serialized files (Serialized files now loaded: 0)
System memory in use before: 201.7 MB.
System memory in use after: 191.3 MB.

Unloading 73 unused Assets to reduce memory usage. Loaded Objects now: 1977.
Total: 13.293909 ms (FindLiveObjects: 0.283264 ms CreateObjectMapping: 0.071250 ms MarkObjects: 1.915453 ms  DeleteObjects: 11.022300 ms)

========================================================================
Received Import Request.
  Time since last request: 2344.301912 seconds.
  path: Assets/Motions/Game_Motion_Idle_Woman.fbx
  artifactKey: Guid(2b0755a14299c4bbaad2a00cf771749a) Importer(815301076,1909f56bfc062723c751e8b465ee728b)
Start importing Assets/Motions/Game_Motion_Idle_Woman.fbx using Guid(2b0755a14299c4bbaad2a00cf771749a) Importer(815301076,1909f56bfc062723c751e8b465ee728b)  -> (artifact id: 'ee8a0ae81ce2d78efa0db5d70497e3e6') in 0.539149 seconds
  Import took 0.620852 seconds .

========================================================================
Received Import Request.
  Time since last request: 0.000302 seconds.
  path: Assets/Motions/Game_Motion_Jump.fbx
  artifactKey: Guid(ca7feb066495b4218badb4bdbd7e243f) Importer(815301076,1909f56bfc062723c751e8b465ee728b)
Start importing Assets/Motions/Game_Motion_Jump.fbx using Guid(ca7feb066495b4218badb4bdbd7e243f) Importer(815301076,1909f56bfc062723c751e8b465ee728b)  -> (artifact id: '5f4b9c38b0c8d3676fee61bc056fd180') in 0.233250 seconds
  Import took 0.250047 seconds .

