Using pre-set license

 COMMAND LINE ARGUMENTS:
/Applications/Unity/2020.3.7f1/Unity.app/Contents/MacOS/Unity
-adb2
-batchMode
-noUpm
-name
AssetImportWorker0
-projectPath
/Users/a403/Unity_Workspace/AWS_Project
-logFile
Logs/AssetImportWorker0.log
-srvPort
51267
Successfully changed project path to: /Users/a403/Unity_Workspace/AWS_Project
/Users/a403/Unity_Workspace/AWS_Project
Using Asset Import Pipeline V2.
Refreshing native plugins compatible for Editor in 48.95 ms, found 1 plugins.
Preloading 0 native plugins for Editor in 0.00 ms.
Initialize engine version: 2020.3.7f1 (dd97f2c94397)
[Subsystems] Discovering subsystems at path /Applications/Unity/2020.3.7f1/Unity.app/Contents/Resources/UnitySubsystems
[Subsystems] Discovering subsystems at path /Users/a403/Unity_Workspace/AWS_Project/Assets
GfxDevice: creating device client; threaded=0
2021-06-24 13:29:13.686 Unity[4494:107845] iMac preferred device: AMD Radeon Pro 5700 XT (high power)
2021-06-24 13:29:13.687 Unity[4494:107845] Metal devices available: 1
2021-06-24 13:29:13.687 Unity[4494:107845] 0: AMD Radeon Pro 5700 XT (high power)
2021-06-24 13:29:13.687 Unity[4494:107845] Using device AMD Radeon Pro 5700 XT (high power)
Initializing Metal device caps: AMD Radeon Pro 5700 XT
Initialize mono
Mono path[0] = '/Applications/Unity/2020.3.7f1/Unity.app/Contents/Managed'
Mono path[1] = '/Applications/Unity/2020.3.7f1/Unity.app/Contents/MonoBleedingEdge/lib/mono/unityjit'
Mono config path = '/Applications/Unity/2020.3.7f1/Unity.app/Contents/MonoBleedingEdge/etc'
Using monoOptions --debugger-agent=transport=dt_socket,embedding=1,server=y,suspend=n,address=127.0.0.1:56494
Begin MonoManager ReloadAssembly
Registering precompiled unity dll's ...
Register platform support module: /Applications/Unity/2020.3.7f1/Unity.app/Contents/PlaybackEngines/MacStandaloneSupport/UnityEditor.OSXStandalone.Extensions.dll
Registered in 0.000387 seconds.
Native extension for OSXStandalone target not found
Refreshing native plugins compatible for Editor in 25.07 ms, found 1 plugins.
Preloading 0 native plugins for Editor in 0.00 ms.
Mono: successfully reloaded assembly
- Completed reload, in  2.152 seconds
Platform modules already initialized, skipping
Registering precompiled user dll's ...
Registered in 0.029643 seconds.
Begin MonoManager ReloadAssembly
Native extension for OSXStandalone target not found
Refreshing native plugins compatible for Editor in 1.26 ms, found 1 plugins.
Preloading 0 native plugins for Editor in 0.00 ms.
Mono: successfully reloaded assembly
- Completed reload, in  2.285 seconds
Platform modules already initialized, skipping
========================================================================
Worker process is ready to serve import requests
Launching external process: /Applications/Unity/2020.3.7f1/Unity.app/Contents/Tools/UnityShaderCompiler
Launched and connected shader compiler UnityShaderCompiler after 0.01 seconds
Refreshing native plugins compatible for Editor in 1.16 ms, found 1 plugins.
Preloading 0 native plugins for Editor in 0.00 ms.
Unloading 1728 Unused Serialized files (Serialized files now loaded: 0)
System memory in use before: 0.71 GB.
System memory in use after: 0.70 GB.

Unloading 366 unused Assets to reduce memory usage. Loaded Objects now: 1819.
Total: 12.911277 ms (FindLiveObjects: 0.256501 ms CreateObjectMapping: 0.100435 ms MarkObjects: 2.031120 ms  DeleteObjects: 10.521927 ms)

========================================================================
Received Import Request.
  path: Assets/Flore1_Nomal.jpg
  artifactKey: Guid(c222f2f8364ea45988900c43c073c226) Importer(815301076,1909f56bfc062723c751e8b465ee728b)
Start importing Assets/Flore1_Nomal.jpg using Guid(c222f2f8364ea45988900c43c073c226) Importer(815301076,1909f56bfc062723c751e8b465ee728b)  -> (artifact id: '40ea96824d0d8030f413e5afdd1b58d8') in 0.672966 seconds
  Import took 0.675490 seconds .

========================================================================
Received Import Request.
  Time since last request: 0.000174 seconds.
  path: Assets/Flore1.jpg
  artifactKey: Guid(a0c85ebddc0d84ad99a1579add085570) Importer(815301076,1909f56bfc062723c751e8b465ee728b)
Start importing Assets/Flore1.jpg using Guid(a0c85ebddc0d84ad99a1579add085570) Importer(815301076,1909f56bfc062723c751e8b465ee728b)  -> (artifact id: 'd41db7513c39947b43e1fcc284ba8d56') in 0.006265 seconds
  Import took 0.007918 seconds .

========================================================================
Received Import Request.
  Time since last request: 0.000129 seconds.
  path: Assets/Player_Woman.prefab
  artifactKey: Guid(76678ba1fc2bc4f2fb3d75b86747f19c) Importer(815301076,1909f56bfc062723c751e8b465ee728b)
Start importing Assets/Player_Woman.prefab using Guid(76678ba1fc2bc4f2fb3d75b86747f19c) Importer(815301076,1909f56bfc062723c751e8b465ee728b)  -> (artifact id: 'ce216956a9e94c21ac7f7643de1bfea9') in 0.867423 seconds
  Import took 0.869596 seconds .

========================================================================
Received Import Request.
  Time since last request: 0.000153 seconds.
  path: Assets/Player_Man.prefab
  artifactKey: Guid(115a6ffa360394d63b951d9a7b149d1e) Importer(815301076,1909f56bfc062723c751e8b465ee728b)
Start importing Assets/Player_Man.prefab using Guid(115a6ffa360394d63b951d9a7b149d1e) Importer(815301076,1909f56bfc062723c751e8b465ee728b)  -> (artifact id: '4cf0d3986e19eeb9524353db5c40c3a3') in 0.042673 seconds
  Import took 0.044916 seconds .

========================================================================
Received Import Request.
  Time since last request: 27.200943 seconds.
  path: Assets/Resources/DOTweenSettings.asset
  artifactKey: Guid(bcff62b1860024946bb53acaecf0dd98) Importer(815301076,1909f56bfc062723c751e8b465ee728b)
Start importing Assets/Resources/DOTweenSettings.asset using Guid(bcff62b1860024946bb53acaecf0dd98) Importer(815301076,1909f56bfc062723c751e8b465ee728b)  -> (artifact id: '7f0e095ce526eb1cde81dc84948d2f73') in 0.205248 seconds
  Import took 0.207366 seconds .

========================================================================
Received Import Request.
  Time since last request: 7.399867 seconds.
  path: Assets/MyAssets/Scripts/AWSCognitoIDs.cs
  artifactKey: Guid(edccc366937f0470d84d13a5cd308529) Importer(815301076,1909f56bfc062723c751e8b465ee728b)
Start importing Assets/MyAssets/Scripts/AWSCognitoIDs.cs using Guid(edccc366937f0470d84d13a5cd308529) Importer(815301076,1909f56bfc062723c751e8b465ee728b)  -> (artifact id: '53ffb392d3aea9a3a86109144f30b795') in 0.231544 seconds
  Import took 0.233664 seconds .

========================================================================
Received Import Request.
  Time since last request: 0.601583 seconds.
  path: Assets/MyAssets/Scripts/CameraController.cs
  artifactKey: Guid(70c365b6075b74c8a84958831c83b9b0) Importer(815301076,1909f56bfc062723c751e8b465ee728b)
Start importing Assets/MyAssets/Scripts/CameraController.cs using Guid(70c365b6075b74c8a84958831c83b9b0) Importer(815301076,1909f56bfc062723c751e8b465ee728b)  -> (artifact id: 'ab064916db5b49cae1ae324fde16bda3') in 0.002641 seconds
  Import took 0.004410 seconds .

========================================================================
Received Import Request.
  Time since last request: 0.433230 seconds.
  path: Assets/MyAssets/Scripts/charController.cs
  artifactKey: Guid(5e8bb670cc3b140f3a4c1d21c25aec4c) Importer(815301076,1909f56bfc062723c751e8b465ee728b)
Start importing Assets/MyAssets/Scripts/charController.cs using Guid(5e8bb670cc3b140f3a4c1d21c25aec4c) Importer(815301076,1909f56bfc062723c751e8b465ee728b)  -> (artifact id: 'c66aff6f64de2c0e60ee90c0ebfa9c57') in 0.002366 seconds
  Import took 0.004093 seconds .

========================================================================
Received Import Request.
  Time since last request: 0.453457 seconds.
  path: Assets/MyAssets/Scripts/charController.cs
  artifactKey: Guid(5e8bb670cc3b140f3a4c1d21c25aec4c) Importer(815301076,1909f56bfc062723c751e8b465ee728b)
Start importing Assets/MyAssets/Scripts/charController.cs using Guid(5e8bb670cc3b140f3a4c1d21c25aec4c) Importer(815301076,1909f56bfc062723c751e8b465ee728b)  -> (artifact id: 'c66aff6f64de2c0e60ee90c0ebfa9c57') in 0.003127 seconds
  Import took 0.005739 seconds .

========================================================================
Received Import Request.
  Time since last request: 0.048908 seconds.
  path: Assets/MyAssets/Scripts/HelpUIController.cs
  artifactKey: Guid(9118a7f7a80e04eb79c6ca6f17c37eb8) Importer(815301076,1909f56bfc062723c751e8b465ee728b)
Start importing Assets/MyAssets/Scripts/HelpUIController.cs using Guid(9118a7f7a80e04eb79c6ca6f17c37eb8) Importer(815301076,1909f56bfc062723c751e8b465ee728b)  -> (artifact id: 'f227bec576d06e7844ff25d5ef9f1eeb') in 0.002316 seconds
  Import took 0.004118 seconds .

========================================================================
Received Import Request.
  Time since last request: 1.317338 seconds.
  path: Assets/MyAssets/Scripts/LogoutUIController.cs
  artifactKey: Guid(ffaf5c2c50e7f435cb13ebb4a3fc7682) Importer(815301076,1909f56bfc062723c751e8b465ee728b)
Start importing Assets/MyAssets/Scripts/LogoutUIController.cs using Guid(ffaf5c2c50e7f435cb13ebb4a3fc7682) Importer(815301076,1909f56bfc062723c751e8b465ee728b)  -> (artifact id: '3cede7a482fb2fdca10830c0d755fa20') in 0.002508 seconds
  Import took 0.004331 seconds .

========================================================================
Received Import Request.
  Time since last request: 0.761236 seconds.
  path: Assets/MyAssets/Scripts/PlayMenuController.cs
  artifactKey: Guid(439633bd3861943ff8160025a3668956) Importer(815301076,1909f56bfc062723c751e8b465ee728b)
Start importing Assets/MyAssets/Scripts/PlayMenuController.cs using Guid(439633bd3861943ff8160025a3668956) Importer(815301076,1909f56bfc062723c751e8b465ee728b)  -> (artifact id: '2fb29efb2f99083fd307f3b514a934d7') in 0.002464 seconds
  Import took 0.004225 seconds .

========================================================================
Received Import Request.
  Time since last request: 0.001515 seconds.
  path: Assets/MyAssets/Scripts/PlayMenuController.cs
  artifactKey: Guid(439633bd3861943ff8160025a3668956) Importer(815301076,1909f56bfc062723c751e8b465ee728b)
Start importing Assets/MyAssets/Scripts/PlayMenuController.cs using Guid(439633bd3861943ff8160025a3668956) Importer(815301076,1909f56bfc062723c751e8b465ee728b)  -> (artifact id: '2fb29efb2f99083fd307f3b514a934d7') in 0.002422 seconds
  Import took 0.004110 seconds .

========================================================================
Received Import Request.
  Time since last request: 0.673932 seconds.
  path: Assets/MyAssets/Scripts/PlayUIController.cs
  artifactKey: Guid(516c796d834324eebb186fe4e0b9c0a1) Importer(815301076,1909f56bfc062723c751e8b465ee728b)
Start importing Assets/MyAssets/Scripts/PlayUIController.cs using Guid(516c796d834324eebb186fe4e0b9c0a1) Importer(815301076,1909f56bfc062723c751e8b465ee728b)  -> (artifact id: 'da87509c2ef4c288f997b1d1791daa92') in 0.002455 seconds
  Import took 0.004232 seconds .

========================================================================
Received Import Request.
  Time since last request: 0.683010 seconds.
  path: Assets/MyAssets/Scripts/targetController.cs
  artifactKey: Guid(f34cdbc473ecf4092892e0ccca9b4378) Importer(815301076,1909f56bfc062723c751e8b465ee728b)
Start importing Assets/MyAssets/Scripts/targetController.cs using Guid(f34cdbc473ecf4092892e0ccca9b4378) Importer(815301076,1909f56bfc062723c751e8b465ee728b)  -> (artifact id: 'efe07a184ee8b4ff023c6a443d1d016b') in 0.002894 seconds
  Import took 0.004957 seconds .

========================================================================
Received Import Request.
  Time since last request: 0.522436 seconds.
  path: Assets/MyAssets/Scripts/TitleUIController.cs
  artifactKey: Guid(bbb0e4f9d0d9449278b28f5da3a8f83f) Importer(815301076,1909f56bfc062723c751e8b465ee728b)
Start importing Assets/MyAssets/Scripts/TitleUIController.cs using Guid(bbb0e4f9d0d9449278b28f5da3a8f83f) Importer(815301076,1909f56bfc062723c751e8b465ee728b)  -> (artifact id: '8d511813e2794202b395e347f827221e') in 0.002860 seconds
  Import took 0.004603 seconds .

========================================================================
Received Import Request.
  Time since last request: 69.910561 seconds.
  path: Assets/MyAssets/Resources/Edit_Model.prefab
  artifactKey: Guid(3965ba4942c6c427193bc0f97f2c3a16) Importer(815301076,1909f56bfc062723c751e8b465ee728b)
Start importing Assets/MyAssets/Resources/Edit_Model.prefab using Guid(3965ba4942c6c427193bc0f97f2c3a16) Importer(815301076,1909f56bfc062723c751e8b465ee728b)  -> (artifact id: 'bad3c7616c5d1077972c2e150297fe99') in 0.015283 seconds
  Import took 0.017241 seconds .

========================================================================
Received Import Request.
  Time since last request: 0.000152 seconds.
  path: Assets/MyAssets/Resources/EditUI_Wall.prefab
  artifactKey: Guid(f9198ff0b1dfb4079aafdf8edd4ab032) Importer(815301076,1909f56bfc062723c751e8b465ee728b)
Start importing Assets/MyAssets/Resources/EditUI_Wall.prefab using Guid(f9198ff0b1dfb4079aafdf8edd4ab032) Importer(815301076,1909f56bfc062723c751e8b465ee728b)  -> (artifact id: '970adf47a75b0bc377a6ec225970d349') in 0.003788 seconds
  Import took 0.005221 seconds .

========================================================================
Received Import Request.
  Time since last request: 0.000201 seconds.
  path: Assets/MyAssets/Resources/Logout.prefab
  artifactKey: Guid(af1669655ba63438abde0a0774ab081f) Importer(815301076,1909f56bfc062723c751e8b465ee728b)
Start importing Assets/MyAssets/Resources/Logout.prefab using Guid(af1669655ba63438abde0a0774ab081f) Importer(815301076,1909f56bfc062723c751e8b465ee728b)  -> (artifact id: 'ff35a74ee7741304590aa22b9d0a9760') in 0.009721 seconds
  Import took 0.011509 seconds .

========================================================================
Received Import Request.
  Time since last request: 0.000142 seconds.
  path: Assets/MyAssets/Resources/EditUI_Flore.prefab
  artifactKey: Guid(3f8d7e220881e4fd0ab087a512483dd6) Importer(815301076,1909f56bfc062723c751e8b465ee728b)
Start importing Assets/MyAssets/Resources/EditUI_Flore.prefab using Guid(3f8d7e220881e4fd0ab087a512483dd6) Importer(815301076,1909f56bfc062723c751e8b465ee728b)  -> (artifact id: '7e1ef82a6976b3399c65e7201c2ece7c') in 0.004064 seconds
  Import took 0.005670 seconds .

========================================================================
Received Import Request.
  Time since last request: 0.000127 seconds.
  path: Assets/MyAssets/Resources/Player_Man.prefab
  artifactKey: Guid(f1e70f08d8cd540f5a16d74af2409137) Importer(815301076,1909f56bfc062723c751e8b465ee728b)
Start importing Assets/MyAssets/Resources/Player_Man.prefab using Guid(f1e70f08d8cd540f5a16d74af2409137) Importer(815301076,1909f56bfc062723c751e8b465ee728b)  -> (artifact id: 'c66cf5b14070daeccdb05eb9f079b03a') in 0.018571 seconds
  Import took 0.020644 seconds .

========================================================================
Received Import Request.
  Time since last request: 0.000136 seconds.
  path: Assets/MyAssets/Resources/PlayMenu.prefab
  artifactKey: Guid(4285e4fc30c094adebe5d20c6eddf44f) Importer(815301076,1909f56bfc062723c751e8b465ee728b)
Start importing Assets/MyAssets/Resources/PlayMenu.prefab using Guid(4285e4fc30c094adebe5d20c6eddf44f) Importer(815301076,1909f56bfc062723c751e8b465ee728b)  -> (artifact id: '3ae0846e403ef987bdeeafbe8a022a23') in 0.005115 seconds
  Import took 0.007022 seconds .

========================================================================
Received Import Request.
  Time since last request: 0.000157 seconds.
  path: Assets/MyAssets/Resources/LoginUI.prefab
  artifactKey: Guid(244cd52e532a0473fb6b13f67d00dc49) Importer(815301076,1909f56bfc062723c751e8b465ee728b)
Start importing Assets/MyAssets/Resources/LoginUI.prefab using Guid(244cd52e532a0473fb6b13f67d00dc49) Importer(815301076,1909f56bfc062723c751e8b465ee728b)  -> (artifact id: '27cac8f2fd0100321f9bcb0c8d59dade') in 0.010241 seconds
  Import took 0.011999 seconds .

========================================================================
Received Import Request.
  Time since last request: 0.000131 seconds.
  path: Assets/MyAssets/Resources/Wall3.jpg
  artifactKey: Guid(2ef3506c301384a6ca07d3ea04828cc5) Importer(815301076,1909f56bfc062723c751e8b465ee728b)
Start importing Assets/MyAssets/Resources/Wall3.jpg using Guid(2ef3506c301384a6ca07d3ea04828cc5) Importer(815301076,1909f56bfc062723c751e8b465ee728b)  -> (artifact id: '24e17bb40d3373b740e9907e63978d41') in 0.019012 seconds
  Import took 0.020740 seconds .

========================================================================
Received Import Request.
  Time since last request: 0.000126 seconds.
  path: Assets/MyAssets/Resources/Wall1.jpg
  artifactKey: Guid(488f6f4d00d90434889ee82863bdcb02) Importer(815301076,1909f56bfc062723c751e8b465ee728b)
Start importing Assets/MyAssets/Resources/Wall1.jpg using Guid(488f6f4d00d90434889ee82863bdcb02) Importer(815301076,1909f56bfc062723c751e8b465ee728b)  -> (artifact id: '333eaf3f4d98f15eccee3f9d45f3781e') in 0.009551 seconds
  Import took 0.011153 seconds .

========================================================================
Received Import Request.
  Time since last request: 0.000134 seconds.
  path: Assets/MyAssets/Resources/woman.prefab
  artifactKey: Guid(f5882b0955e484f9bb53a0d6e7095324) Importer(815301076,1909f56bfc062723c751e8b465ee728b)
Start importing Assets/MyAssets/Resources/woman.prefab using Guid(f5882b0955e484f9bb53a0d6e7095324) Importer(815301076,1909f56bfc062723c751e8b465ee728b)  -> (artifact id: '1822e04fe38b8923de10e4eaabba339f') in 0.022200 seconds
  Import took 0.024390 seconds .

========================================================================
Received Import Request.
  Time since last request: 0.000141 seconds.
  path: Assets/MyAssets/Resources/Help.prefab
  artifactKey: Guid(acc5ad7bd5fe54d70871a9682f2d5807) Importer(815301076,1909f56bfc062723c751e8b465ee728b)
Start importing Assets/MyAssets/Resources/Help.prefab using Guid(acc5ad7bd5fe54d70871a9682f2d5807) Importer(815301076,1909f56bfc062723c751e8b465ee728b)  -> (artifact id: 'b2d1bd71130b09fa0a08034cbcb1d79c') in 0.022118 seconds
  Import took 0.024380 seconds .

========================================================================
Received Import Request.
  Time since last request: 0.000208 seconds.
  path: Assets/MyAssets/Resources/Wall2.jpg
  artifactKey: Guid(4ae20ccfff5744be69b55a75eabcebde) Importer(815301076,1909f56bfc062723c751e8b465ee728b)
Start importing Assets/MyAssets/Resources/Wall2.jpg using Guid(4ae20ccfff5744be69b55a75eabcebde) Importer(815301076,1909f56bfc062723c751e8b465ee728b)  -> (artifact id: '4dd31f8fbc52b5b154d2294932aed136') in 0.010860 seconds
  Import took 0.012814 seconds .

========================================================================
Received Import Request.
  Time since last request: 0.000136 seconds.
  path: Assets/MyAssets/Resources/SettingUI.prefab
  artifactKey: Guid(6b1f80cbcf53f443585e11a941b12417) Importer(815301076,1909f56bfc062723c751e8b465ee728b)
Start importing Assets/MyAssets/Resources/SettingUI.prefab using Guid(6b1f80cbcf53f443585e11a941b12417) Importer(815301076,1909f56bfc062723c751e8b465ee728b)  -> (artifact id: '52d2788ae66d17d0df9b2d15dbf29af1') in 0.004701 seconds
  Import took 0.006210 seconds .

========================================================================
Received Import Request.
  Time since last request: 0.000116 seconds.
  path: Assets/MyAssets/Resources/SignUpUI.prefab
  artifactKey: Guid(98b8e728b7483419fb7d87ef0946685c) Importer(815301076,1909f56bfc062723c751e8b465ee728b)
Start importing Assets/MyAssets/Resources/SignUpUI.prefab using Guid(98b8e728b7483419fb7d87ef0946685c) Importer(815301076,1909f56bfc062723c751e8b465ee728b)  -> (artifact id: '7eaf1d5c1a3b0a870f0da0248dbbd0de') in 0.018409 seconds
  Import took 0.020311 seconds .

========================================================================
Received Import Request.
  Time since last request: 0.000135 seconds.
  path: Assets/MyAssets/Resources/WallMaterial.mat
  artifactKey: Guid(f6df8c61b0a524e3e96a4ea12f2d5823) Importer(815301076,1909f56bfc062723c751e8b465ee728b)
Start importing Assets/MyAssets/Resources/WallMaterial.mat using Guid(f6df8c61b0a524e3e96a4ea12f2d5823) Importer(815301076,1909f56bfc062723c751e8b465ee728b)  -> (artifact id: '5f76588fcfc67036e759f330ef128db1') in 0.294639 seconds
  Import took 0.297061 seconds .

========================================================================
Received Import Request.
  Time since last request: 0.000211 seconds.
  path: Assets/MyAssets/Resources/Flore2.jpg
  artifactKey: Guid(9788844d99078447a94ddcc8c05e1b1c) Importer(815301076,1909f56bfc062723c751e8b465ee728b)
Start importing Assets/MyAssets/Resources/Flore2.jpg using Guid(9788844d99078447a94ddcc8c05e1b1c) Importer(815301076,1909f56bfc062723c751e8b465ee728b)  -> (artifact id: '92a5c0502f1c2c3d9430e14257442aa4') in 0.007665 seconds
  Import took 0.010048 seconds .

========================================================================
Received Import Request.
  Time since last request: 0.000182 seconds.
  path: Assets/MyAssets/Resources/Flore1.jpg
  artifactKey: Guid(c4e44daa4a5b04671bed1b4d3200b2f5) Importer(815301076,1909f56bfc062723c751e8b465ee728b)
Start importing Assets/MyAssets/Resources/Flore1.jpg using Guid(c4e44daa4a5b04671bed1b4d3200b2f5) Importer(815301076,1909f56bfc062723c751e8b465ee728b)  -> (artifact id: '352041eb54ede75f74cbcd80a89d1c03') in 0.010210 seconds
  Import took 0.012324 seconds .

========================================================================
Received Import Request.
  Time since last request: 0.000262 seconds.
  path: Assets/MyAssets/Resources/Flore3.jpg
  artifactKey: Guid(a54a6418debf5413386a4d36ebc57924) Importer(815301076,1909f56bfc062723c751e8b465ee728b)
Start importing Assets/MyAssets/Resources/Flore3.jpg using Guid(a54a6418debf5413386a4d36ebc57924) Importer(815301076,1909f56bfc062723c751e8b465ee728b)  -> (artifact id: 'ace2a6764563e160c1b4d334a31ac832') in 0.007920 seconds
  Import took 0.009878 seconds .

========================================================================
Received Import Request.
  Time since last request: 0.000160 seconds.
  path: Assets/MyAssets/Resources/man.prefab
  artifactKey: Guid(237476d27e5264335a51cf8f2a1ca6b2) Importer(815301076,1909f56bfc062723c751e8b465ee728b)
Start importing Assets/MyAssets/Resources/man.prefab using Guid(237476d27e5264335a51cf8f2a1ca6b2) Importer(815301076,1909f56bfc062723c751e8b465ee728b)  -> (artifact id: '3720baeed3cddff86e37360ea75a3f72') in 0.023289 seconds
  Import took 0.025565 seconds .

========================================================================
Received Import Request.
  Time since last request: 0.000138 seconds.
  path: Assets/MyAssets/Resources/FloreMaterial.mat
  artifactKey: Guid(3ffb45a9756494ec2a079d61a58516cb) Importer(815301076,1909f56bfc062723c751e8b465ee728b)
Start importing Assets/MyAssets/Resources/FloreMaterial.mat using Guid(3ffb45a9756494ec2a079d61a58516cb) Importer(815301076,1909f56bfc062723c751e8b465ee728b)  -> (artifact id: 'aa006f3e34f9615481261c17e11ae5ac') in 0.145053 seconds
  Import took 0.146748 seconds .

========================================================================
Received Import Request.
  Time since last request: 0.000144 seconds.
  path: Assets/MyAssets/Resources/LogoutUI.prefab
  artifactKey: Guid(e759d4b9830c54754bf5bed3a1774ab9) Importer(815301076,1909f56bfc062723c751e8b465ee728b)
Start importing Assets/MyAssets/Resources/LogoutUI.prefab using Guid(e759d4b9830c54754bf5bed3a1774ab9) Importer(815301076,1909f56bfc062723c751e8b465ee728b)  -> (artifact id: 'a41bccca25f677dd42ed8996b77071df') in 0.002577 seconds
  Import took 0.004232 seconds .

========================================================================
Received Import Request.
  Time since last request: 0.000120 seconds.
  path: Assets/MyAssets/Resources/Private_chat.prefab
  artifactKey: Guid(022290af0eb424eab800d856a6fd7e1c) Importer(815301076,1909f56bfc062723c751e8b465ee728b)
Start importing Assets/MyAssets/Resources/Private_chat.prefab using Guid(022290af0eb424eab800d856a6fd7e1c) Importer(815301076,1909f56bfc062723c751e8b465ee728b)  -> (artifact id: '90b8cc0ea04de3837ce3d46d67f41f71') in 0.002465 seconds
  Import took 0.003976 seconds .

========================================================================
Received Import Request.
  Time since last request: 0.000361 seconds.
  path: Assets/MyAssets/Resources/InputChat.prefab
  artifactKey: Guid(ebd87005009ff4a79aec7673c2171ebf) Importer(815301076,1909f56bfc062723c751e8b465ee728b)
Start importing Assets/MyAssets/Resources/InputChat.prefab using Guid(ebd87005009ff4a79aec7673c2171ebf) Importer(815301076,1909f56bfc062723c751e8b465ee728b)  -> (artifact id: '89956502a975b23c565ec176dbfc6000') in 0.002448 seconds
  Import took 0.003895 seconds .

========================================================================
Received Import Request.
  Time since last request: 0.000134 seconds.
  path: Assets/MyAssets/Resources/Player_Woman.prefab
  artifactKey: Guid(bc32d992b4c3145e3a9b395581194c1d) Importer(815301076,1909f56bfc062723c751e8b465ee728b)
Start importing Assets/MyAssets/Resources/Player_Woman.prefab using Guid(bc32d992b4c3145e3a9b395581194c1d) Importer(815301076,1909f56bfc062723c751e8b465ee728b)  -> (artifact id: 'e774813c8ef3089b264019a85401c941') in 0.009222 seconds
  Import took 0.011057 seconds .

========================================================================
Received Import Request.
  Time since last request: 7.722570 seconds.
  path: Assets/MyAssets/Scene/Title.unity
  artifactKey: Guid(496cc46064f72474cbd47e23e54fe010) Importer(815301076,1909f56bfc062723c751e8b465ee728b)
Start importing Assets/MyAssets/Scene/Title.unity using Guid(496cc46064f72474cbd47e23e54fe010) Importer(815301076,1909f56bfc062723c751e8b465ee728b)  -> (artifact id: '93bbb54731afa8f1c2af48652d081946') in 0.001354 seconds
  Import took 0.003096 seconds .

========================================================================
Received Prepare
Registering precompiled user dll's ...
Registered in 0.029100 seconds.
Begin MonoManager ReloadAssembly
Native extension for OSXStandalone target not found
Refreshing native plugins compatible for Editor in 1.30 ms, found 1 plugins.
Preloading 0 native plugins for Editor in 0.00 ms.
Mono: successfully reloaded assembly
- Completed reload, in  2.350 seconds
Platform modules already initialized, skipping
Refreshing native plugins compatible for Editor in 1.31 ms, found 1 plugins.
Preloading 0 native plugins for Editor in 0.00 ms.
Unloading 1690 Unused Serialized files (Serialized files now loaded: 0)
System memory in use before: 0.75 GB.
System memory in use after: 0.74 GB.

Unloading 367 unused Assets to reduce memory usage. Loaded Objects now: 1873.
Total: 12.212944 ms (FindLiveObjects: 0.257846 ms CreateObjectMapping: 0.092361 ms MarkObjects: 1.853155 ms  DeleteObjects: 10.008581 ms)

========================================================================
Received Import Request.
  Time since last request: 1366.789007 seconds.
  path: Assets/MyAssets/Resources/Player_Man.prefab
  artifactKey: Guid(f1e70f08d8cd540f5a16d74af2409137) Importer(815301076,1909f56bfc062723c751e8b465ee728b)
Start importing Assets/MyAssets/Resources/Player_Man.prefab using Guid(f1e70f08d8cd540f5a16d74af2409137) Importer(815301076,1909f56bfc062723c751e8b465ee728b)  -> (artifact id: '066dc78cce32ed72238af1bf5de23d16') in 0.062329 seconds
  Import took 0.065205 seconds .

========================================================================
Received Import Request.
  Time since last request: 0.000147 seconds.
  path: Assets/MyAssets/Resources/PlayMenu.prefab
  artifactKey: Guid(4285e4fc30c094adebe5d20c6eddf44f) Importer(815301076,1909f56bfc062723c751e8b465ee728b)
Start importing Assets/MyAssets/Resources/PlayMenu.prefab using Guid(4285e4fc30c094adebe5d20c6eddf44f) Importer(815301076,1909f56bfc062723c751e8b465ee728b)  -> (artifact id: 'b1baff4804a8b3a409d26dbcdaf53427') in 0.015920 seconds
  Import took 0.017719 seconds .

========================================================================
Received Import Request.
  Time since last request: 0.000210 seconds.
  path: Assets/MyAssets/Resources/woman.prefab
  artifactKey: Guid(f5882b0955e484f9bb53a0d6e7095324) Importer(815301076,1909f56bfc062723c751e8b465ee728b)
Start importing Assets/MyAssets/Resources/woman.prefab using Guid(f5882b0955e484f9bb53a0d6e7095324) Importer(815301076,1909f56bfc062723c751e8b465ee728b)  -> (artifact id: '5d9377340e179552b5f0cb6d44dff194') in 0.022456 seconds
  Import took 0.024708 seconds .

========================================================================
Received Import Request.
  Time since last request: 0.000143 seconds.
  path: Assets/MyAssets/Resources/Help.prefab
  artifactKey: Guid(acc5ad7bd5fe54d70871a9682f2d5807) Importer(815301076,1909f56bfc062723c751e8b465ee728b)
Start importing Assets/MyAssets/Resources/Help.prefab using Guid(acc5ad7bd5fe54d70871a9682f2d5807) Importer(815301076,1909f56bfc062723c751e8b465ee728b)  -> (artifact id: '1eea10160bdac3c05eb0336ba0a280e5') in 0.003038 seconds
  Import took 0.004494 seconds .

========================================================================
Received Import Request.
  Time since last request: 0.000107 seconds.
  path: Assets/MyAssets/Resources/SettingUI.prefab
  artifactKey: Guid(6b1f80cbcf53f443585e11a941b12417) Importer(815301076,1909f56bfc062723c751e8b465ee728b)
Start importing Assets/MyAssets/Resources/SettingUI.prefab using Guid(6b1f80cbcf53f443585e11a941b12417) Importer(815301076,1909f56bfc062723c751e8b465ee728b)  -> (artifact id: '692283bbece48338eee29b0744aaf8c7') in 0.014561 seconds
  Import took 0.016121 seconds .

========================================================================
Received Import Request.
  Time since last request: 0.000142 seconds.
  path: Assets/MyAssets/Resources/man.prefab
  artifactKey: Guid(237476d27e5264335a51cf8f2a1ca6b2) Importer(815301076,1909f56bfc062723c751e8b465ee728b)
Start importing Assets/MyAssets/Resources/man.prefab using Guid(237476d27e5264335a51cf8f2a1ca6b2) Importer(815301076,1909f56bfc062723c751e8b465ee728b)  -> (artifact id: '7cedf5cb52a00d05dd092df309bb2622') in 0.016930 seconds
  Import took 0.019025 seconds .

========================================================================
Received Import Request.
  Time since last request: 0.000123 seconds.
  path: Assets/MyAssets/Resources/LogoutUI.prefab
  artifactKey: Guid(e759d4b9830c54754bf5bed3a1774ab9) Importer(815301076,1909f56bfc062723c751e8b465ee728b)
Start importing Assets/MyAssets/Resources/LogoutUI.prefab using Guid(e759d4b9830c54754bf5bed3a1774ab9) Importer(815301076,1909f56bfc062723c751e8b465ee728b)  -> (artifact id: '64ef8b3e01ad13a8c88ce61e03fb145c') in 0.002735 seconds
  Import took 0.004191 seconds .

========================================================================
Received Import Request.
  Time since last request: 0.000130 seconds.
  path: Assets/MyAssets/Resources/Player_Woman.prefab
  artifactKey: Guid(bc32d992b4c3145e3a9b395581194c1d) Importer(815301076,1909f56bfc062723c751e8b465ee728b)
Start importing Assets/MyAssets/Resources/Player_Woman.prefab using Guid(bc32d992b4c3145e3a9b395581194c1d) Importer(815301076,1909f56bfc062723c751e8b465ee728b)  -> (artifact id: 'a41c5ac1222ff9ba65d6cea1d2910827') in 0.008660 seconds
  Import took 0.010415 seconds .

========================================================================
Received Prepare
Registering precompiled user dll's ...
Registered in 0.029326 seconds.
Begin MonoManager ReloadAssembly
Native extension for OSXStandalone target not found
Refreshing native plugins compatible for Editor in 1.36 ms, found 1 plugins.
Preloading 0 native plugins for Editor in 0.00 ms.
Mono: successfully reloaded assembly
- Completed reload, in  2.325 seconds
Platform modules already initialized, skipping
Refreshing native plugins compatible for Editor in 1.30 ms, found 1 plugins.
Preloading 0 native plugins for Editor in 0.00 ms.
Unloading 1690 Unused Serialized files (Serialized files now loaded: 0)
System memory in use before: 0.75 GB.
System memory in use after: 0.74 GB.

Unloading 364 unused Assets to reduce memory usage. Loaded Objects now: 1877.
Total: 12.491941 ms (FindLiveObjects: 0.245339 ms CreateObjectMapping: 0.089214 ms MarkObjects: 2.002336 ms  DeleteObjects: 10.153941 ms)

========================================================================
Received Prepare
Registering precompiled user dll's ...
Registered in 0.030185 seconds.
Begin MonoManager ReloadAssembly
Native extension for OSXStandalone target not found
Refreshing native plugins compatible for Editor in 1.31 ms, found 1 plugins.
Preloading 0 native plugins for Editor in 0.00 ms.
Mono: successfully reloaded assembly
- Completed reload, in  2.382 seconds
Platform modules already initialized, skipping
Refreshing native plugins compatible for Editor in 1.36 ms, found 1 plugins.
Preloading 0 native plugins for Editor in 0.00 ms.
Unloading 1690 Unused Serialized files (Serialized files now loaded: 0)
System memory in use before: 0.75 GB.
System memory in use after: 0.74 GB.

Unloading 361 unused Assets to reduce memory usage. Loaded Objects now: 1880.
Total: 12.917814 ms (FindLiveObjects: 0.255399 ms CreateObjectMapping: 0.086238 ms MarkObjects: 2.022495 ms  DeleteObjects: 10.552638 ms)

========================================================================
Received Prepare
Registering precompiled user dll's ...
Registered in 0.029046 seconds.
Begin MonoManager ReloadAssembly
Native extension for OSXStandalone target not found
Refreshing native plugins compatible for Editor in 1.34 ms, found 1 plugins.
Preloading 0 native plugins for Editor in 0.00 ms.
Mono: successfully reloaded assembly
- Completed reload, in  2.327 seconds
Platform modules already initialized, skipping
Refreshing native plugins compatible for Editor in 1.35 ms, found 1 plugins.
Preloading 0 native plugins for Editor in 0.00 ms.
Unloading 1690 Unused Serialized files (Serialized files now loaded: 0)
System memory in use before: 0.75 GB.
System memory in use after: 0.74 GB.

Unloading 361 unused Assets to reduce memory usage. Loaded Objects now: 1883.
Total: 12.814584 ms (FindLiveObjects: 0.281976 ms CreateObjectMapping: 0.097213 ms MarkObjects: 1.883393 ms  DeleteObjects: 10.550876 ms)

========================================================================
Received Prepare
Registering precompiled user dll's ...
Registered in 0.029225 seconds.
Begin MonoManager ReloadAssembly
Native extension for OSXStandalone target not found
Refreshing native plugins compatible for Editor in 1.32 ms, found 1 plugins.
Preloading 0 native plugins for Editor in 0.00 ms.
Mono: successfully reloaded assembly
- Completed reload, in  2.279 seconds
Platform modules already initialized, skipping
Refreshing native plugins compatible for Editor in 1.30 ms, found 1 plugins.
Preloading 0 native plugins for Editor in 0.00 ms.
Unloading 1690 Unused Serialized files (Serialized files now loaded: 0)
System memory in use before: 0.75 GB.
System memory in use after: 0.74 GB.

Unloading 361 unused Assets to reduce memory usage. Loaded Objects now: 1886.
Total: 12.952004 ms (FindLiveObjects: 0.258633 ms CreateObjectMapping: 0.093139 ms MarkObjects: 1.913226 ms  DeleteObjects: 10.685554 ms)

========================================================================
Received Import Request.
  Time since last request: 2146.439458 seconds.
  path: Assets/MyAssets/Images/Chat.png
  artifactKey: Guid(623d485c4460d42dfb7374a41cd2b5ad) Importer(815301076,1909f56bfc062723c751e8b465ee728b)
Start importing Assets/MyAssets/Images/Chat.png using Guid(623d485c4460d42dfb7374a41cd2b5ad) Importer(815301076,1909f56bfc062723c751e8b465ee728b)  -> (artifact id: '4dc4b86cf84cd17a36e5daedb793e2fd') in 0.667969 seconds
  Import took 0.669909 seconds .

========================================================================
Received Import Request.
  Time since last request: 0.000172 seconds.
  path: Assets/MyAssets/Images/Game_Image_logo.png
  artifactKey: Guid(58be30945524440abab0c2cc37e0cc51) Importer(815301076,1909f56bfc062723c751e8b465ee728b)
Start importing Assets/MyAssets/Images/Game_Image_logo.png using Guid(58be30945524440abab0c2cc37e0cc51) Importer(815301076,1909f56bfc062723c751e8b465ee728b)  -> (artifact id: '3ee97bc0eadacafc95096e5afc267f00') in 0.008926 seconds
  Import took 0.010573 seconds .

========================================================================
Received Import Request.
  Time since last request: 0.000145 seconds.
  path: Assets/MyAssets/Images/Panel.png
  artifactKey: Guid(f40b288cf83d24fc4896d249753af93d) Importer(815301076,1909f56bfc062723c751e8b465ee728b)
Start importing Assets/MyAssets/Images/Panel.png using Guid(f40b288cf83d24fc4896d249753af93d) Importer(815301076,1909f56bfc062723c751e8b465ee728b)  -> (artifact id: 'e99d0f7db314319d06c1e20b20b5c899') in 0.009855 seconds
  Import took 0.011470 seconds .

========================================================================
Received Import Request.
  Time since last request: 0.000130 seconds.
  path: Assets/MyAssets/Images/icons_Info_user.png
  artifactKey: Guid(6500c903c3489426297d9ff47a2a40c9) Importer(815301076,1909f56bfc062723c751e8b465ee728b)
Start importing Assets/MyAssets/Images/icons_Info_user.png using Guid(6500c903c3489426297d9ff47a2a40c9) Importer(815301076,1909f56bfc062723c751e8b465ee728b)  -> (artifact id: 'd35bde803e45bd3d474bd9f14b17eb1e') in 0.007973 seconds
  Import took 0.010216 seconds .

========================================================================
Received Import Request.
  Time since last request: 0.000177 seconds.
  path: Assets/MyAssets/Images/icons_relode.png
  artifactKey: Guid(0e448450247d54b48aaf89ac1fa24141) Importer(815301076,1909f56bfc062723c751e8b465ee728b)
Start importing Assets/MyAssets/Images/icons_relode.png using Guid(0e448450247d54b48aaf89ac1fa24141) Importer(815301076,1909f56bfc062723c751e8b465ee728b)  -> (artifact id: 'c78a52ca4d13a24068d7adc03b5734d3') in 0.007721 seconds
  Import took 0.009586 seconds .

========================================================================
Received Import Request.
  Time since last request: 0.000147 seconds.
  path: Assets/MyAssets/Images/icons_delete.png
  artifactKey: Guid(c20445164c15145aa81ed96650c86b1e) Importer(815301076,1909f56bfc062723c751e8b465ee728b)
Start importing Assets/MyAssets/Images/icons_delete.png using Guid(c20445164c15145aa81ed96650c86b1e) Importer(815301076,1909f56bfc062723c751e8b465ee728b)  -> (artifact id: 'cc0ecab8d4bdd6daeb4930e5f269a74e') in 0.007280 seconds
  Import took 0.009047 seconds .

========================================================================
Received Import Request.
  Time since last request: 0.000217 seconds.
  path: Assets/MyAssets/Images/icons_Tool.png
  artifactKey: Guid(dc4fa966c0b5d4c5c9cf83de16fc70eb) Importer(815301076,1909f56bfc062723c751e8b465ee728b)
Start importing Assets/MyAssets/Images/icons_Tool.png using Guid(dc4fa966c0b5d4c5c9cf83de16fc70eb) Importer(815301076,1909f56bfc062723c751e8b465ee728b)  -> (artifact id: '3c19dc9d649cbdb24bdc8f9af9d9b5c3') in 0.006355 seconds
  Import took 0.007835 seconds .

========================================================================
Received Import Request.
  Time since last request: 0.000141 seconds.
  path: Assets/MyAssets/Images/icons_Back.png
  artifactKey: Guid(55a89f9bd4479483cb85e850c2162991) Importer(815301076,1909f56bfc062723c751e8b465ee728b)
Start importing Assets/MyAssets/Images/icons_Back.png using Guid(55a89f9bd4479483cb85e850c2162991) Importer(815301076,1909f56bfc062723c751e8b465ee728b)  -> (artifact id: '146b5e045cf548f5464888a05ec893d8') in 0.006796 seconds
  Import took 0.008376 seconds .

========================================================================
Received Import Request.
  Time since last request: 0.000119 seconds.
  path: Assets/MyAssets/Images/Game_Image_MainMenu.png
  artifactKey: Guid(120a9091ec38b4e92b0b5c1af694b8d2) Importer(815301076,1909f56bfc062723c751e8b465ee728b)
Start importing Assets/MyAssets/Images/Game_Image_MainMenu.png using Guid(120a9091ec38b4e92b0b5c1af694b8d2) Importer(815301076,1909f56bfc062723c751e8b465ee728b)  -> (artifact id: 'd723b5de06cd6b7e2a91daaa5876f2b5') in 0.006871 seconds
  Import took 0.008303 seconds .

========================================================================
Received Import Request.
  Time since last request: 0.000155 seconds.
  path: Assets/MyAssets/Images/Help.jpg
  artifactKey: Guid(663ca448fa86d49228ba978219f2a2f5) Importer(815301076,1909f56bfc062723c751e8b465ee728b)
Start importing Assets/MyAssets/Images/Help.jpg using Guid(663ca448fa86d49228ba978219f2a2f5) Importer(815301076,1909f56bfc062723c751e8b465ee728b)  -> (artifact id: '552142a2bf3b3ffa822ee107aa0d9aa7') in 0.006950 seconds
  Import took 0.008684 seconds .

========================================================================
Received Import Request.
  Time since last request: 0.000241 seconds.
  path: Assets/MyAssets/Images/icons_chat.png
  artifactKey: Guid(f9fd47422d7b943c3bf51b3e65725dd1) Importer(815301076,1909f56bfc062723c751e8b465ee728b)
Start importing Assets/MyAssets/Images/icons_chat.png using Guid(f9fd47422d7b943c3bf51b3e65725dd1) Importer(815301076,1909f56bfc062723c751e8b465ee728b)  -> (artifact id: '9c3adaf09f16f7bd783b8e45b3518586') in 0.007711 seconds
  Import took 0.009398 seconds .

========================================================================
Received Import Request.
  Time since last request: 0.000279 seconds.
  path: Assets/MyAssets/Images/PlayMenu.png
  artifactKey: Guid(b08e7e999c8df438dbf8ba6ed92e1194) Importer(815301076,1909f56bfc062723c751e8b465ee728b)
Start importing Assets/MyAssets/Images/PlayMenu.png using Guid(b08e7e999c8df438dbf8ba6ed92e1194) Importer(815301076,1909f56bfc062723c751e8b465ee728b)  -> (artifact id: 'b277468dc0826e41c172d0d2e73c628f') in 0.007375 seconds
  Import took 0.009239 seconds .

========================================================================
Received Import Request.
  Time since last request: 0.000141 seconds.
  path: Assets/MyAssets/Images/menu_Frame.png
  artifactKey: Guid(996ab91d5c9574f26a65c4d3059caba2) Importer(815301076,1909f56bfc062723c751e8b465ee728b)
Start importing Assets/MyAssets/Images/menu_Frame.png using Guid(996ab91d5c9574f26a65c4d3059caba2) Importer(815301076,1909f56bfc062723c751e8b465ee728b)  -> (artifact id: 'b30b235ff2756b1b9406d9a2f6fa41b5') in 0.015647 seconds
  Import took 0.017314 seconds .

========================================================================
Received Import Request.
  Time since last request: 0.000130 seconds.
  path: Assets/MyAssets/Images/icons_help.png
  artifactKey: Guid(29a48c28264c748b5ba65a940c0ffbf7) Importer(815301076,1909f56bfc062723c751e8b465ee728b)
Start importing Assets/MyAssets/Images/icons_help.png using Guid(29a48c28264c748b5ba65a940c0ffbf7) Importer(815301076,1909f56bfc062723c751e8b465ee728b)  -> (artifact id: '10673d3f4e93aa559a560c244d3405fe') in 0.007092 seconds
  Import took 0.008682 seconds .

========================================================================
Received Import Request.
  Time since last request: 0.000120 seconds.
  path: Assets/MyAssets/Images/New Material.mat
  artifactKey: Guid(555c2ab5246cc4738901211bd64bad06) Importer(815301076,1909f56bfc062723c751e8b465ee728b)
Start importing Assets/MyAssets/Images/New Material.mat using Guid(555c2ab5246cc4738901211bd64bad06) Importer(815301076,1909f56bfc062723c751e8b465ee728b)  -> (artifact id: 'f329344ae0d0415eade29a10dc757cb9') in 0.026183 seconds
  Import took 0.027907 seconds .

========================================================================
Received Import Request.
  Time since last request: 0.000148 seconds.
  path: Assets/MyAssets/Images/Game_image_title_BG.jpg
  artifactKey: Guid(3fc8833e0712547ed98bd2defea3bb04) Importer(815301076,1909f56bfc062723c751e8b465ee728b)
Start importing Assets/MyAssets/Images/Game_image_title_BG.jpg using Guid(3fc8833e0712547ed98bd2defea3bb04) Importer(815301076,1909f56bfc062723c751e8b465ee728b)  -> (artifact id: '41697f336c447aadb93b168c4ed8d424') in 0.008485 seconds
  Import took 0.010538 seconds .

========================================================================
Received Import Request.
  Time since last request: 0.000174 seconds.
  path: Assets/MyAssets/Images/Woman.png
  artifactKey: Guid(0d2e902477f354425bccc9d32835ea62) Importer(815301076,1909f56bfc062723c751e8b465ee728b)
Start importing Assets/MyAssets/Images/Woman.png using Guid(0d2e902477f354425bccc9d32835ea62) Importer(815301076,1909f56bfc062723c751e8b465ee728b)  -> (artifact id: '245f3d9d29c80c965af85707e572450b') in 0.010743 seconds
  Import took 0.012462 seconds .

========================================================================
Received Import Request.
  Time since last request: 0.000137 seconds.
  path: Assets/MyAssets/Images/Man.png
  artifactKey: Guid(a6acff96bff52451383f9bfab6450652) Importer(815301076,1909f56bfc062723c751e8b465ee728b)
Start importing Assets/MyAssets/Images/Man.png using Guid(a6acff96bff52451383f9bfab6450652) Importer(815301076,1909f56bfc062723c751e8b465ee728b)  -> (artifact id: 'bd875e1fd615928880452362f1d8a054') in 0.008992 seconds
  Import took 0.010605 seconds .

========================================================================
Received Prepare
Registering precompiled user dll's ...
Registered in 0.028707 seconds.
Begin MonoManager ReloadAssembly
Native extension for OSXStandalone target not found
Refreshing native plugins compatible for Editor in 1.31 ms, found 1 plugins.
Preloading 0 native plugins for Editor in 0.00 ms.
Mono: successfully reloaded assembly
- Completed reload, in  2.323 seconds
Platform modules already initialized, skipping
Refreshing native plugins compatible for Editor in 1.38 ms, found 1 plugins.
Preloading 0 native plugins for Editor in 0.00 ms.
Unloading 1691 Unused Serialized files (Serialized files now loaded: 0)
System memory in use before: 0.76 GB.
System memory in use after: 0.74 GB.

Unloading 362 unused Assets to reduce memory usage. Loaded Objects now: 1904.
Total: 13.126566 ms (FindLiveObjects: 0.263695 ms CreateObjectMapping: 0.074630 ms MarkObjects: 1.507482 ms  DeleteObjects: 11.279807 ms)

========================================================================
Received Prepare
Registering precompiled user dll's ...
Registered in 0.028075 seconds.
Begin MonoManager ReloadAssembly
Native extension for OSXStandalone target not found
Refreshing native plugins compatible for Editor in 1.32 ms, found 1 plugins.
Preloading 0 native plugins for Editor in 0.00 ms.
Mono: successfully reloaded assembly
- Completed reload, in  2.290 seconds
Platform modules already initialized, skipping
Refreshing native plugins compatible for Editor in 1.32 ms, found 1 plugins.
Preloading 0 native plugins for Editor in 0.00 ms.
Unloading 1692 Unused Serialized files (Serialized files now loaded: 0)
System memory in use before: 0.76 GB.
System memory in use after: 0.75 GB.

Unloading 363 unused Assets to reduce memory usage. Loaded Objects now: 1907.
Total: 12.826993 ms (FindLiveObjects: 0.239837 ms CreateObjectMapping: 0.084668 ms MarkObjects: 1.854530 ms  DeleteObjects: 10.646941 ms)

========================================================================
Received Import Request.
  Time since last request: 344.462522 seconds.
  path: Assets/Plugins/AWSSDK/AWSSDK.CognitoIdentityProvider 1.dll
  artifactKey: Guid(7bfba36f31ac640eda0f133b59be1a32) Importer(815301076,1909f56bfc062723c751e8b465ee728b)
Start importing Assets/Plugins/AWSSDK/AWSSDK.CognitoIdentityProvider 1.dll using Guid(7bfba36f31ac640eda0f133b59be1a32) Importer(815301076,1909f56bfc062723c751e8b465ee728b)  -> (artifact id: '5e4900a3e9a75a2b3425e3f5ce5721c1') in 0.671099 seconds
  Import took 0.673848 seconds .

========================================================================
Received Import Request.
  Time since last request: 0.517335 seconds.
  path: Assets/Plugins/AWSSDK/AWSSDK.CognitoIdentityProvider.dll
  artifactKey: Guid(8360dae637ddc4d36805a25a09b4f689) Importer(815301076,1909f56bfc062723c751e8b465ee728b)
Start importing Assets/Plugins/AWSSDK/AWSSDK.CognitoIdentityProvider.dll using Guid(8360dae637ddc4d36805a25a09b4f689) Importer(815301076,1909f56bfc062723c751e8b465ee728b)  -> (artifact id: 'ff6121ec522517567b4c2f2064d070d1') in 0.001352 seconds
  Import took 0.003107 seconds .

========================================================================
Received Import Request.
  Time since last request: 1.661219 seconds.
  path: Assets/Plugins/AWSSDK/AWSSDK.CognitoIdentityProvider 2.dll
  artifactKey: Guid(41af82f9051aa4fb29f88adfd5242ebb) Importer(815301076,1909f56bfc062723c751e8b465ee728b)
Start importing Assets/Plugins/AWSSDK/AWSSDK.CognitoIdentityProvider 2.dll using Guid(41af82f9051aa4fb29f88adfd5242ebb) Importer(815301076,1909f56bfc062723c751e8b465ee728b)  -> (artifact id: '87d92be4e1427bd00eafe091a6fe6c21') in 0.001243 seconds
  Import took 0.002964 seconds .

========================================================================
Received Prepare
Registering precompiled user dll's ...
Registered in 0.028642 seconds.
Begin MonoManager ReloadAssembly
Native extension for OSXStandalone target not found
Refreshing native plugins compatible for Editor in 1.44 ms, found 1 plugins.
Preloading 0 native plugins for Editor in 0.00 ms.
Mono: successfully reloaded assembly
- Completed reload, in  2.311 seconds
Platform modules already initialized, skipping
Refreshing native plugins compatible for Editor in 1.34 ms, found 1 plugins.
Preloading 0 native plugins for Editor in 0.00 ms.
Unloading 1691 Unused Serialized files (Serialized files now loaded: 0)
System memory in use before: 0.76 GB.
System memory in use after: 0.75 GB.

Unloading 362 unused Assets to reduce memory usage. Loaded Objects now: 1910.
Total: 12.650415 ms (FindLiveObjects: 0.191211 ms CreateObjectMapping: 0.053498 ms MarkObjects: 1.182318 ms  DeleteObjects: 11.222522 ms)

========================================================================
Received Prepare
Registering precompiled user dll's ...
Registered in 0.029257 seconds.
Begin MonoManager ReloadAssembly
Native extension for OSXStandalone target not found
Refreshing native plugins compatible for Editor in 1.27 ms, found 1 plugins.
Preloading 0 native plugins for Editor in 0.00 ms.
Mono: successfully reloaded assembly
- Completed reload, in  2.210 seconds
Platform modules already initialized, skipping
Refreshing native plugins compatible for Editor in 1.30 ms, found 1 plugins.
Preloading 0 native plugins for Editor in 0.00 ms.
Unloading 1690 Unused Serialized files (Serialized files now loaded: 0)
System memory in use before: 0.76 GB.
System memory in use after: 0.75 GB.

Unloading 361 unused Assets to reduce memory usage. Loaded Objects now: 1913.
Total: 11.958445 ms (FindLiveObjects: 0.279051 ms CreateObjectMapping: 0.052613 ms MarkObjects: 1.099389 ms  DeleteObjects: 10.526539 ms)

========================================================================
Received Import Request.
  Time since last request: 38.169175 seconds.
  path: Assets/Plugins/AWSSDK/AWSSDK.CognitoIdentityProvider.dll
  artifactKey: Guid(8360dae637ddc4d36805a25a09b4f689) Importer(815301076,1909f56bfc062723c751e8b465ee728b)
Start importing Assets/Plugins/AWSSDK/AWSSDK.CognitoIdentityProvider.dll using Guid(8360dae637ddc4d36805a25a09b4f689) Importer(815301076,1909f56bfc062723c751e8b465ee728b)  -> (artifact id: '880cf28a92f6210eb9d7748dbfe9da47') in 0.006088 seconds
  Import took 0.009202 seconds .

========================================================================
Received Import Request.
  Time since last request: 0.007325 seconds.
  path: Assets/Plugins/AWSSDK/AWSSDK.CognitoIdentityProvider.dll
  artifactKey: Guid(8360dae637ddc4d36805a25a09b4f689) Importer(815301076,1909f56bfc062723c751e8b465ee728b)
Start importing Assets/Plugins/AWSSDK/AWSSDK.CognitoIdentityProvider.dll using Guid(8360dae637ddc4d36805a25a09b4f689) Importer(815301076,1909f56bfc062723c751e8b465ee728b)  -> (artifact id: '880cf28a92f6210eb9d7748dbfe9da47') in 0.001509 seconds
  Import took 0.003928 seconds .

========================================================================
Received Prepare
Registering precompiled user dll's ...
Registered in 0.029233 seconds.
Begin MonoManager ReloadAssembly
Native extension for OSXStandalone target not found
Refreshing native plugins compatible for Editor in 1.31 ms, found 1 plugins.
Preloading 0 native plugins for Editor in 0.00 ms.
Mono: successfully reloaded assembly
- Completed reload, in  2.262 seconds
Platform modules already initialized, skipping
Refreshing native plugins compatible for Editor in 1.25 ms, found 1 plugins.
Preloading 0 native plugins for Editor in 0.00 ms.
Unloading 1690 Unused Serialized files (Serialized files now loaded: 0)
System memory in use before: 0.76 GB.
System memory in use after: 0.75 GB.

Unloading 361 unused Assets to reduce memory usage. Loaded Objects now: 1916.
Total: 13.250356 ms (FindLiveObjects: 0.263814 ms CreateObjectMapping: 0.089158 ms MarkObjects: 1.960725 ms  DeleteObjects: 10.935573 ms)

========================================================================
Received Prepare
Registering precompiled user dll's ...
Registered in 0.028201 seconds.
Begin MonoManager ReloadAssembly
Native extension for OSXStandalone target not found
Refreshing native plugins compatible for Editor in 1.31 ms, found 1 plugins.
Preloading 0 native plugins for Editor in 0.00 ms.
Mono: successfully reloaded assembly
- Completed reload, in  2.192 seconds
Platform modules already initialized, skipping
Refreshing native plugins compatible for Editor in 1.36 ms, found 1 plugins.
Preloading 0 native plugins for Editor in 0.00 ms.
Unloading 1690 Unused Serialized files (Serialized files now loaded: 0)
System memory in use before: 0.76 GB.
System memory in use after: 0.75 GB.

Unloading 361 unused Assets to reduce memory usage. Loaded Objects now: 1919.
Total: 13.438850 ms (FindLiveObjects: 0.264595 ms CreateObjectMapping: 0.090071 ms MarkObjects: 1.949773 ms  DeleteObjects: 11.133241 ms)

========================================================================
Received Prepare
Registering precompiled user dll's ...
Registered in 0.029415 seconds.
Begin MonoManager ReloadAssembly
Native extension for OSXStandalone target not found
Refreshing native plugins compatible for Editor in 1.31 ms, found 1 plugins.
Preloading 0 native plugins for Editor in 0.00 ms.
Mono: successfully reloaded assembly
- Completed reload, in  2.272 seconds
Platform modules already initialized, skipping
Refreshing native plugins compatible for Editor in 1.32 ms, found 1 plugins.
Preloading 0 native plugins for Editor in 0.00 ms.
Unloading 1690 Unused Serialized files (Serialized files now loaded: 0)
System memory in use before: 0.76 GB.
System memory in use after: 0.75 GB.

Unloading 361 unused Assets to reduce memory usage. Loaded Objects now: 1922.
Total: 13.468942 ms (FindLiveObjects: 0.266789 ms CreateObjectMapping: 0.092082 ms MarkObjects: 1.938589 ms  DeleteObjects: 11.170501 ms)

========================================================================
Received Prepare
Registering precompiled user dll's ...
Registered in 0.028251 seconds.
Begin MonoManager ReloadAssembly
Symbol file data-0x7fd6e9620000 doesn't match image /Users/a403/Unity_Workspace/AWS_Project/Assets/Plugins/AWSSDK/AWSSDK.Core.dll
Symbol file LoadedFromMemory is not a mono symbol file
Native extension for OSXStandalone target not found
Refreshing native plugins compatible for Editor in 1.38 ms, found 1 plugins.
Preloading 0 native plugins for Editor in 0.00 ms.
Mono: successfully reloaded assembly
- Completed reload, in  2.235 seconds
Platform modules already initialized, skipping
Refreshing native plugins compatible for Editor in 1.28 ms, found 1 plugins.
Preloading 0 native plugins for Editor in 0.00 ms.
Unloading 1690 Unused Serialized files (Serialized files now loaded: 0)
System memory in use before: 0.76 GB.
System memory in use after: 0.75 GB.

Unloading 361 unused Assets to reduce memory usage. Loaded Objects now: 1925.
Total: 14.767400 ms (FindLiveObjects: 0.268650 ms CreateObjectMapping: 0.090795 ms MarkObjects: 1.975241 ms  DeleteObjects: 12.431593 ms)

========================================================================
Received Prepare
Registering precompiled user dll's ...
Registered in 0.029004 seconds.
Begin MonoManager ReloadAssembly
Symbol file data-0x7fd6d8c98000 doesn't match image /Users/a403/Unity_Workspace/AWS_Project/Assets/Plugins/AWSSDK/AWSSDK.Core.dll
Symbol file LoadedFromMemory is not a mono symbol file
Native extension for OSXStandalone target not found
Refreshing native plugins compatible for Editor in 1.31 ms, found 1 plugins.
Preloading 0 native plugins for Editor in 0.00 ms.
Mono: successfully reloaded assembly
- Completed reload, in  2.323 seconds
Platform modules already initialized, skipping
Refreshing native plugins compatible for Editor in 1.32 ms, found 1 plugins.
Preloading 0 native plugins for Editor in 0.00 ms.
Unloading 1690 Unused Serialized files (Serialized files now loaded: 0)
System memory in use before: 0.76 GB.
System memory in use after: 0.75 GB.

Unloading 361 unused Assets to reduce memory usage. Loaded Objects now: 1928.
Total: 12.531673 ms (FindLiveObjects: 0.174638 ms CreateObjectMapping: 0.050519 ms MarkObjects: 1.103572 ms  DeleteObjects: 11.202237 ms)

========================================================================
Received Prepare
Registering precompiled user dll's ...
Registered in 0.029726 seconds.
Begin MonoManager ReloadAssembly
Symbol file data-0x7fd6683c8000 doesn't match image /Users/a403/Unity_Workspace/AWS_Project/Assets/Plugins/AWSSDK/AWSSDK.Core.dll
Symbol file LoadedFromMemory is not a mono symbol file
Native extension for OSXStandalone target not found
Refreshing native plugins compatible for Editor in 1.32 ms, found 1 plugins.
Preloading 0 native plugins for Editor in 0.00 ms.
Mono: successfully reloaded assembly
- Completed reload, in  2.334 seconds
Platform modules already initialized, skipping
Refreshing native plugins compatible for Editor in 1.31 ms, found 1 plugins.
Preloading 0 native plugins for Editor in 0.00 ms.
Unloading 1690 Unused Serialized files (Serialized files now loaded: 0)
System memory in use before: 0.76 GB.
System memory in use after: 0.75 GB.

Unloading 361 unused Assets to reduce memory usage. Loaded Objects now: 1931.
Total: 12.789154 ms (FindLiveObjects: 0.244719 ms CreateObjectMapping: 0.048793 ms MarkObjects: 1.096416 ms  DeleteObjects: 11.397781 ms)

========================================================================
Received Prepare
Registering precompiled user dll's ...
Registered in 0.029484 seconds.
Begin MonoManager ReloadAssembly
Symbol file data-0x7fd699520000 doesn't match image /Users/a403/Unity_Workspace/AWS_Project/Assets/Plugins/AWSSDK/AWSSDK.Core.dll
Symbol file LoadedFromMemory is not a mono symbol file
Native extension for OSXStandalone target not found
Refreshing native plugins compatible for Editor in 1.32 ms, found 1 plugins.
Preloading 0 native plugins for Editor in 0.00 ms.
Mono: successfully reloaded assembly
- Completed reload, in  2.248 seconds
Platform modules already initialized, skipping
Refreshing native plugins compatible for Editor in 1.30 ms, found 1 plugins.
Preloading 0 native plugins for Editor in 0.00 ms.
Unloading 1690 Unused Serialized files (Serialized files now loaded: 0)
System memory in use before: 0.76 GB.
System memory in use after: 0.75 GB.

Unloading 361 unused Assets to reduce memory usage. Loaded Objects now: 1934.
Total: 11.772860 ms (FindLiveObjects: 0.204721 ms CreateObjectMapping: 0.048779 ms MarkObjects: 1.100133 ms  DeleteObjects: 10.418419 ms)

========================================================================
Received Prepare
Registering precompiled user dll's ...
Registered in 0.031089 seconds.
Begin MonoManager ReloadAssembly
Symbol file data-0x7fd6d85c0000 doesn't match image /Users/a403/Unity_Workspace/AWS_Project/Assets/Plugins/AWSSDK/AWSSDK.Core.dll
Symbol file LoadedFromMemory is not a mono symbol file
Native extension for OSXStandalone target not found
Refreshing native plugins compatible for Editor in 1.33 ms, found 1 plugins.
Preloading 0 native plugins for Editor in 0.00 ms.
Mono: successfully reloaded assembly
- Completed reload, in  2.306 seconds
Platform modules already initialized, skipping
Refreshing native plugins compatible for Editor in 1.30 ms, found 1 plugins.
Preloading 0 native plugins for Editor in 0.00 ms.
Unloading 1690 Unused Serialized files (Serialized files now loaded: 0)
System memory in use before: 0.76 GB.
System memory in use after: 0.75 GB.

Unloading 361 unused Assets to reduce memory usage. Loaded Objects now: 1937.
Total: 12.512692 ms (FindLiveObjects: 0.221289 ms CreateObjectMapping: 0.054517 ms MarkObjects: 1.113407 ms  DeleteObjects: 11.122808 ms)

========================================================================
Received Prepare
Registering precompiled user dll's ...
Registered in 0.028385 seconds.
Begin MonoManager ReloadAssembly
Symbol file data-0x7fd6a9480000 doesn't match image /Users/a403/Unity_Workspace/AWS_Project/Assets/Plugins/AWSSDK/AWSSDK.Core.dll
Symbol file LoadedFromMemory is not a mono symbol file
Native extension for OSXStandalone target not found
Refreshing native plugins compatible for Editor in 1.32 ms, found 1 plugins.
Preloading 0 native plugins for Editor in 0.00 ms.
Mono: successfully reloaded assembly
- Completed reload, in  2.228 seconds
Platform modules already initialized, skipping
Refreshing native plugins compatible for Editor in 1.32 ms, found 1 plugins.
Preloading 0 native plugins for Editor in 0.00 ms.
Unloading 1690 Unused Serialized files (Serialized files now loaded: 0)
System memory in use before: 0.77 GB.
System memory in use after: 0.75 GB.

Unloading 361 unused Assets to reduce memory usage. Loaded Objects now: 1940.
Total: 12.054101 ms (FindLiveObjects: 0.168379 ms CreateObjectMapping: 0.051734 ms MarkObjects: 1.092242 ms  DeleteObjects: 10.741086 ms)

========================================================================
Received Prepare
Registering precompiled user dll's ...
Registered in 0.029592 seconds.
Begin MonoManager ReloadAssembly
Symbol file data-0x7fd6e9ef0000 doesn't match image /Users/a403/Unity_Workspace/AWS_Project/Assets/Plugins/AWSSDK/AWSSDK.Core.dll
Symbol file LoadedFromMemory is not a mono symbol file
Native extension for OSXStandalone target not found
Refreshing native plugins compatible for Editor in 1.32 ms, found 1 plugins.
Preloading 0 native plugins for Editor in 0.00 ms.
Mono: successfully reloaded assembly
- Completed reload, in  2.267 seconds
Platform modules already initialized, skipping
Refreshing native plugins compatible for Editor in 1.26 ms, found 1 plugins.
Preloading 0 native plugins for Editor in 0.00 ms.
Unloading 1690 Unused Serialized files (Serialized files now loaded: 0)
System memory in use before: 0.77 GB.
System memory in use after: 0.75 GB.

Unloading 361 unused Assets to reduce memory usage. Loaded Objects now: 1943.
Total: 12.686737 ms (FindLiveObjects: 0.250465 ms CreateObjectMapping: 0.044500 ms MarkObjects: 1.145898 ms  DeleteObjects: 11.245093 ms)

========================================================================
Received Prepare
Registering precompiled user dll's ...
Registered in 0.028595 seconds.
Begin MonoManager ReloadAssembly
Symbol file data-0x7fd6e1ba8000 doesn't match image /Users/a403/Unity_Workspace/AWS_Project/Assets/Plugins/AWSSDK/AWSSDK.Core.dll
Symbol file LoadedFromMemory is not a mono symbol file
Native extension for OSXStandalone target not found
Refreshing native plugins compatible for Editor in 1.31 ms, found 1 plugins.
Preloading 0 native plugins for Editor in 0.00 ms.
Mono: successfully reloaded assembly
- Completed reload, in  2.240 seconds
Platform modules already initialized, skipping
Refreshing native plugins compatible for Editor in 1.33 ms, found 1 plugins.
Preloading 0 native plugins for Editor in 0.00 ms.
Unloading 1690 Unused Serialized files (Serialized files now loaded: 0)
System memory in use before: 0.77 GB.
System memory in use after: 0.75 GB.

Unloading 361 unused Assets to reduce memory usage. Loaded Objects now: 1946.
Total: 13.322243 ms (FindLiveObjects: 0.205043 ms CreateObjectMapping: 0.057969 ms MarkObjects: 1.210778 ms  DeleteObjects: 11.847720 ms)

========================================================================
Received Prepare
Registering precompiled user dll's ...
Registered in 0.031188 seconds.
Begin MonoManager ReloadAssembly
Symbol file data-0x7fd6b8e98000 doesn't match image /Users/a403/Unity_Workspace/AWS_Project/Assets/Plugins/AWSSDK/AWSSDK.Core.dll
Symbol file LoadedFromMemory is not a mono symbol file
Native extension for OSXStandalone target not found
Refreshing native plugins compatible for Editor in 1.29 ms, found 1 plugins.
Preloading 0 native plugins for Editor in 0.00 ms.
Mono: successfully reloaded assembly
- Completed reload, in  2.221 seconds
Platform modules already initialized, skipping
Refreshing native plugins compatible for Editor in 1.31 ms, found 1 plugins.
Preloading 0 native plugins for Editor in 0.00 ms.
Unloading 1690 Unused Serialized files (Serialized files now loaded: 0)
System memory in use before: 0.77 GB.
System memory in use after: 0.75 GB.

Unloading 361 unused Assets to reduce memory usage. Loaded Objects now: 1949.
Total: 12.614791 ms (FindLiveObjects: 0.192882 ms CreateObjectMapping: 0.051524 ms MarkObjects: 1.187777 ms  DeleteObjects: 11.181910 ms)

========================================================================
Received Prepare
Registering precompiled user dll's ...
Registered in 0.029744 seconds.
Begin MonoManager ReloadAssembly
Symbol file data-0x7fd6a9558000 doesn't match image /Users/a403/Unity_Workspace/AWS_Project/Assets/Plugins/AWSSDK/AWSSDK.Core.dll
Symbol file LoadedFromMemory is not a mono symbol file
Native extension for OSXStandalone target not found
Refreshing native plugins compatible for Editor in 1.28 ms, found 1 plugins.
Preloading 0 native plugins for Editor in 0.00 ms.
Mono: successfully reloaded assembly
- Completed reload, in  2.218 seconds
Platform modules already initialized, skipping
Refreshing native plugins compatible for Editor in 1.27 ms, found 1 plugins.
Preloading 0 native plugins for Editor in 0.00 ms.
Unloading 1690 Unused Serialized files (Serialized files now loaded: 0)
System memory in use before: 0.77 GB.
System memory in use after: 0.75 GB.

Unloading 361 unused Assets to reduce memory usage. Loaded Objects now: 1952.
Total: 13.413949 ms (FindLiveObjects: 0.266056 ms CreateObjectMapping: 0.091379 ms MarkObjects: 2.011229 ms  DeleteObjects: 11.044116 ms)

========================================================================
Received Prepare
Registering precompiled user dll's ...
Registered in 0.031408 seconds.
Begin MonoManager ReloadAssembly
Symbol file data-0x7fd6e0ac8000 doesn't match image /Users/a403/Unity_Workspace/AWS_Project/Assets/Plugins/AWSSDK/AWSSDK.Core.dll
Symbol file LoadedFromMemory is not a mono symbol file
Native extension for OSXStandalone target not found
Refreshing native plugins compatible for Editor in 1.31 ms, found 1 plugins.
Preloading 0 native plugins for Editor in 0.00 ms.
Mono: successfully reloaded assembly
- Completed reload, in  2.261 seconds
Platform modules already initialized, skipping
Refreshing native plugins compatible for Editor in 1.42 ms, found 1 plugins.
Preloading 0 native plugins for Editor in 0.00 ms.
Unloading 1690 Unused Serialized files (Serialized files now loaded: 0)
System memory in use before: 0.77 GB.
System memory in use after: 0.75 GB.

Unloading 361 unused Assets to reduce memory usage. Loaded Objects now: 1955.
Total: 14.397884 ms (FindLiveObjects: 0.286774 ms CreateObjectMapping: 0.096745 ms MarkObjects: 1.968675 ms  DeleteObjects: 12.044572 ms)

========================================================================
Received Prepare
Registering precompiled user dll's ...
Registered in 0.030198 seconds.
Begin MonoManager ReloadAssembly
Symbol file data-0x7fd6e8120000 doesn't match image /Users/a403/Unity_Workspace/AWS_Project/Assets/Plugins/AWSSDK/AWSSDK.Core.dll
Symbol file LoadedFromMemory is not a mono symbol file
Native extension for OSXStandalone target not found
Refreshing native plugins compatible for Editor in 1.56 ms, found 1 plugins.
Preloading 0 native plugins for Editor in 0.00 ms.
Mono: successfully reloaded assembly
- Completed reload, in  2.325 seconds
Platform modules already initialized, skipping
Refreshing native plugins compatible for Editor in 1.32 ms, found 1 plugins.
Preloading 0 native plugins for Editor in 0.00 ms.
Unloading 1690 Unused Serialized files (Serialized files now loaded: 0)
System memory in use before: 0.77 GB.
System memory in use after: 0.75 GB.

Unloading 361 unused Assets to reduce memory usage. Loaded Objects now: 1958.
Total: 13.902103 ms (FindLiveObjects: 0.252098 ms CreateObjectMapping: 0.068620 ms MarkObjects: 1.537786 ms  DeleteObjects: 12.042431 ms)

========================================================================
Received Prepare
Registering precompiled user dll's ...
Registered in 0.030062 seconds.
Begin MonoManager ReloadAssembly
Symbol file data-0x7fd6a85e8000 doesn't match image /Users/a403/Unity_Workspace/AWS_Project/Assets/Plugins/AWSSDK/AWSSDK.Core.dll
Symbol file LoadedFromMemory is not a mono symbol file
Native extension for OSXStandalone target not found
Refreshing native plugins compatible for Editor in 1.31 ms, found 1 plugins.
Preloading 0 native plugins for Editor in 0.00 ms.
Mono: successfully reloaded assembly
- Completed reload, in  2.326 seconds
Platform modules already initialized, skipping
Refreshing native plugins compatible for Editor in 1.32 ms, found 1 plugins.
Preloading 0 native plugins for Editor in 0.00 ms.
Unloading 1690 Unused Serialized files (Serialized files now loaded: 0)
System memory in use before: 0.77 GB.
System memory in use after: 0.75 GB.

Unloading 361 unused Assets to reduce memory usage. Loaded Objects now: 1961.
Total: 12.347081 ms (FindLiveObjects: 0.168605 ms CreateObjectMapping: 0.050291 ms MarkObjects: 1.111801 ms  DeleteObjects: 11.015691 ms)

========================================================================
Received Prepare
Registering precompiled user dll's ...
Registered in 0.029000 seconds.
Begin MonoManager ReloadAssembly
Symbol file data-0x7fd6c9f48000 doesn't match image /Users/a403/Unity_Workspace/AWS_Project/Assets/Plugins/AWSSDK/AWSSDK.Core.dll
Symbol file LoadedFromMemory is not a mono symbol file
Native extension for OSXStandalone target not found
Refreshing native plugins compatible for Editor in 1.30 ms, found 1 plugins.
Preloading 0 native plugins for Editor in 0.00 ms.
Mono: successfully reloaded assembly
- Completed reload, in  2.239 seconds
Platform modules already initialized, skipping
Refreshing native plugins compatible for Editor in 1.31 ms, found 1 plugins.
Preloading 0 native plugins for Editor in 0.00 ms.
Unloading 1690 Unused Serialized files (Serialized files now loaded: 0)
System memory in use before: 0.77 GB.
System memory in use after: 0.76 GB.

Unloading 361 unused Assets to reduce memory usage. Loaded Objects now: 1964.
Total: 13.808941 ms (FindLiveObjects: 0.266935 ms CreateObjectMapping: 0.090965 ms MarkObjects: 1.903805 ms  DeleteObjects: 11.546090 ms)

========================================================================
Received Prepare
Registering precompiled user dll's ...
Registered in 0.028987 seconds.
Begin MonoManager ReloadAssembly
Symbol file data-0x7fd6a9558000 doesn't match image /Users/a403/Unity_Workspace/AWS_Project/Assets/Plugins/AWSSDK/AWSSDK.Core.dll
Symbol file LoadedFromMemory is not a mono symbol file
Native extension for OSXStandalone target not found
Refreshing native plugins compatible for Editor in 1.28 ms, found 1 plugins.
Preloading 0 native plugins for Editor in 0.00 ms.
Mono: successfully reloaded assembly
- Completed reload, in  2.155 seconds
Platform modules already initialized, skipping
Refreshing native plugins compatible for Editor in 1.24 ms, found 1 plugins.
Preloading 0 native plugins for Editor in 0.00 ms.
Unloading 1690 Unused Serialized files (Serialized files now loaded: 0)
System memory in use before: 0.77 GB.
System memory in use after: 0.76 GB.

Unloading 361 unused Assets to reduce memory usage. Loaded Objects now: 1967.
Total: 13.163323 ms (FindLiveObjects: 0.260237 ms CreateObjectMapping: 0.089189 ms MarkObjects: 1.914292 ms  DeleteObjects: 10.898487 ms)

========================================================================
Received Prepare
Registering precompiled user dll's ...
Registered in 0.028492 seconds.
Begin MonoManager ReloadAssembly
Symbol file data-0x7fd6c9ee0000 doesn't match image /Users/a403/Unity_Workspace/AWS_Project/Assets/Plugins/AWSSDK/AWSSDK.Core.dll
Symbol file LoadedFromMemory is not a mono symbol file
Native extension for OSXStandalone target not found
Refreshing native plugins compatible for Editor in 1.29 ms, found 1 plugins.
Preloading 0 native plugins for Editor in 0.00 ms.
Mono: successfully reloaded assembly
- Completed reload, in  2.234 seconds
Platform modules already initialized, skipping
Refreshing native plugins compatible for Editor in 1.32 ms, found 1 plugins.
Preloading 0 native plugins for Editor in 0.00 ms.
Unloading 1690 Unused Serialized files (Serialized files now loaded: 0)
System memory in use before: 0.77 GB.
System memory in use after: 0.76 GB.

Unloading 361 unused Assets to reduce memory usage. Loaded Objects now: 1970.
Total: 12.422874 ms (FindLiveObjects: 0.169682 ms CreateObjectMapping: 0.050838 ms MarkObjects: 1.215013 ms  DeleteObjects: 10.986702 ms)

========================================================================
Received Prepare
Registering precompiled user dll's ...
Registered in 0.028983 seconds.
Begin MonoManager ReloadAssembly
Symbol file data-0x7fd6f9550000 doesn't match image /Users/a403/Unity_Workspace/AWS_Project/Assets/Plugins/AWSSDK/AWSSDK.Core.dll
Symbol file LoadedFromMemory is not a mono symbol file
Native extension for OSXStandalone target not found
Refreshing native plugins compatible for Editor in 1.38 ms, found 1 plugins.
Preloading 0 native plugins for Editor in 0.00 ms.
Mono: successfully reloaded assembly
- Completed reload, in  2.329 seconds
Platform modules already initialized, skipping
Refreshing native plugins compatible for Editor in 1.32 ms, found 1 plugins.
Preloading 0 native plugins for Editor in 0.00 ms.
Unloading 1690 Unused Serialized files (Serialized files now loaded: 0)
System memory in use before: 0.77 GB.
System memory in use after: 0.76 GB.

Unloading 361 unused Assets to reduce memory usage. Loaded Objects now: 1973.
Total: 12.411609 ms (FindLiveObjects: 0.212570 ms CreateObjectMapping: 0.049116 ms MarkObjects: 1.114644 ms  DeleteObjects: 11.034610 ms)

========================================================================
Received Prepare
Registering precompiled user dll's ...
Registered in 0.030101 seconds.
Begin MonoManager ReloadAssembly
Symbol file data-0x7fd6e9e98000 doesn't match image /Users/a403/Unity_Workspace/AWS_Project/Assets/Plugins/AWSSDK/AWSSDK.Core.dll
Symbol file LoadedFromMemory is not a mono symbol file
Native extension for OSXStandalone target not found
Refreshing native plugins compatible for Editor in 1.32 ms, found 1 plugins.
Preloading 0 native plugins for Editor in 0.00 ms.
Mono: successfully reloaded assembly
- Completed reload, in  2.249 seconds
Platform modules already initialized, skipping
Refreshing native plugins compatible for Editor in 1.32 ms, found 1 plugins.
Preloading 0 native plugins for Editor in 0.00 ms.
Unloading 1690 Unused Serialized files (Serialized files now loaded: 0)
System memory in use before: 0.77 GB.
System memory in use after: 0.76 GB.

Unloading 361 unused Assets to reduce memory usage. Loaded Objects now: 1976.
Total: 12.159373 ms (FindLiveObjects: 0.171493 ms CreateObjectMapping: 0.050688 ms MarkObjects: 1.113835 ms  DeleteObjects: 10.822676 ms)

========================================================================
Received Prepare
Registering precompiled user dll's ...
Registered in 0.029847 seconds.
Begin MonoManager ReloadAssembly
Symbol file data-0x7fd698008000 doesn't match image /Users/a403/Unity_Workspace/AWS_Project/Assets/Plugins/AWSSDK/AWSSDK.Core.dll
Symbol file LoadedFromMemory is not a mono symbol file
Native extension for OSXStandalone target not found
Refreshing native plugins compatible for Editor in 1.33 ms, found 1 plugins.
Preloading 0 native plugins for Editor in 0.00 ms.
Mono: successfully reloaded assembly
- Completed reload, in  2.283 seconds
Platform modules already initialized, skipping
Refreshing native plugins compatible for Editor in 1.31 ms, found 1 plugins.
Preloading 0 native plugins for Editor in 0.00 ms.
Unloading 1690 Unused Serialized files (Serialized files now loaded: 0)
System memory in use before: 0.77 GB.
System memory in use after: 0.76 GB.

Unloading 361 unused Assets to reduce memory usage. Loaded Objects now: 1979.
Total: 14.787051 ms (FindLiveObjects: 0.295672 ms CreateObjectMapping: 0.096896 ms MarkObjects: 2.009279 ms  DeleteObjects: 12.384075 ms)

========================================================================
Received Prepare
Registering precompiled user dll's ...
Registered in 0.030231 seconds.
Begin MonoManager ReloadAssembly
Symbol file data-0x7fd6e1bd0000 doesn't match image /Users/a403/Unity_Workspace/AWS_Project/Assets/Plugins/AWSSDK/AWSSDK.Core.dll
Symbol file LoadedFromMemory is not a mono symbol file
Native extension for OSXStandalone target not found
Refreshing native plugins compatible for Editor in 1.42 ms, found 1 plugins.
Preloading 0 native plugins for Editor in 0.00 ms.
Mono: successfully reloaded assembly
- Completed reload, in  2.326 seconds
Platform modules already initialized, skipping
Refreshing native plugins compatible for Editor in 1.32 ms, found 1 plugins.
Preloading 0 native plugins for Editor in 0.00 ms.
Unloading 1690 Unused Serialized files (Serialized files now loaded: 0)
System memory in use before: 0.77 GB.
System memory in use after: 0.76 GB.

Unloading 361 unused Assets to reduce memory usage. Loaded Objects now: 1982.
Total: 13.260039 ms (FindLiveObjects: 0.214674 ms CreateObjectMapping: 0.069975 ms MarkObjects: 1.315374 ms  DeleteObjects: 11.659129 ms)

========================================================================
Received Prepare
Registering precompiled user dll's ...
Registered in 0.028804 seconds.
Begin MonoManager ReloadAssembly
Symbol file data-0x7fd6c9f68000 doesn't match image /Users/a403/Unity_Workspace/AWS_Project/Assets/Plugins/AWSSDK/AWSSDK.Core.dll
Symbol file LoadedFromMemory is not a mono symbol file
Native extension for OSXStandalone target not found
Refreshing native plugins compatible for Editor in 1.30 ms, found 1 plugins.
Preloading 0 native plugins for Editor in 0.00 ms.
Mono: successfully reloaded assembly
- Completed reload, in  2.256 seconds
Platform modules already initialized, skipping
Refreshing native plugins compatible for Editor in 1.30 ms, found 1 plugins.
Preloading 0 native plugins for Editor in 0.00 ms.
Unloading 1690 Unused Serialized files (Serialized files now loaded: 0)
System memory in use before: 0.77 GB.
System memory in use after: 0.76 GB.

Unloading 361 unused Assets to reduce memory usage. Loaded Objects now: 1985.
Total: 13.305426 ms (FindLiveObjects: 0.184260 ms CreateObjectMapping: 0.051192 ms MarkObjects: 1.202682 ms  DeleteObjects: 11.866637 ms)

========================================================================
Received Prepare
Registering precompiled user dll's ...
Registered in 0.029934 seconds.
Begin MonoManager ReloadAssembly
Symbol file data-0x7fd6c9f80000 doesn't match image /Users/a403/Unity_Workspace/AWS_Project/Assets/Plugins/AWSSDK/AWSSDK.Core.dll
Symbol file LoadedFromMemory is not a mono symbol file
Native extension for OSXStandalone target not found
Refreshing native plugins compatible for Editor in 1.33 ms, found 1 plugins.
Preloading 0 native plugins for Editor in 0.00 ms.
Mono: successfully reloaded assembly
- Completed reload, in  2.258 seconds
Platform modules already initialized, skipping
Refreshing native plugins compatible for Editor in 1.30 ms, found 1 plugins.
Preloading 0 native plugins for Editor in 0.00 ms.
Unloading 1690 Unused Serialized files (Serialized files now loaded: 0)
System memory in use before: 0.77 GB.
System memory in use after: 0.76 GB.

Unloading 361 unused Assets to reduce memory usage. Loaded Objects now: 1988.
Total: 13.567510 ms (FindLiveObjects: 0.261999 ms CreateObjectMapping: 0.093909 ms MarkObjects: 1.924684 ms  DeleteObjects: 11.285747 ms)

AssetImportWorkerClient::OnTransportError - code=2 error=End of file
