Using pre-set license

 COMMAND LINE ARGUMENTS:
/Applications/Unity/Hub/Editor/2020.3.7f1/Unity.app/Contents/MacOS/Unity
-adb2
-batchMode
-noUpm
-name
AssetImportWorker1
-projectPath
/Users/a50621/workspace/AWS_Project
-logFile
Logs/AssetImportWorker1.log
-srvPort
54066
Successfully changed project path to: /Users/a50621/workspace/AWS_Project
/Users/a50621/workspace/AWS_Project
Using Asset Import Pipeline V2.
Refreshing native plugins compatible for Editor in 936.25 ms, found 1 plugins.
Preloading 0 native plugins for Editor in 0.00 ms.
Initialize engine version: 2020.3.7f1 (dd97f2c94397)
[Subsystems] Discovering subsystems at path /Applications/Unity/Hub/Editor/2020.3.7f1/Unity.app/Contents/Resources/UnitySubsystems
[Subsystems] Discovering subsystems at path /Users/a50621/workspace/AWS_Project/Assets
GfxDevice: creating device client; threaded=0
2021-06-29 13:32:02.961 Unity[38355:684758] iMac preferred device: AMD Radeon Pro 555X (high power)
2021-06-29 13:32:02.961 Unity[38355:684758] Metal devices available: 1
2021-06-29 13:32:02.961 Unity[38355:684758] 0: AMD Radeon Pro 555X (high power)
2021-06-29 13:32:02.962 Unity[38355:684758] Using device AMD Radeon Pro 555X (high power)
Initializing Metal device caps: AMD Radeon Pro 555X
Initialize mono
Mono path[0] = '/Applications/Unity/Hub/Editor/2020.3.7f1/Unity.app/Contents/Managed'
Mono path[1] = '/Applications/Unity/Hub/Editor/2020.3.7f1/Unity.app/Contents/MonoBleedingEdge/lib/mono/unityjit'
Mono config path = '/Applications/Unity/Hub/Editor/2020.3.7f1/Unity.app/Contents/MonoBleedingEdge/etc'
Using monoOptions --debugger-agent=transport=dt_socket,embedding=1,server=y,suspend=n,address=127.0.0.1:56355
Begin MonoManager ReloadAssembly
Registering precompiled unity dll's ...
Register platform support module: /Applications/Unity/Hub/Editor/2020.3.7f1/Unity.app/Contents/PlaybackEngines/MacStandaloneSupport/UnityEditor.OSXStandalone.Extensions.dll
Registered in 0.000595 seconds.
Native extension for OSXStandalone target not found
Refreshing native plugins compatible for Editor in 34.28 ms, found 1 plugins.
Preloading 0 native plugins for Editor in 0.00 ms.
Mono: successfully reloaded assembly
- Completed reload, in  2.108 seconds
Platform modules already initialized, skipping
Registering precompiled user dll's ...
Registered in 0.243746 seconds.
Begin MonoManager ReloadAssembly
Symbol file data-0x7fd996a8a000 doesn't match image /Users/a50621/workspace/AWS_Project/Assets/Plugins/AWSSDK/AWSSDK.Core.dll
Symbol file LoadedFromMemory is not a mono symbol file
Native extension for OSXStandalone target not found
Refreshing native plugins compatible for Editor in 1.71 ms, found 1 plugins.
Preloading 0 native plugins for Editor in 0.00 ms.
Mono: successfully reloaded assembly
- Completed reload, in  5.814 seconds
Platform modules already initialized, skipping
========================================================================
Worker process is ready to serve import requests
Launching external process: /Applications/Unity/Hub/Editor/2020.3.7f1/Unity.app/Contents/Tools/UnityShaderCompiler
Launched and connected shader compiler UnityShaderCompiler after 0.03 seconds
Refreshing native plugins compatible for Editor in 1.52 ms, found 1 plugins.
Preloading 0 native plugins for Editor in 0.00 ms.
Unloading 1737 Unused Serialized files (Serialized files now loaded: 0)
System memory in use before: 0.71 GB.
System memory in use after: 0.70 GB.

Unloading 369 unused Assets to reduce memory usage. Loaded Objects now: 1826.
Total: 14.038043 ms (FindLiveObjects: 0.228578 ms CreateObjectMapping: 0.068774 ms MarkObjects: 2.052122 ms  DeleteObjects: 11.687350 ms)

========================================================================
Received Import Request.
  path: Assets/Flore1_Nomal.jpg
  artifactKey: Guid(c222f2f8364ea45988900c43c073c226) Importer(815301076,1909f56bfc062723c751e8b465ee728b)
Start importing Assets/Flore1_Nomal.jpg using Guid(c222f2f8364ea45988900c43c073c226) Importer(815301076,1909f56bfc062723c751e8b465ee728b)  -> (artifact id: '40ea96824d0d8030f413e5afdd1b58d8') in 2.125969 seconds
  Import took 2.128358 seconds .

========================================================================
Received Import Request.
  Time since last request: 0.000226 seconds.
  path: Assets/Flore1.jpg
  artifactKey: Guid(a0c85ebddc0d84ad99a1579add085570) Importer(815301076,1909f56bfc062723c751e8b465ee728b)
Start importing Assets/Flore1.jpg using Guid(a0c85ebddc0d84ad99a1579add085570) Importer(815301076,1909f56bfc062723c751e8b465ee728b)  -> (artifact id: 'd41db7513c39947b43e1fcc284ba8d56') in 0.077209 seconds
  Import took 0.079415 seconds .

========================================================================
Received Import Request.
  Time since last request: 0.000223 seconds.
  path: Assets/Resources/DOTweenSettings.asset
  artifactKey: Guid(bcff62b1860024946bb53acaecf0dd98) Importer(815301076,1909f56bfc062723c751e8b465ee728b)
Start importing Assets/Resources/DOTweenSettings.asset using Guid(bcff62b1860024946bb53acaecf0dd98) Importer(815301076,1909f56bfc062723c751e8b465ee728b)  -> (artifact id: '7f0e095ce526eb1cde81dc84948d2f73') in 0.895546 seconds
  Import took 0.898355 seconds .

========================================================================
Received Import Request.
  Time since last request: 0.000209 seconds.
  path: Assets/Player_Woman.prefab
  artifactKey: Guid(76678ba1fc2bc4f2fb3d75b86747f19c) Importer(815301076,1909f56bfc062723c751e8b465ee728b)
Start importing Assets/Player_Woman.prefab using Guid(76678ba1fc2bc4f2fb3d75b86747f19c) Importer(815301076,1909f56bfc062723c751e8b465ee728b)  -> (artifact id: '3cf090030acea0d6ec521739734536ae') in 1.357054 seconds
  Import took 1.359748 seconds .

========================================================================
Received Import Request.
  Time since last request: 0.000215 seconds.
  path: Assets/Player_Man.prefab
  artifactKey: Guid(115a6ffa360394d63b951d9a7b149d1e) Importer(815301076,1909f56bfc062723c751e8b465ee728b)
Start importing Assets/Player_Man.prefab using Guid(115a6ffa360394d63b951d9a7b149d1e) Importer(815301076,1909f56bfc062723c751e8b465ee728b)  -> (artifact id: '8dbfc67f4071883fda274921fd416d97') in 0.365753 seconds
  Import took 0.368501 seconds .

========================================================================
Received Import Request.
  Time since last request: 4.115981 seconds.
  path: Assets/Motions/Game_Motion_Idle.fbx
  artifactKey: Guid(38c3a1736c4ce49bcba2bbcfc95ccf93) Importer(815301076,1909f56bfc062723c751e8b465ee728b)
Start importing Assets/Motions/Game_Motion_Idle.fbx using Guid(38c3a1736c4ce49bcba2bbcfc95ccf93) Importer(815301076,1909f56bfc062723c751e8b465ee728b)  -> (artifact id: '3d3f4133099e19569d4e307ad472efbe') in 0.999097 seconds
  Import took 1.001807 seconds .

========================================================================
Received Import Request.
  Time since last request: 0.000215 seconds.
  path: Assets/Motions/Game_Motion_Walking_woman.fbx
  artifactKey: Guid(e908a987f11da4f68a678fb3d97ab69e) Importer(815301076,1909f56bfc062723c751e8b465ee728b)
Start importing Assets/Motions/Game_Motion_Walking_woman.fbx using Guid(e908a987f11da4f68a678fb3d97ab69e) Importer(815301076,1909f56bfc062723c751e8b465ee728b)  -> (artifact id: '6c519b5521652b8a12e01cd9ebc6d020') in 0.099513 seconds
  Import took 0.101955 seconds .

========================================================================
Received Import Request.
  Time since last request: 0.000240 seconds.
  path: Assets/Motions/Game_Motion_Jump.fbx
  artifactKey: Guid(ca7feb066495b4218badb4bdbd7e243f) Importer(815301076,1909f56bfc062723c751e8b465ee728b)
Start importing Assets/Motions/Game_Motion_Jump.fbx using Guid(ca7feb066495b4218badb4bdbd7e243f) Importer(815301076,1909f56bfc062723c751e8b465ee728b)  -> (artifact id: '5f4b9c38b0c8d3676fee61bc056fd180') in 0.109437 seconds
  Import took 0.112005 seconds .

========================================================================
Received Import Request.
  Time since last request: 0.000223 seconds.
  path: Assets/Motions/Game_Motion_Idle_Woman.fbx
  artifactKey: Guid(2b0755a14299c4bbaad2a00cf771749a) Importer(815301076,1909f56bfc062723c751e8b465ee728b)
Start importing Assets/Motions/Game_Motion_Idle_Woman.fbx using Guid(2b0755a14299c4bbaad2a00cf771749a) Importer(815301076,1909f56bfc062723c751e8b465ee728b)  -> (artifact id: 'ee8a0ae81ce2d78efa0db5d70497e3e6') in 0.104077 seconds
  Import took 0.106697 seconds .

========================================================================
Received Import Request.
  Time since last request: 0.000209 seconds.
  path: Assets/Motions/Game_Motion_Walking.fbx
  artifactKey: Guid(b43fe6c274b424149a9785315a68b70b) Importer(815301076,1909f56bfc062723c751e8b465ee728b)
Start importing Assets/Motions/Game_Motion_Walking.fbx using Guid(b43fe6c274b424149a9785315a68b70b) Importer(815301076,1909f56bfc062723c751e8b465ee728b)  -> (artifact id: '2f33e3f63e671b8917b27df8dc912421') in 0.132244 seconds
  Import took 0.134632 seconds .

========================================================================
Received Import Request.
  Time since last request: 13.135345 seconds.
  path: Assets/MyAssets/Scripts/AmazonDynamoDBAttributes.cs
  artifactKey: Guid(6e17fa2a82ed34e38ac27701921fc541) Importer(815301076,1909f56bfc062723c751e8b465ee728b)
Start importing Assets/MyAssets/Scripts/AmazonDynamoDBAttributes.cs using Guid(6e17fa2a82ed34e38ac27701921fc541) Importer(815301076,1909f56bfc062723c751e8b465ee728b)  -> (artifact id: '60b1a1a5b46804b155a7fede09f4a8aa') in 3.227446 seconds
  Import took 3.229721 seconds .

========================================================================
Received Prepare
Registering precompiled user dll's ...
Registered in 0.366774 seconds.
Begin MonoManager ReloadAssembly
Symbol file data-0x7fd962863000 doesn't match image /Users/a50621/workspace/AWS_Project/Assets/Plugins/AWSSDK/AWSSDK.Core.dll
Symbol file LoadedFromMemory is not a mono symbol file
Native extension for OSXStandalone target not found
Refreshing native plugins compatible for Editor in 1.94 ms, found 1 plugins.
Preloading 0 native plugins for Editor in 0.00 ms.
Mono: successfully reloaded assembly
- Completed reload, in  6.165 seconds
Platform modules already initialized, skipping
Refreshing native plugins compatible for Editor in 2.48 ms, found 1 plugins.
Preloading 0 native plugins for Editor in 0.00 ms.
Unloading 1699 Unused Serialized files (Serialized files now loaded: 0)
System memory in use before: 0.74 GB.
System memory in use after: 0.73 GB.

Unloading 364 unused Assets to reduce memory usage. Loaded Objects now: 1877.
Total: 14.336386 ms (FindLiveObjects: 0.376969 ms CreateObjectMapping: 0.103660 ms MarkObjects: 1.910277 ms  DeleteObjects: 11.944132 ms)

========================================================================
Received Prepare
Registering precompiled user dll's ...
Registered in 1.017583 seconds.
Begin MonoManager ReloadAssembly
Symbol file data-0x7fd962863000 doesn't match image /Users/a50621/workspace/AWS_Project/Assets/Plugins/AWSSDK/AWSSDK.Core.dll
Symbol file LoadedFromMemory is not a mono symbol file
Native extension for OSXStandalone target not found
Refreshing native plugins compatible for Editor in 1.76 ms, found 1 plugins.
Preloading 0 native plugins for Editor in 0.00 ms.
Mono: successfully reloaded assembly
- Completed reload, in  7.105 seconds
Platform modules already initialized, skipping
Refreshing native plugins compatible for Editor in 1.78 ms, found 1 plugins.
Preloading 0 native plugins for Editor in 0.00 ms.
Unloading 1699 Unused Serialized files (Serialized files now loaded: 0)
System memory in use before: 0.74 GB.
System memory in use after: 0.73 GB.

Unloading 364 unused Assets to reduce memory usage. Loaded Objects now: 1880.
Total: 14.188181 ms (FindLiveObjects: 0.267865 ms CreateObjectMapping: 0.076000 ms MarkObjects: 1.666684 ms  DeleteObjects: 12.176557 ms)

========================================================================
Received Import Request.
  Time since last request: 1633.875268 seconds.
  path: Assets/MyAssets/Scene/PlayScene.unity
  artifactKey: Guid(f082e66d6685c47aa80fcf43fe89625a) Importer(815301076,1909f56bfc062723c751e8b465ee728b)
Start importing Assets/MyAssets/Scene/PlayScene.unity using Guid(f082e66d6685c47aa80fcf43fe89625a) Importer(815301076,1909f56bfc062723c751e8b465ee728b)  -> (artifact id: 'aa09074fb865a1d91d94c3a43887e9a1') in 0.011857 seconds
  Import took 0.014265 seconds .

========================================================================
Received Import Request.
  Time since last request: 4.269272 seconds.
  path: Assets/MyAssets/Scene/PlayScene.unity
  artifactKey: Guid(f082e66d6685c47aa80fcf43fe89625a) Importer(815301076,1909f56bfc062723c751e8b465ee728b)
Start importing Assets/MyAssets/Scene/PlayScene.unity using Guid(f082e66d6685c47aa80fcf43fe89625a) Importer(815301076,1909f56bfc062723c751e8b465ee728b)  -> (artifact id: 'aa09074fb865a1d91d94c3a43887e9a1') in 0.001256 seconds
  Import took 0.003457 seconds .

========================================================================
Received Prepare
Registering precompiled user dll's ...
Registered in 2.412694 seconds.
Begin MonoManager ReloadAssembly
Symbol file data-0x7fd962863000 doesn't match image /Users/a50621/workspace/AWS_Project/Assets/Plugins/AWSSDK/AWSSDK.Core.dll
Symbol file LoadedFromMemory is not a mono symbol file
Native extension for OSXStandalone target not found
Refreshing native plugins compatible for Editor in 1.68 ms, found 1 plugins.
Preloading 0 native plugins for Editor in 0.00 ms.
Mono: successfully reloaded assembly
- Completed reload, in  6.635 seconds
Platform modules already initialized, skipping
Refreshing native plugins compatible for Editor in 1.82 ms, found 1 plugins.
Preloading 0 native plugins for Editor in 0.00 ms.
Unloading 1699 Unused Serialized files (Serialized files now loaded: 0)
System memory in use before: 0.75 GB.
System memory in use after: 0.73 GB.

Unloading 364 unused Assets to reduce memory usage. Loaded Objects now: 1883.
Total: 15.195448 ms (FindLiveObjects: 0.274318 ms CreateObjectMapping: 0.086070 ms MarkObjects: 2.176088 ms  DeleteObjects: 12.657739 ms)

========================================================================
Received Prepare
Registering precompiled user dll's ...
Registered in 0.381933 seconds.
Begin MonoManager ReloadAssembly
Symbol file data-0x7fd962863000 doesn't match image /Users/a50621/workspace/AWS_Project/Assets/Plugins/AWSSDK/AWSSDK.Core.dll
Symbol file LoadedFromMemory is not a mono symbol file
Native extension for OSXStandalone target not found
Refreshing native plugins compatible for Editor in 1.76 ms, found 1 plugins.
Preloading 0 native plugins for Editor in 0.00 ms.
Mono: successfully reloaded assembly
- Completed reload, in  4.205 seconds
Platform modules already initialized, skipping
Refreshing native plugins compatible for Editor in 1.80 ms, found 1 plugins.
Preloading 0 native plugins for Editor in 0.00 ms.
Unloading 1699 Unused Serialized files (Serialized files now loaded: 0)
System memory in use before: 0.75 GB.
System memory in use after: 0.73 GB.

Unloading 364 unused Assets to reduce memory usage. Loaded Objects now: 1886.
Total: 16.007024 ms (FindLiveObjects: 0.324278 ms CreateObjectMapping: 0.081879 ms MarkObjects: 1.661653 ms  DeleteObjects: 13.925265 ms)

========================================================================
Received Prepare
Registering precompiled user dll's ...
Registered in 2.454821 seconds.
Begin MonoManager ReloadAssembly
Symbol file data-0x7fd962863000 doesn't match image /Users/a50621/workspace/AWS_Project/Assets/Plugins/AWSSDK/AWSSDK.Core.dll
Symbol file LoadedFromMemory is not a mono symbol file
Native extension for OSXStandalone target not found
Refreshing native plugins compatible for Editor in 1.90 ms, found 1 plugins.
Preloading 0 native plugins for Editor in 0.00 ms.
Mono: successfully reloaded assembly
- Completed reload, in  7.820 seconds
Platform modules already initialized, skipping
Refreshing native plugins compatible for Editor in 1.77 ms, found 1 plugins.
Preloading 0 native plugins for Editor in 0.00 ms.
Unloading 1699 Unused Serialized files (Serialized files now loaded: 0)
System memory in use before: 0.75 GB.
System memory in use after: 0.73 GB.

Unloading 364 unused Assets to reduce memory usage. Loaded Objects now: 1889.
Total: 15.829391 ms (FindLiveObjects: 0.304339 ms CreateObjectMapping: 0.095206 ms MarkObjects: 2.341462 ms  DeleteObjects: 13.086838 ms)

========================================================================
Received Prepare
Registering precompiled user dll's ...
Registered in 0.076677 seconds.
Begin MonoManager ReloadAssembly
Symbol file data-0x7fd962863000 doesn't match image /Users/a50621/workspace/AWS_Project/Assets/Plugins/AWSSDK/AWSSDK.Core.dll
Symbol file LoadedFromMemory is not a mono symbol file
Native extension for OSXStandalone target not found
Refreshing native plugins compatible for Editor in 1.66 ms, found 1 plugins.
Preloading 0 native plugins for Editor in 0.00 ms.
Mono: successfully reloaded assembly
- Completed reload, in  3.287 seconds
Platform modules already initialized, skipping
Refreshing native plugins compatible for Editor in 1.75 ms, found 1 plugins.
Preloading 0 native plugins for Editor in 0.00 ms.
Unloading 1699 Unused Serialized files (Serialized files now loaded: 0)
System memory in use before: 0.75 GB.
System memory in use after: 0.73 GB.

Unloading 364 unused Assets to reduce memory usage. Loaded Objects now: 1892.
Total: 15.067742 ms (FindLiveObjects: 0.215752 ms CreateObjectMapping: 0.058363 ms MarkObjects: 1.563845 ms  DeleteObjects: 13.228866 ms)

========================================================================
Received Prepare
Registering precompiled user dll's ...
Registered in 0.039270 seconds.
Begin MonoManager ReloadAssembly
Symbol file data-0x7fd962863000 doesn't match image /Users/a50621/workspace/AWS_Project/Assets/Plugins/AWSSDK/AWSSDK.Core.dll
Symbol file LoadedFromMemory is not a mono symbol file
Native extension for OSXStandalone target not found
Refreshing native plugins compatible for Editor in 1.73 ms, found 1 plugins.
Preloading 0 native plugins for Editor in 0.00 ms.
Mono: successfully reloaded assembly
- Completed reload, in  3.098 seconds
Platform modules already initialized, skipping
Refreshing native plugins compatible for Editor in 1.67 ms, found 1 plugins.
Preloading 0 native plugins for Editor in 0.00 ms.
Unloading 1699 Unused Serialized files (Serialized files now loaded: 0)
System memory in use before: 0.75 GB.
System memory in use after: 0.73 GB.

Unloading 364 unused Assets to reduce memory usage. Loaded Objects now: 1895.
Total: 15.789285 ms (FindLiveObjects: 0.272517 ms CreateObjectMapping: 0.089582 ms MarkObjects: 2.057739 ms  DeleteObjects: 13.368145 ms)

========================================================================
Received Prepare
Registering precompiled user dll's ...
Registered in 0.904483 seconds.
Begin MonoManager ReloadAssembly
Symbol file data-0x7fd962863000 doesn't match image /Users/a50621/workspace/AWS_Project/Assets/Plugins/AWSSDK/AWSSDK.Core.dll
Symbol file LoadedFromMemory is not a mono symbol file
Native extension for OSXStandalone target not found
Refreshing native plugins compatible for Editor in 1.88 ms, found 1 plugins.
Preloading 0 native plugins for Editor in 0.00 ms.
Mono: successfully reloaded assembly
- Completed reload, in 10.624 seconds
Platform modules already initialized, skipping
Refreshing native plugins compatible for Editor in 1.68 ms, found 1 plugins.
Preloading 0 native plugins for Editor in 0.00 ms.
Unloading 1699 Unused Serialized files (Serialized files now loaded: 0)
System memory in use before: 0.75 GB.
System memory in use after: 0.73 GB.

Unloading 364 unused Assets to reduce memory usage. Loaded Objects now: 1898.
Total: 15.582779 ms (FindLiveObjects: 0.514244 ms CreateObjectMapping: 0.128850 ms MarkObjects: 1.792442 ms  DeleteObjects: 13.145746 ms)

========================================================================
Received Prepare
Registering precompiled user dll's ...
Registered in 2.050184 seconds.
Begin MonoManager ReloadAssembly
Symbol file data-0x7fd962863000 doesn't match image /Users/a50621/workspace/AWS_Project/Assets/Plugins/AWSSDK/AWSSDK.Core.dll
Symbol file LoadedFromMemory is not a mono symbol file
Native extension for OSXStandalone target not found
Refreshing native plugins compatible for Editor in 1.87 ms, found 1 plugins.
Preloading 0 native plugins for Editor in 0.00 ms.
Mono: successfully reloaded assembly
- Completed reload, in  7.924 seconds
Platform modules already initialized, skipping
Refreshing native plugins compatible for Editor in 1.67 ms, found 1 plugins.
Preloading 0 native plugins for Editor in 0.00 ms.
Unloading 1699 Unused Serialized files (Serialized files now loaded: 0)
System memory in use before: 0.75 GB.
System memory in use after: 0.73 GB.

Unloading 364 unused Assets to reduce memory usage. Loaded Objects now: 1901.
Total: 15.256803 ms (FindLiveObjects: 0.317288 ms CreateObjectMapping: 0.067923 ms MarkObjects: 1.564631 ms  DeleteObjects: 13.305683 ms)

========================================================================
Received Prepare
Registering precompiled user dll's ...
Registered in 2.109230 seconds.
Begin MonoManager ReloadAssembly
Symbol file data-0x7fd962863000 doesn't match image /Users/a50621/workspace/AWS_Project/Assets/Plugins/AWSSDK/AWSSDK.Core.dll
Symbol file LoadedFromMemory is not a mono symbol file
Native extension for OSXStandalone target not found
Refreshing native plugins compatible for Editor in 1.99 ms, found 1 plugins.
Preloading 0 native plugins for Editor in 0.00 ms.
Mono: successfully reloaded assembly
- Completed reload, in  6.669 seconds
Platform modules already initialized, skipping
Refreshing native plugins compatible for Editor in 1.68 ms, found 1 plugins.
Preloading 0 native plugins for Editor in 0.00 ms.
Unloading 1699 Unused Serialized files (Serialized files now loaded: 0)
System memory in use before: 0.75 GB.
System memory in use after: 0.74 GB.

Unloading 364 unused Assets to reduce memory usage. Loaded Objects now: 1904.
Total: 15.638549 ms (FindLiveObjects: 0.317573 ms CreateObjectMapping: 0.065738 ms MarkObjects: 1.599115 ms  DeleteObjects: 13.655014 ms)

========================================================================
Received Prepare
Registering precompiled user dll's ...
Registered in 1.697565 seconds.
Begin MonoManager ReloadAssembly
Symbol file data-0x7fd962863000 doesn't match image /Users/a50621/workspace/AWS_Project/Assets/Plugins/AWSSDK/AWSSDK.Core.dll
Symbol file LoadedFromMemory is not a mono symbol file
Native extension for OSXStandalone target not found
Refreshing native plugins compatible for Editor in 2.04 ms, found 1 plugins.
Preloading 0 native plugins for Editor in 0.00 ms.
Mono: successfully reloaded assembly
- Completed reload, in  5.101 seconds
Platform modules already initialized, skipping
Refreshing native plugins compatible for Editor in 1.75 ms, found 1 plugins.
Preloading 0 native plugins for Editor in 0.00 ms.
Unloading 1699 Unused Serialized files (Serialized files now loaded: 0)
System memory in use before: 0.75 GB.
System memory in use after: 0.74 GB.

Unloading 364 unused Assets to reduce memory usage. Loaded Objects now: 1907.
Total: 15.496967 ms (FindLiveObjects: 0.290696 ms CreateObjectMapping: 0.070264 ms MarkObjects: 1.623168 ms  DeleteObjects: 13.512075 ms)

========================================================================
Received Prepare
Registering precompiled user dll's ...
Registered in 2.740070 seconds.
Begin MonoManager ReloadAssembly
Symbol file data-0x7fd962863000 doesn't match image /Users/a50621/workspace/AWS_Project/Assets/Plugins/AWSSDK/AWSSDK.Core.dll
Symbol file LoadedFromMemory is not a mono symbol file
Native extension for OSXStandalone target not found
Refreshing native plugins compatible for Editor in 1.97 ms, found 1 plugins.
Preloading 0 native plugins for Editor in 0.00 ms.
Mono: successfully reloaded assembly
- Completed reload, in 15.825 seconds
Platform modules already initialized, skipping
Refreshing native plugins compatible for Editor in 1.68 ms, found 1 plugins.
Preloading 0 native plugins for Editor in 0.00 ms.
Unloading 1699 Unused Serialized files (Serialized files now loaded: 0)
System memory in use before: 0.75 GB.
System memory in use after: 0.74 GB.

Unloading 364 unused Assets to reduce memory usage. Loaded Objects now: 1910.
Total: 16.445192 ms (FindLiveObjects: 0.821261 ms CreateObjectMapping: 0.166179 ms MarkObjects: 1.753228 ms  DeleteObjects: 13.703144 ms)

========================================================================
Received Prepare
Registering precompiled user dll's ...
Registered in 0.038448 seconds.
Begin MonoManager ReloadAssembly
Symbol file data-0x7fd962863000 doesn't match image /Users/a50621/workspace/AWS_Project/Assets/Plugins/AWSSDK/AWSSDK.Core.dll
Symbol file LoadedFromMemory is not a mono symbol file
Native extension for OSXStandalone target not found
Refreshing native plugins compatible for Editor in 1.67 ms, found 1 plugins.
Preloading 0 native plugins for Editor in 0.00 ms.
Mono: successfully reloaded assembly
- Completed reload, in  7.208 seconds
Platform modules already initialized, skipping
Refreshing native plugins compatible for Editor in 1.68 ms, found 1 plugins.
Preloading 0 native plugins for Editor in 0.00 ms.
Unloading 1699 Unused Serialized files (Serialized files now loaded: 0)
System memory in use before: 0.75 GB.
System memory in use after: 0.74 GB.

Unloading 364 unused Assets to reduce memory usage. Loaded Objects now: 1913.
Total: 16.098969 ms (FindLiveObjects: 0.496659 ms CreateObjectMapping: 0.091824 ms MarkObjects: 1.980189 ms  DeleteObjects: 13.529104 ms)

========================================================================
Received Prepare
Registering precompiled user dll's ...
Registered in 2.115387 seconds.
Begin MonoManager ReloadAssembly
Symbol file data-0x7fd962863000 doesn't match image /Users/a50621/workspace/AWS_Project/Assets/Plugins/AWSSDK/AWSSDK.Core.dll
Symbol file LoadedFromMemory is not a mono symbol file
Native extension for OSXStandalone target not found
Refreshing native plugins compatible for Editor in 1.85 ms, found 1 plugins.
Preloading 0 native plugins for Editor in 0.00 ms.
Mono: successfully reloaded assembly
- Completed reload, in  7.459 seconds
Platform modules already initialized, skipping
Refreshing native plugins compatible for Editor in 1.67 ms, found 1 plugins.
Preloading 0 native plugins for Editor in 0.00 ms.
Unloading 1699 Unused Serialized files (Serialized files now loaded: 0)
System memory in use before: 0.75 GB.
System memory in use after: 0.74 GB.

Unloading 364 unused Assets to reduce memory usage. Loaded Objects now: 1916.
Total: 16.285705 ms (FindLiveObjects: 0.302242 ms CreateObjectMapping: 0.096751 ms MarkObjects: 2.126771 ms  DeleteObjects: 13.758758 ms)

========================================================================
Received Prepare
Registering precompiled user dll's ...
Registered in 2.737933 seconds.
Begin MonoManager ReloadAssembly
Symbol file data-0x7fd962863000 doesn't match image /Users/a50621/workspace/AWS_Project/Assets/Plugins/AWSSDK/AWSSDK.Core.dll
Symbol file LoadedFromMemory is not a mono symbol file
Native extension for OSXStandalone target not found
Refreshing native plugins compatible for Editor in 2.03 ms, found 1 plugins.
Preloading 0 native plugins for Editor in 0.00 ms.
Mono: successfully reloaded assembly
- Completed reload, in  6.637 seconds
Platform modules already initialized, skipping
Refreshing native plugins compatible for Editor in 1.78 ms, found 1 plugins.
Preloading 0 native plugins for Editor in 0.00 ms.
Unloading 1699 Unused Serialized files (Serialized files now loaded: 0)
System memory in use before: 0.75 GB.
System memory in use after: 0.74 GB.

Unloading 364 unused Assets to reduce memory usage. Loaded Objects now: 1919.
Total: 16.057666 ms (FindLiveObjects: 0.337344 ms CreateObjectMapping: 0.155504 ms MarkObjects: 1.863443 ms  DeleteObjects: 13.700009 ms)

========================================================================
Received Prepare
Registering precompiled user dll's ...
Registered in 1.398827 seconds.
Begin MonoManager ReloadAssembly
Symbol file data-0x7fd962863000 doesn't match image /Users/a50621/workspace/AWS_Project/Assets/Plugins/AWSSDK/AWSSDK.Core.dll
Symbol file LoadedFromMemory is not a mono symbol file
Native extension for OSXStandalone target not found
Refreshing native plugins compatible for Editor in 1.69 ms, found 1 plugins.
Preloading 0 native plugins for Editor in 0.00 ms.
Mono: successfully reloaded assembly
- Completed reload, in  5.640 seconds
Platform modules already initialized, skipping
Refreshing native plugins compatible for Editor in 2.04 ms, found 1 plugins.
Preloading 0 native plugins for Editor in 0.00 ms.
Unloading 1699 Unused Serialized files (Serialized files now loaded: 0)
System memory in use before: 0.75 GB.
System memory in use after: 0.74 GB.

Unloading 364 unused Assets to reduce memory usage. Loaded Objects now: 1922.
Total: 16.968087 ms (FindLiveObjects: 0.331726 ms CreateObjectMapping: 0.082451 ms MarkObjects: 1.601020 ms  DeleteObjects: 14.951952 ms)

========================================================================
Received Prepare
Registering precompiled user dll's ...
Registered in 2.139751 seconds.
Begin MonoManager ReloadAssembly
Symbol file data-0x7fd962863000 doesn't match image /Users/a50621/workspace/AWS_Project/Assets/Plugins/AWSSDK/AWSSDK.Core.dll
Symbol file LoadedFromMemory is not a mono symbol file
Native extension for OSXStandalone target not found
Refreshing native plugins compatible for Editor in 1.67 ms, found 1 plugins.
Preloading 0 native plugins for Editor in 0.00 ms.
Mono: successfully reloaded assembly
- Completed reload, in  7.019 seconds
Platform modules already initialized, skipping
Refreshing native plugins compatible for Editor in 1.93 ms, found 1 plugins.
Preloading 0 native plugins for Editor in 0.00 ms.
Unloading 1699 Unused Serialized files (Serialized files now loaded: 0)
System memory in use before: 0.75 GB.
System memory in use after: 0.74 GB.

Unloading 364 unused Assets to reduce memory usage. Loaded Objects now: 1925.
Total: 17.745590 ms (FindLiveObjects: 0.348001 ms CreateObjectMapping: 0.114578 ms MarkObjects: 2.510212 ms  DeleteObjects: 14.770457 ms)

