Using pre-set license

 COMMAND LINE ARGUMENTS:
/Applications/Unity/Hub/Editor/2020.3.7f1/Unity.app/Contents/MacOS/Unity
-adb2
-batchMode
-noUpm
-name
AssetImportWorker1
-projectPath
/Users/a50621/workspace/AWS_Project
-logFile
Logs/AssetImportWorker1.log
-srvPort
59878
Successfully changed project path to: /Users/a50621/workspace/AWS_Project
/Users/a50621/workspace/AWS_Project
Using Asset Import Pipeline V2.
Refreshing native plugins compatible for Editor in 479.20 ms, found 1 plugins.
Preloading 0 native plugins for Editor in 0.00 ms.
Initialize engine version: 2020.3.7f1 (dd97f2c94397)
[Subsystems] Discovering subsystems at path /Applications/Unity/Hub/Editor/2020.3.7f1/Unity.app/Contents/Resources/UnitySubsystems
[Subsystems] Discovering subsystems at path /Users/a50621/workspace/AWS_Project/Assets
GfxDevice: creating device client; threaded=0
2021-06-25 13:23:14.726 Unity[19614:395828] iMac preferred device: AMD Radeon Pro 555X (high power)
2021-06-25 13:23:14.726 Unity[19614:395828] Metal devices available: 1
2021-06-25 13:23:14.726 Unity[19614:395828] 0: AMD Radeon Pro 555X (high power)
2021-06-25 13:23:14.727 Unity[19614:395828] Using device AMD Radeon Pro 555X (high power)
Initializing Metal device caps: AMD Radeon Pro 555X
Initialize mono
Mono path[0] = '/Applications/Unity/Hub/Editor/2020.3.7f1/Unity.app/Contents/Managed'
Mono path[1] = '/Applications/Unity/Hub/Editor/2020.3.7f1/Unity.app/Contents/MonoBleedingEdge/lib/mono/unityjit'
Mono config path = '/Applications/Unity/Hub/Editor/2020.3.7f1/Unity.app/Contents/MonoBleedingEdge/etc'
Using monoOptions --debugger-agent=transport=dt_socket,embedding=1,server=y,suspend=n,address=127.0.0.1:56614
Begin MonoManager ReloadAssembly
Registering precompiled unity dll's ...
Register platform support module: /Applications/Unity/Hub/Editor/2020.3.7f1/Unity.app/Contents/PlaybackEngines/MacStandaloneSupport/UnityEditor.OSXStandalone.Extensions.dll
Registered in 0.000558 seconds.
Native extension for OSXStandalone target not found
Refreshing native plugins compatible for Editor in 33.46 ms, found 1 plugins.
Preloading 0 native plugins for Editor in 0.00 ms.
Mono: successfully reloaded assembly
- Completed reload, in  2.230 seconds
Platform modules already initialized, skipping
Registering precompiled user dll's ...
Registered in 0.039920 seconds.
Begin MonoManager ReloadAssembly
Symbol file data-0x7f8576983000 doesn't match image /Users/a50621/workspace/AWS_Project/Assets/Plugins/AWSSDK/AWSSDK.Core.dll
Symbol file LoadedFromMemory is not a mono symbol file
Native extension for OSXStandalone target not found
Refreshing native plugins compatible for Editor in 1.99 ms, found 1 plugins.
Preloading 0 native plugins for Editor in 0.00 ms.
Mono: successfully reloaded assembly
- Completed reload, in  3.271 seconds
Platform modules already initialized, skipping
========================================================================
Worker process is ready to serve import requests
Launching external process: /Applications/Unity/Hub/Editor/2020.3.7f1/Unity.app/Contents/Tools/UnityShaderCompiler
Launched and connected shader compiler UnityShaderCompiler after 0.01 seconds
Refreshing native plugins compatible for Editor in 1.50 ms, found 1 plugins.
Preloading 0 native plugins for Editor in 0.00 ms.
Unloading 1728 Unused Serialized files (Serialized files now loaded: 0)
System memory in use before: 0.71 GB.
System memory in use after: 0.70 GB.

Unloading 366 unused Assets to reduce memory usage. Loaded Objects now: 1820.
Total: 96.846614 ms (FindLiveObjects: 0.321715 ms CreateObjectMapping: 0.097208 ms MarkObjects: 83.512090 ms  DeleteObjects: 12.913418 ms)

========================================================================
Received Import Request.
  path: Assets/Flore1_Nomal.jpg
  artifactKey: Guid(c222f2f8364ea45988900c43c073c226) Importer(815301076,1909f56bfc062723c751e8b465ee728b)
Start importing Assets/Flore1_Nomal.jpg using Guid(c222f2f8364ea45988900c43c073c226) Importer(815301076,1909f56bfc062723c751e8b465ee728b)  -> (artifact id: '40ea96824d0d8030f413e5afdd1b58d8') in 2.400166 seconds
  Import took 2.403632 seconds .

========================================================================
Received Import Request.
  Time since last request: 0.000245 seconds.
  path: Assets/Flore1.jpg
  artifactKey: Guid(a0c85ebddc0d84ad99a1579add085570) Importer(815301076,1909f56bfc062723c751e8b465ee728b)
Start importing Assets/Flore1.jpg using Guid(a0c85ebddc0d84ad99a1579add085570) Importer(815301076,1909f56bfc062723c751e8b465ee728b)  -> (artifact id: 'd41db7513c39947b43e1fcc284ba8d56') in 0.072941 seconds
  Import took 0.075721 seconds .

========================================================================
Received Import Request.
  Time since last request: 0.000218 seconds.
  path: Assets/Player_Woman.prefab
  artifactKey: Guid(76678ba1fc2bc4f2fb3d75b86747f19c) Importer(815301076,1909f56bfc062723c751e8b465ee728b)
Start importing Assets/Player_Woman.prefab using Guid(76678ba1fc2bc4f2fb3d75b86747f19c) Importer(815301076,1909f56bfc062723c751e8b465ee728b)  -> (artifact id: '3cf090030acea0d6ec521739734536ae') in 2.612773 seconds
  Import took 2.642633 seconds .

========================================================================
Received Import Request.
  Time since last request: 0.000201 seconds.
  path: Assets/Plugins/AWSSDK
  artifactKey: Guid(f3b2f2f9baf0048ea8501c9ab730a8bc) Importer(815301076,1909f56bfc062723c751e8b465ee728b)
Start importing Assets/Plugins/AWSSDK using Guid(f3b2f2f9baf0048ea8501c9ab730a8bc) Importer(815301076,1909f56bfc062723c751e8b465ee728b)  -> (artifact id: '687874828dc7b49dde826891f33206cd') in 0.020135 seconds
  Import took 0.022214 seconds .

========================================================================
Received Import Request.
  Time since last request: 0.000164 seconds.
  path: Assets/Player_Man.prefab
  artifactKey: Guid(115a6ffa360394d63b951d9a7b149d1e) Importer(815301076,1909f56bfc062723c751e8b465ee728b)
Start importing Assets/Player_Man.prefab using Guid(115a6ffa360394d63b951d9a7b149d1e) Importer(815301076,1909f56bfc062723c751e8b465ee728b)  -> (artifact id: '8dbfc67f4071883fda274921fd416d97') in 0.416587 seconds
  Import took 0.420417 seconds .

========================================================================
Received Import Request.
  Time since last request: 20.009776 seconds.
  path: Assets/Motions/Game_Motion_Idle.fbx
  artifactKey: Guid(38c3a1736c4ce49bcba2bbcfc95ccf93) Importer(815301076,1909f56bfc062723c751e8b465ee728b)
Start importing Assets/Motions/Game_Motion_Idle.fbx using Guid(38c3a1736c4ce49bcba2bbcfc95ccf93) Importer(815301076,1909f56bfc062723c751e8b465ee728b)  -> (artifact id: '3d3f4133099e19569d4e307ad472efbe') in 1.311000 seconds
  Import took 1.314738 seconds .

========================================================================
Received Import Request.
  Time since last request: 0.000210 seconds.
  path: Assets/Motions/Game_Motion_Walking_woman.fbx
  artifactKey: Guid(e908a987f11da4f68a678fb3d97ab69e) Importer(815301076,1909f56bfc062723c751e8b465ee728b)
Start importing Assets/Motions/Game_Motion_Walking_woman.fbx using Guid(e908a987f11da4f68a678fb3d97ab69e) Importer(815301076,1909f56bfc062723c751e8b465ee728b)  -> (artifact id: '6c519b5521652b8a12e01cd9ebc6d020') in 0.158755 seconds
  Import took 0.161347 seconds .

========================================================================
Received Import Request.
  Time since last request: 0.000217 seconds.
  path: Assets/Motions/Game_Motion_Jump.fbx
  artifactKey: Guid(ca7feb066495b4218badb4bdbd7e243f) Importer(815301076,1909f56bfc062723c751e8b465ee728b)
Start importing Assets/Motions/Game_Motion_Jump.fbx using Guid(ca7feb066495b4218badb4bdbd7e243f) Importer(815301076,1909f56bfc062723c751e8b465ee728b)  -> (artifact id: '5f4b9c38b0c8d3676fee61bc056fd180') in 0.124201 seconds
  Import took 0.127414 seconds .

========================================================================
Received Import Request.
  Time since last request: 0.000261 seconds.
  path: Assets/Motions/Game_Motion_Idle_Woman.fbx
  artifactKey: Guid(2b0755a14299c4bbaad2a00cf771749a) Importer(815301076,1909f56bfc062723c751e8b465ee728b)
Start importing Assets/Motions/Game_Motion_Idle_Woman.fbx using Guid(2b0755a14299c4bbaad2a00cf771749a) Importer(815301076,1909f56bfc062723c751e8b465ee728b)  -> (artifact id: 'ee8a0ae81ce2d78efa0db5d70497e3e6') in 0.135391 seconds
  Import took 0.138058 seconds .

========================================================================
Received Import Request.
  Time since last request: 0.000186 seconds.
  path: Assets/Motions/Game_Motion_Walking.fbx
  artifactKey: Guid(b43fe6c274b424149a9785315a68b70b) Importer(815301076,1909f56bfc062723c751e8b465ee728b)
Start importing Assets/Motions/Game_Motion_Walking.fbx using Guid(b43fe6c274b424149a9785315a68b70b) Importer(815301076,1909f56bfc062723c751e8b465ee728b)  -> (artifact id: '2f33e3f63e671b8917b27df8dc912421') in 0.147457 seconds
  Import took 0.150140 seconds .

========================================================================
Received Import Request.
  Time since last request: 5.545476 seconds.
  path: Assets/MyAssets/Scripts
  artifactKey: Guid(0c93eca1dcde94906953a7f8e04a0959) Importer(815301076,1909f56bfc062723c751e8b465ee728b)
Start importing Assets/MyAssets/Scripts using Guid(0c93eca1dcde94906953a7f8e04a0959) Importer(815301076,1909f56bfc062723c751e8b465ee728b)  -> (artifact id: 'd2db536b3cd7f89d94797a4caabd54cc') in 0.018637 seconds
  Import took 0.021310 seconds .

