Using pre-set license

 COMMAND LINE ARGUMENTS:
/Applications/Unity/Hub/Editor/2020.3.7f1/Unity.app/Contents/MacOS/Unity
-adb2
-batchMode
-noUpm
-name
AssetImportWorker2
-projectPath
/Users/a50621/workspace/AWS_Project
-logFile
Logs/AssetImportWorker2.log
-srvPort
49938
Successfully changed project path to: /Users/a50621/workspace/AWS_Project
/Users/a50621/workspace/AWS_Project
Using Asset Import Pipeline V2.
Refreshing native plugins compatible for Editor in 66.95 ms, found 1 plugins.
Preloading 0 native plugins for Editor in 0.00 ms.
Initialize engine version: 2020.3.7f1 (dd97f2c94397)
[Subsystems] Discovering subsystems at path /Applications/Unity/Hub/Editor/2020.3.7f1/Unity.app/Contents/Resources/UnitySubsystems
[Subsystems] Discovering subsystems at path /Users/a50621/workspace/AWS_Project/Assets
GfxDevice: creating device client; threaded=0
2021-07-05 13:38:57.651 Unity[65013:1249177] iMac preferred device: AMD Radeon Pro 555X (high power)
2021-07-05 13:38:57.651 Unity[65013:1249177] Metal devices available: 1
2021-07-05 13:38:57.651 Unity[65013:1249177] 0: AMD Radeon Pro 555X (high power)
2021-07-05 13:38:57.651 Unity[65013:1249177] Using device AMD Radeon Pro 555X (high power)
Initializing Metal device caps: AMD Radeon Pro 555X
Initialize mono
Mono path[0] = '/Applications/Unity/Hub/Editor/2020.3.7f1/Unity.app/Contents/Managed'
Mono path[1] = '/Applications/Unity/Hub/Editor/2020.3.7f1/Unity.app/Contents/MonoBleedingEdge/lib/mono/unityjit'
Mono config path = '/Applications/Unity/Hub/Editor/2020.3.7f1/Unity.app/Contents/MonoBleedingEdge/etc'
Using monoOptions --debugger-agent=transport=dt_socket,embedding=1,server=y,suspend=n,address=127.0.0.1:56013
Begin MonoManager ReloadAssembly
Registering precompiled unity dll's ...
Register platform support module: /Applications/Unity/Hub/Editor/2020.3.7f1/Unity.app/Contents/PlaybackEngines/MacStandaloneSupport/UnityEditor.OSXStandalone.Extensions.dll
Registered in 0.000558 seconds.
Native extension for OSXStandalone target not found
Refreshing native plugins compatible for Editor in 33.73 ms, found 1 plugins.
Preloading 0 native plugins for Editor in 0.00 ms.
Mono: successfully reloaded assembly
- Completed reload, in  2.007 seconds
Platform modules already initialized, skipping
Registering precompiled user dll's ...
Registered in 0.041442 seconds.
Begin MonoManager ReloadAssembly
Symbol file data-0x7f88b22fa000 doesn't match image /Users/a50621/workspace/AWS_Project/Assets/Plugins/AWSSDK/AWSSDK.Core.dll
Symbol file LoadedFromMemory is not a mono symbol file
Native extension for OSXStandalone target not found
Refreshing native plugins compatible for Editor in 2.12 ms, found 1 plugins.
Preloading 0 native plugins for Editor in 0.00 ms.
Mono: successfully reloaded assembly
- Completed reload, in 10.992 seconds
Platform modules already initialized, skipping
========================================================================
Worker process is ready to serve import requests
Launching external process: /Applications/Unity/Hub/Editor/2020.3.7f1/Unity.app/Contents/Tools/UnityShaderCompiler
Launched and connected shader compiler UnityShaderCompiler after 0.34 seconds
Refreshing native plugins compatible for Editor in 1.52 ms, found 1 plugins.
Preloading 0 native plugins for Editor in 0.00 ms.
Unloading 1744 Unused Serialized files (Serialized files now loaded: 0)
System memory in use before: 0.71 GB.
System memory in use after: 0.70 GB.

Unloading 374 unused Assets to reduce memory usage. Loaded Objects now: 1828.
Total: 52.988503 ms (FindLiveObjects: 0.330475 ms CreateObjectMapping: 0.144598 ms MarkObjects: 39.569923 ms  DeleteObjects: 12.941751 ms)

========================================================================
Received Import Request.
  path: Assets/Flore1_Nomal.jpg
  artifactKey: Guid(c222f2f8364ea45988900c43c073c226) Importer(815301076,1909f56bfc062723c751e8b465ee728b)
Start importing Assets/Flore1_Nomal.jpg using Guid(c222f2f8364ea45988900c43c073c226) Importer(815301076,1909f56bfc062723c751e8b465ee728b)  -> (artifact id: '40ea96824d0d8030f413e5afdd1b58d8') in 2.777975 seconds
  Import took 2.782776 seconds .

========================================================================
Received Import Request.
  Time since last request: 0.020178 seconds.
  path: Assets/MyAssets/Scene/MainMenu.unity
  artifactKey: Guid(cd35c27d9edcd444c8058568961dfc82) Importer(815301076,1909f56bfc062723c751e8b465ee728b)
Start importing Assets/MyAssets/Scene/MainMenu.unity using Guid(cd35c27d9edcd444c8058568961dfc82) Importer(815301076,1909f56bfc062723c751e8b465ee728b)  -> (artifact id: '16e6a22883aa733e4e0eea8760d14fea') in 0.063807 seconds
  Import took 0.066541 seconds .

========================================================================
Received Import Request.
  Time since last request: 0.000222 seconds.
  path: Assets/Flore1.jpg
  artifactKey: Guid(a0c85ebddc0d84ad99a1579add085570) Importer(815301076,1909f56bfc062723c751e8b465ee728b)
Start importing Assets/Flore1.jpg using Guid(a0c85ebddc0d84ad99a1579add085570) Importer(815301076,1909f56bfc062723c751e8b465ee728b)  -> (artifact id: 'd41db7513c39947b43e1fcc284ba8d56') in 0.141279 seconds
  Import took 0.143954 seconds .

========================================================================
Received Import Request.
  Time since last request: 0.000231 seconds.
  path: Assets/MyAssets/Scene
  artifactKey: Guid(4439701a2e41f4ebb94dda43978f5342) Importer(815301076,1909f56bfc062723c751e8b465ee728b)
Start importing Assets/MyAssets/Scene using Guid(4439701a2e41f4ebb94dda43978f5342) Importer(815301076,1909f56bfc062723c751e8b465ee728b)  -> (artifact id: 'f7bef431d69f8a3ab04faa41c7ee6b86') in 0.006891 seconds
  Import took 0.009263 seconds .

========================================================================
Received Import Request.
  Time since last request: 0.000248 seconds.
  path: Assets/Player_Woman.prefab
  artifactKey: Guid(76678ba1fc2bc4f2fb3d75b86747f19c) Importer(815301076,1909f56bfc062723c751e8b465ee728b)
Start importing Assets/Player_Woman.prefab using Guid(76678ba1fc2bc4f2fb3d75b86747f19c) Importer(815301076,1909f56bfc062723c751e8b465ee728b)  -> (artifact id: '3cf090030acea0d6ec521739734536ae') in 3.741264 seconds
  Import took 3.790363 seconds .

========================================================================
Received Import Request.
  Time since last request: 0.000266 seconds.
  path: Assets/Player_Man.prefab
  artifactKey: Guid(115a6ffa360394d63b951d9a7b149d1e) Importer(815301076,1909f56bfc062723c751e8b465ee728b)
Start importing Assets/Player_Man.prefab using Guid(115a6ffa360394d63b951d9a7b149d1e) Importer(815301076,1909f56bfc062723c751e8b465ee728b)  -> (artifact id: '8dbfc67f4071883fda274921fd416d97') in 0.827375 seconds
  Import took 0.830702 seconds .

========================================================================
Received Import Request.
  Time since last request: 4.721673 seconds.
  path: Assets/MyAssets/Scene/MainMenu.unity
  artifactKey: Guid(cd35c27d9edcd444c8058568961dfc82) Importer(815301076,1909f56bfc062723c751e8b465ee728b)
Start importing Assets/MyAssets/Scene/MainMenu.unity using Guid(cd35c27d9edcd444c8058568961dfc82) Importer(815301076,1909f56bfc062723c751e8b465ee728b)  -> (artifact id: '16e6a22883aa733e4e0eea8760d14fea') in 0.028796 seconds
  Import took 0.032041 seconds .

========================================================================
Received Import Request.
  Time since last request: 30.816456 seconds.
  path: Assets/MyAssets/Scripts/MainMenuUIController.cs
  artifactKey: Guid(01ed7c026883e49b3aed9652cb834b1c) Importer(815301076,1909f56bfc062723c751e8b465ee728b)
Start importing Assets/MyAssets/Scripts/MainMenuUIController.cs using Guid(01ed7c026883e49b3aed9652cb834b1c) Importer(815301076,1909f56bfc062723c751e8b465ee728b)  -> (artifact id: 'fde06c609f92ca84388c7310dc9cfbc6') in 4.045408 seconds
  Import took 4.074943 seconds .

========================================================================
Received Prepare
Registering precompiled user dll's ...
Registered in 4.341247 seconds.
Begin MonoManager ReloadAssembly
Symbol file data-0x7f887e6eb000 doesn't match image /Users/a50621/workspace/AWS_Project/Assets/Plugins/AWSSDK/AWSSDK.Core.dll
Symbol file LoadedFromMemory is not a mono symbol file
Native extension for OSXStandalone target not found
Refreshing native plugins compatible for Editor in 1.71 ms, found 1 plugins.
Preloading 0 native plugins for Editor in 0.00 ms.
Mono: successfully reloaded assembly
- Completed reload, in  9.554 seconds
Platform modules already initialized, skipping
Refreshing native plugins compatible for Editor in 1.87 ms, found 1 plugins.
Preloading 0 native plugins for Editor in 0.00 ms.
Unloading 1706 Unused Serialized files (Serialized files now loaded: 0)
System memory in use before: 0.74 GB.
System memory in use after: 0.73 GB.

Unloading 369 unused Assets to reduce memory usage. Loaded Objects now: 1843.
Total: 14.859655 ms (FindLiveObjects: 0.369145 ms CreateObjectMapping: 0.096593 ms MarkObjects: 2.206816 ms  DeleteObjects: 12.185305 ms)

========================================================================
Received Prepare
Registering precompiled user dll's ...
Registered in 0.048391 seconds.
Begin MonoManager ReloadAssembly
Symbol file data-0x7f887e6eb000 doesn't match image /Users/a50621/workspace/AWS_Project/Assets/Plugins/AWSSDK/AWSSDK.Core.dll
Symbol file LoadedFromMemory is not a mono symbol file
Native extension for OSXStandalone target not found
Refreshing native plugins compatible for Editor in 1.75 ms, found 1 plugins.
Preloading 0 native plugins for Editor in 0.00 ms.
Mono: successfully reloaded assembly
- Completed reload, in  3.804 seconds
Platform modules already initialized, skipping
Refreshing native plugins compatible for Editor in 1.72 ms, found 1 plugins.
Preloading 0 native plugins for Editor in 0.00 ms.
Unloading 1706 Unused Serialized files (Serialized files now loaded: 0)
System memory in use before: 0.74 GB.
System memory in use after: 0.73 GB.

Unloading 369 unused Assets to reduce memory usage. Loaded Objects now: 1846.
Total: 14.528033 ms (FindLiveObjects: 0.248660 ms CreateObjectMapping: 0.085964 ms MarkObjects: 2.063819 ms  DeleteObjects: 12.128565 ms)

========================================================================
Received Prepare
Registering precompiled user dll's ...
Registered in 2.324115 seconds.
Begin MonoManager ReloadAssembly
Symbol file data-0x7f887e6eb000 doesn't match image /Users/a50621/workspace/AWS_Project/Assets/Plugins/AWSSDK/AWSSDK.Core.dll
Symbol file LoadedFromMemory is not a mono symbol file
Native extension for OSXStandalone target not found
Refreshing native plugins compatible for Editor in 1.72 ms, found 1 plugins.
Preloading 0 native plugins for Editor in 0.00 ms.
Mono: successfully reloaded assembly
- Completed reload, in  7.202 seconds
Platform modules already initialized, skipping
Refreshing native plugins compatible for Editor in 1.72 ms, found 1 plugins.
Preloading 0 native plugins for Editor in 0.00 ms.
Unloading 1706 Unused Serialized files (Serialized files now loaded: 0)
System memory in use before: 0.74 GB.
System memory in use after: 0.73 GB.

Unloading 369 unused Assets to reduce memory usage. Loaded Objects now: 1849.
Total: 14.834288 ms (FindLiveObjects: 0.306878 ms CreateObjectMapping: 0.092976 ms MarkObjects: 2.095863 ms  DeleteObjects: 12.337441 ms)

========================================================================
Received Import Request.
  Time since last request: 1590.278465 seconds.
  path: Assets/MyAssets/Images/Chat.png
  artifactKey: Guid(623d485c4460d42dfb7374a41cd2b5ad) Importer(815301076,1909f56bfc062723c751e8b465ee728b)
Start importing Assets/MyAssets/Images/Chat.png using Guid(623d485c4460d42dfb7374a41cd2b5ad) Importer(815301076,1909f56bfc062723c751e8b465ee728b)  -> (artifact id: '4dc4b86cf84cd17a36e5daedb793e2fd') in 2.110541 seconds
  Import took 2.121844 seconds .

========================================================================
Received Import Request.
  Time since last request: 0.000320 seconds.
  path: Assets/MyAssets/Images/Game_Image_logo.png
  artifactKey: Guid(58be30945524440abab0c2cc37e0cc51) Importer(815301076,1909f56bfc062723c751e8b465ee728b)
Start importing Assets/MyAssets/Images/Game_Image_logo.png using Guid(58be30945524440abab0c2cc37e0cc51) Importer(815301076,1909f56bfc062723c751e8b465ee728b)  -> (artifact id: '3ee97bc0eadacafc95096e5afc267f00') in 0.075626 seconds
  Import took 0.077944 seconds .

========================================================================
Received Import Request.
  Time since last request: 0.000287 seconds.
  path: Assets/MyAssets/Images/Panel.png
  artifactKey: Guid(f40b288cf83d24fc4896d249753af93d) Importer(815301076,1909f56bfc062723c751e8b465ee728b)
Start importing Assets/MyAssets/Images/Panel.png using Guid(f40b288cf83d24fc4896d249753af93d) Importer(815301076,1909f56bfc062723c751e8b465ee728b)  -> (artifact id: 'e99d0f7db314319d06c1e20b20b5c899') in 0.090451 seconds
  Import took 0.092730 seconds .

========================================================================
Received Import Request.
  Time since last request: 0.000194 seconds.
  path: Assets/MyAssets/Images/icons_Info_user.png
  artifactKey: Guid(6500c903c3489426297d9ff47a2a40c9) Importer(815301076,1909f56bfc062723c751e8b465ee728b)
Start importing Assets/MyAssets/Images/icons_Info_user.png using Guid(6500c903c3489426297d9ff47a2a40c9) Importer(815301076,1909f56bfc062723c751e8b465ee728b)  -> (artifact id: 'd35bde803e45bd3d474bd9f14b17eb1e') in 0.012556 seconds
  Import took 0.014798 seconds .

========================================================================
Received Import Request.
  Time since last request: 0.000189 seconds.
  path: Assets/MyAssets/Images/icons_relode.png
  artifactKey: Guid(0e448450247d54b48aaf89ac1fa24141) Importer(815301076,1909f56bfc062723c751e8b465ee728b)
Start importing Assets/MyAssets/Images/icons_relode.png using Guid(0e448450247d54b48aaf89ac1fa24141) Importer(815301076,1909f56bfc062723c751e8b465ee728b)  -> (artifact id: 'c78a52ca4d13a24068d7adc03b5734d3') in 0.056909 seconds
  Import took 0.059250 seconds .

========================================================================
Received Import Request.
  Time since last request: 0.000191 seconds.
  path: Assets/MyAssets/Images/icons_delete.png
  artifactKey: Guid(c20445164c15145aa81ed96650c86b1e) Importer(815301076,1909f56bfc062723c751e8b465ee728b)
Start importing Assets/MyAssets/Images/icons_delete.png using Guid(c20445164c15145aa81ed96650c86b1e) Importer(815301076,1909f56bfc062723c751e8b465ee728b)  -> (artifact id: 'cc0ecab8d4bdd6daeb4930e5f269a74e') in 0.022025 seconds
  Import took 0.024627 seconds .

========================================================================
Received Import Request.
  Time since last request: 0.000264 seconds.
  path: Assets/MyAssets/Images/icons_Tool.png
  artifactKey: Guid(dc4fa966c0b5d4c5c9cf83de16fc70eb) Importer(815301076,1909f56bfc062723c751e8b465ee728b)
Start importing Assets/MyAssets/Images/icons_Tool.png using Guid(dc4fa966c0b5d4c5c9cf83de16fc70eb) Importer(815301076,1909f56bfc062723c751e8b465ee728b)  -> (artifact id: '3c19dc9d649cbdb24bdc8f9af9d9b5c3') in 0.026224 seconds
  Import took 0.028765 seconds .

========================================================================
Received Import Request.
  Time since last request: 0.000174 seconds.
  path: Assets/MyAssets/Images/icons_Back.png
  artifactKey: Guid(55a89f9bd4479483cb85e850c2162991) Importer(815301076,1909f56bfc062723c751e8b465ee728b)
Start importing Assets/MyAssets/Images/icons_Back.png using Guid(55a89f9bd4479483cb85e850c2162991) Importer(815301076,1909f56bfc062723c751e8b465ee728b)  -> (artifact id: '146b5e045cf548f5464888a05ec893d8') in 0.031671 seconds
  Import took 0.034206 seconds .

========================================================================
Received Import Request.
  Time since last request: 0.000216 seconds.
  path: Assets/MyAssets/Images/Game_Image_MainMenu.png
  artifactKey: Guid(120a9091ec38b4e92b0b5c1af694b8d2) Importer(815301076,1909f56bfc062723c751e8b465ee728b)
Start importing Assets/MyAssets/Images/Game_Image_MainMenu.png using Guid(120a9091ec38b4e92b0b5c1af694b8d2) Importer(815301076,1909f56bfc062723c751e8b465ee728b)  -> (artifact id: 'd723b5de06cd6b7e2a91daaa5876f2b5') in 0.032686 seconds
  Import took 0.035652 seconds .

========================================================================
Received Import Request.
  Time since last request: 0.000228 seconds.
  path: Assets/MyAssets/Images/Help.jpg
  artifactKey: Guid(663ca448fa86d49228ba978219f2a2f5) Importer(815301076,1909f56bfc062723c751e8b465ee728b)
Start importing Assets/MyAssets/Images/Help.jpg using Guid(663ca448fa86d49228ba978219f2a2f5) Importer(815301076,1909f56bfc062723c751e8b465ee728b)  -> (artifact id: '552142a2bf3b3ffa822ee107aa0d9aa7') in 0.050108 seconds
  Import took 0.052900 seconds .

========================================================================
Received Import Request.
  Time since last request: 0.000226 seconds.
  path: Assets/MyAssets/Images/search_Panel.jpg
  artifactKey: Guid(77a1c186a5d0f4f05a0a565779e261c9) Importer(815301076,1909f56bfc062723c751e8b465ee728b)
Start importing Assets/MyAssets/Images/search_Panel.jpg using Guid(77a1c186a5d0f4f05a0a565779e261c9) Importer(815301076,1909f56bfc062723c751e8b465ee728b)  -> (artifact id: '3d0cf99490716f50eaa463f1b8691fc4') in 0.035058 seconds
  Import took 0.037229 seconds .

========================================================================
Received Import Request.
  Time since last request: 0.000500 seconds.
  path: Assets/MyAssets/Images/icons_chat.png
  artifactKey: Guid(f9fd47422d7b943c3bf51b3e65725dd1) Importer(815301076,1909f56bfc062723c751e8b465ee728b)
Start importing Assets/MyAssets/Images/icons_chat.png using Guid(f9fd47422d7b943c3bf51b3e65725dd1) Importer(815301076,1909f56bfc062723c751e8b465ee728b)  -> (artifact id: '9c3adaf09f16f7bd783b8e45b3518586') in 0.031719 seconds
  Import took 0.033994 seconds .

========================================================================
Received Import Request.
  Time since last request: 0.000202 seconds.
  path: Assets/MyAssets/Images/PlayMenu.png
  artifactKey: Guid(b08e7e999c8df438dbf8ba6ed92e1194) Importer(815301076,1909f56bfc062723c751e8b465ee728b)
Start importing Assets/MyAssets/Images/PlayMenu.png using Guid(b08e7e999c8df438dbf8ba6ed92e1194) Importer(815301076,1909f56bfc062723c751e8b465ee728b)  -> (artifact id: '0a99268863d9126a4ac8382e79945ec9') in 0.041959 seconds
  Import took 0.044659 seconds .

========================================================================
Received Import Request.
  Time since last request: 0.000194 seconds.
  path: Assets/MyAssets/Images/menu_Frame.png
  artifactKey: Guid(996ab91d5c9574f26a65c4d3059caba2) Importer(815301076,1909f56bfc062723c751e8b465ee728b)
Start importing Assets/MyAssets/Images/menu_Frame.png using Guid(996ab91d5c9574f26a65c4d3059caba2) Importer(815301076,1909f56bfc062723c751e8b465ee728b)  -> (artifact id: 'b30b235ff2756b1b9406d9a2f6fa41b5') in 0.117285 seconds
  Import took 0.119510 seconds .

========================================================================
Received Import Request.
  Time since last request: 0.000183 seconds.
  path: Assets/MyAssets/Images/icons_help.png
  artifactKey: Guid(29a48c28264c748b5ba65a940c0ffbf7) Importer(815301076,1909f56bfc062723c751e8b465ee728b)
Start importing Assets/MyAssets/Images/icons_help.png using Guid(29a48c28264c748b5ba65a940c0ffbf7) Importer(815301076,1909f56bfc062723c751e8b465ee728b)  -> (artifact id: '10673d3f4e93aa559a560c244d3405fe') in 0.096954 seconds
  Import took 0.099585 seconds .

========================================================================
Received Import Request.
  Time since last request: 0.000221 seconds.
  path: Assets/MyAssets/Images/New Material.mat
  artifactKey: Guid(555c2ab5246cc4738901211bd64bad06) Importer(815301076,1909f56bfc062723c751e8b465ee728b)
Start importing Assets/MyAssets/Images/New Material.mat using Guid(555c2ab5246cc4738901211bd64bad06) Importer(815301076,1909f56bfc062723c751e8b465ee728b)  -> (artifact id: 'f329344ae0d0415eade29a10dc757cb9') in 2.497840 seconds
  Import took 2.500949 seconds .

========================================================================
Received Import Request.
  Time since last request: 0.000203 seconds.
  path: Assets/MyAssets/Images/Game_image_title_BG.jpg
  artifactKey: Guid(3fc8833e0712547ed98bd2defea3bb04) Importer(815301076,1909f56bfc062723c751e8b465ee728b)
Start importing Assets/MyAssets/Images/Game_image_title_BG.jpg using Guid(3fc8833e0712547ed98bd2defea3bb04) Importer(815301076,1909f56bfc062723c751e8b465ee728b)  -> (artifact id: '41697f336c447aadb93b168c4ed8d424') in 0.013137 seconds
  Import took 0.015387 seconds .

========================================================================
Received Import Request.
  Time since last request: 0.000208 seconds.
  path: Assets/MyAssets/Images/Woman.png
  artifactKey: Guid(0d2e902477f354425bccc9d32835ea62) Importer(815301076,1909f56bfc062723c751e8b465ee728b)
Start importing Assets/MyAssets/Images/Woman.png using Guid(0d2e902477f354425bccc9d32835ea62) Importer(815301076,1909f56bfc062723c751e8b465ee728b)  -> (artifact id: '245f3d9d29c80c965af85707e572450b') in 0.126238 seconds
  Import took 0.128787 seconds .

========================================================================
Received Import Request.
  Time since last request: 0.000240 seconds.
  path: Assets/MyAssets/Images/Man.png
  artifactKey: Guid(a6acff96bff52451383f9bfab6450652) Importer(815301076,1909f56bfc062723c751e8b465ee728b)
Start importing Assets/MyAssets/Images/Man.png using Guid(a6acff96bff52451383f9bfab6450652) Importer(815301076,1909f56bfc062723c751e8b465ee728b)  -> (artifact id: 'bd875e1fd615928880452362f1d8a054') in 0.092541 seconds
  Import took 0.095314 seconds .

========================================================================
Received Import Request.
  Time since last request: 53.342278 seconds.
  path: Assets/MyAssets/Resources/Edit_Model.prefab
  artifactKey: Guid(3965ba4942c6c427193bc0f97f2c3a16) Importer(815301076,1909f56bfc062723c751e8b465ee728b)
Start importing Assets/MyAssets/Resources/Edit_Model.prefab using Guid(3965ba4942c6c427193bc0f97f2c3a16) Importer(815301076,1909f56bfc062723c751e8b465ee728b)  -> (artifact id: 'bad3c7616c5d1077972c2e150297fe99') in 0.090167 seconds
  Import took 0.093159 seconds .

========================================================================
Received Import Request.
  Time since last request: 0.000224 seconds.
  path: Assets/MyAssets/Resources/EditUI_Wall.prefab
  artifactKey: Guid(f9198ff0b1dfb4079aafdf8edd4ab032) Importer(815301076,1909f56bfc062723c751e8b465ee728b)
Start importing Assets/MyAssets/Resources/EditUI_Wall.prefab using Guid(f9198ff0b1dfb4079aafdf8edd4ab032) Importer(815301076,1909f56bfc062723c751e8b465ee728b)  -> (artifact id: '970adf47a75b0bc377a6ec225970d349') in 0.089359 seconds
  Import took 0.092545 seconds .

========================================================================
Received Import Request.
  Time since last request: 0.000208 seconds.
  path: Assets/MyAssets/Resources/Player_Man.prefab
  artifactKey: Guid(f1e70f08d8cd540f5a16d74af2409137) Importer(815301076,1909f56bfc062723c751e8b465ee728b)
Start importing Assets/MyAssets/Resources/Player_Man.prefab using Guid(f1e70f08d8cd540f5a16d74af2409137) Importer(815301076,1909f56bfc062723c751e8b465ee728b)  -> (artifact id: '066dc78cce32ed72238af1bf5de23d16') in 0.345867 seconds
  Import took 0.354774 seconds .

========================================================================
Received Import Request.
  Time since last request: 0.000249 seconds.
  path: Assets/MyAssets/Resources/Logout.prefab
  artifactKey: Guid(af1669655ba63438abde0a0774ab081f) Importer(815301076,1909f56bfc062723c751e8b465ee728b)
Start importing Assets/MyAssets/Resources/Logout.prefab using Guid(af1669655ba63438abde0a0774ab081f) Importer(815301076,1909f56bfc062723c751e8b465ee728b)  -> (artifact id: 'ff35a74ee7741304590aa22b9d0a9760') in 0.134720 seconds
  Import took 0.137436 seconds .

========================================================================
Received Import Request.
  Time since last request: 0.000205 seconds.
  path: Assets/MyAssets/Resources/EditUI_Flore.prefab
  artifactKey: Guid(3f8d7e220881e4fd0ab087a512483dd6) Importer(815301076,1909f56bfc062723c751e8b465ee728b)
Start importing Assets/MyAssets/Resources/EditUI_Flore.prefab using Guid(3f8d7e220881e4fd0ab087a512483dd6) Importer(815301076,1909f56bfc062723c751e8b465ee728b)  -> (artifact id: '7e1ef82a6976b3399c65e7201c2ece7c') in 0.076829 seconds
  Import took 0.079187 seconds .

========================================================================
Received Import Request.
  Time since last request: 0.000217 seconds.
  path: Assets/MyAssets/Resources/PlayMenu.prefab
  artifactKey: Guid(4285e4fc30c094adebe5d20c6eddf44f) Importer(815301076,1909f56bfc062723c751e8b465ee728b)
Start importing Assets/MyAssets/Resources/PlayMenu.prefab using Guid(4285e4fc30c094adebe5d20c6eddf44f) Importer(815301076,1909f56bfc062723c751e8b465ee728b)  -> (artifact id: 'b1baff4804a8b3a409d26dbcdaf53427') in 0.053434 seconds
  Import took 0.056145 seconds .

========================================================================
Received Import Request.
  Time since last request: 0.000218 seconds.
  path: Assets/MyAssets/Resources/LoginUI.prefab
  artifactKey: Guid(244cd52e532a0473fb6b13f67d00dc49) Importer(815301076,1909f56bfc062723c751e8b465ee728b)
Start importing Assets/MyAssets/Resources/LoginUI.prefab using Guid(244cd52e532a0473fb6b13f67d00dc49) Importer(815301076,1909f56bfc062723c751e8b465ee728b)  -> (artifact id: '27cac8f2fd0100321f9bcb0c8d59dade') in 0.014446 seconds
  Import took 0.016919 seconds .

========================================================================
Received Import Request.
  Time since last request: 0.000204 seconds.
  path: Assets/MyAssets/Resources/Wall3.jpg
  artifactKey: Guid(2ef3506c301384a6ca07d3ea04828cc5) Importer(815301076,1909f56bfc062723c751e8b465ee728b)
Start importing Assets/MyAssets/Resources/Wall3.jpg using Guid(2ef3506c301384a6ca07d3ea04828cc5) Importer(815301076,1909f56bfc062723c751e8b465ee728b)  -> (artifact id: '24e17bb40d3373b740e9907e63978d41') in 0.040417 seconds
  Import took 0.042640 seconds .

========================================================================
Received Import Request.
  Time since last request: 0.000221 seconds.
  path: Assets/MyAssets/Resources/Wall1.jpg
  artifactKey: Guid(488f6f4d00d90434889ee82863bdcb02) Importer(815301076,1909f56bfc062723c751e8b465ee728b)
Start importing Assets/MyAssets/Resources/Wall1.jpg using Guid(488f6f4d00d90434889ee82863bdcb02) Importer(815301076,1909f56bfc062723c751e8b465ee728b)  -> (artifact id: '9851bf4fdd226632d39d8597b6b51c8a') in 0.068098 seconds
  Import took 0.070718 seconds .

========================================================================
Received Import Request.
  Time since last request: 0.000231 seconds.
  path: Assets/MyAssets/Resources/woman.prefab
  artifactKey: Guid(f5882b0955e484f9bb53a0d6e7095324) Importer(815301076,1909f56bfc062723c751e8b465ee728b)
Start importing Assets/MyAssets/Resources/woman.prefab using Guid(f5882b0955e484f9bb53a0d6e7095324) Importer(815301076,1909f56bfc062723c751e8b465ee728b)  -> (artifact id: '5d9377340e179552b5f0cb6d44dff194') in 0.638276 seconds
  Import took 0.670035 seconds .

========================================================================
Received Import Request.
  Time since last request: 0.000223 seconds.
  path: Assets/MyAssets/Resources/Help.prefab
  artifactKey: Guid(acc5ad7bd5fe54d70871a9682f2d5807) Importer(815301076,1909f56bfc062723c751e8b465ee728b)
Start importing Assets/MyAssets/Resources/Help.prefab using Guid(acc5ad7bd5fe54d70871a9682f2d5807) Importer(815301076,1909f56bfc062723c751e8b465ee728b)  -> (artifact id: '1eea10160bdac3c05eb0336ba0a280e5') in 0.132019 seconds
  Import took 0.134942 seconds .

========================================================================
Received Import Request.
  Time since last request: 0.000212 seconds.
  path: Assets/MyAssets/Resources/Wall2.jpg
  artifactKey: Guid(4ae20ccfff5744be69b55a75eabcebde) Importer(815301076,1909f56bfc062723c751e8b465ee728b)
Start importing Assets/MyAssets/Resources/Wall2.jpg using Guid(4ae20ccfff5744be69b55a75eabcebde) Importer(815301076,1909f56bfc062723c751e8b465ee728b)  -> (artifact id: '4dd31f8fbc52b5b154d2294932aed136') in 0.063838 seconds
  Import took 0.066493 seconds .

========================================================================
Received Import Request.
  Time since last request: 0.000216 seconds.
  path: Assets/MyAssets/Resources/SettingUI.prefab
  artifactKey: Guid(6b1f80cbcf53f443585e11a941b12417) Importer(815301076,1909f56bfc062723c751e8b465ee728b)
Start importing Assets/MyAssets/Resources/SettingUI.prefab using Guid(6b1f80cbcf53f443585e11a941b12417) Importer(815301076,1909f56bfc062723c751e8b465ee728b)  -> (artifact id: '692283bbece48338eee29b0744aaf8c7') in 0.088399 seconds
  Import took 0.091114 seconds .

========================================================================
Received Import Request.
  Time since last request: 0.003470 seconds.
  path: Assets/MyAssets/Resources/SignUpUI.prefab
  artifactKey: Guid(98b8e728b7483419fb7d87ef0946685c) Importer(815301076,1909f56bfc062723c751e8b465ee728b)
Start importing Assets/MyAssets/Resources/SignUpUI.prefab using Guid(98b8e728b7483419fb7d87ef0946685c) Importer(815301076,1909f56bfc062723c751e8b465ee728b)  -> (artifact id: '7eaf1d5c1a3b0a870f0da0248dbbd0de') in 0.142055 seconds
  Import took 0.144809 seconds .

========================================================================
Received Import Request.
  Time since last request: 0.000307 seconds.
  path: Assets/MyAssets/Resources/WallMaterial.mat
  artifactKey: Guid(f6df8c61b0a524e3e96a4ea12f2d5823) Importer(815301076,1909f56bfc062723c751e8b465ee728b)
Start importing Assets/MyAssets/Resources/WallMaterial.mat using Guid(f6df8c61b0a524e3e96a4ea12f2d5823) Importer(815301076,1909f56bfc062723c751e8b465ee728b)  -> (artifact id: '14f0002d0f6fb67239ea9ed22c307586') in 0.818172 seconds
  Import took 0.820891 seconds .

========================================================================
Received Import Request.
  Time since last request: 0.000199 seconds.
  path: Assets/MyAssets/Resources/Flore2.jpg
  artifactKey: Guid(9788844d99078447a94ddcc8c05e1b1c) Importer(815301076,1909f56bfc062723c751e8b465ee728b)
Start importing Assets/MyAssets/Resources/Flore2.jpg using Guid(9788844d99078447a94ddcc8c05e1b1c) Importer(815301076,1909f56bfc062723c751e8b465ee728b)  -> (artifact id: '9be550be68256b3f3bd3960dc16948d5') in 0.032428 seconds
  Import took 0.034646 seconds .

========================================================================
Received Import Request.
  Time since last request: 0.000202 seconds.
  path: Assets/MyAssets/Resources/Flore1.jpg
  artifactKey: Guid(c4e44daa4a5b04671bed1b4d3200b2f5) Importer(815301076,1909f56bfc062723c751e8b465ee728b)
Start importing Assets/MyAssets/Resources/Flore1.jpg using Guid(c4e44daa4a5b04671bed1b4d3200b2f5) Importer(815301076,1909f56bfc062723c751e8b465ee728b)  -> (artifact id: '352041eb54ede75f74cbcd80a89d1c03') in 0.030896 seconds
  Import took 0.033167 seconds .

========================================================================
Received Import Request.
  Time since last request: 0.000243 seconds.
  path: Assets/MyAssets/Resources/Flore3.jpg
  artifactKey: Guid(a54a6418debf5413386a4d36ebc57924) Importer(815301076,1909f56bfc062723c751e8b465ee728b)
Start importing Assets/MyAssets/Resources/Flore3.jpg using Guid(a54a6418debf5413386a4d36ebc57924) Importer(815301076,1909f56bfc062723c751e8b465ee728b)  -> (artifact id: 'ace2a6764563e160c1b4d334a31ac832') in 0.029286 seconds
  Import took 0.031846 seconds .

========================================================================
Received Import Request.
  Time since last request: 0.000186 seconds.
  path: Assets/MyAssets/Resources/man.prefab
  artifactKey: Guid(237476d27e5264335a51cf8f2a1ca6b2) Importer(815301076,1909f56bfc062723c751e8b465ee728b)
Start importing Assets/MyAssets/Resources/man.prefab using Guid(237476d27e5264335a51cf8f2a1ca6b2) Importer(815301076,1909f56bfc062723c751e8b465ee728b)  -> (artifact id: '7cedf5cb52a00d05dd092df309bb2622') in 0.031749 seconds
  Import took 0.035138 seconds .

========================================================================
Received Import Request.
  Time since last request: 0.000220 seconds.
  path: Assets/MyAssets/Resources/Flore3.jpg
  artifactKey: Guid(a54a6418debf5413386a4d36ebc57924) Importer(815301076,1909f56bfc062723c751e8b465ee728b)
Start importing Assets/MyAssets/Resources/Flore3.jpg using Guid(a54a6418debf5413386a4d36ebc57924) Importer(815301076,1909f56bfc062723c751e8b465ee728b)  -> (artifact id: 'ace2a6764563e160c1b4d334a31ac832') in 0.009720 seconds
  Import took 0.012316 seconds .

========================================================================
Received Import Request.
  Time since last request: 0.000453 seconds.
  path: Assets/MyAssets/Resources/FloreMaterial.mat
  artifactKey: Guid(3ffb45a9756494ec2a079d61a58516cb) Importer(815301076,1909f56bfc062723c751e8b465ee728b)
Start importing Assets/MyAssets/Resources/FloreMaterial.mat using Guid(3ffb45a9756494ec2a079d61a58516cb) Importer(815301076,1909f56bfc062723c751e8b465ee728b)  -> (artifact id: '46d7b508d78a6e5bc9726b2e4b758090') in 0.248616 seconds
  Import took 0.251757 seconds .

========================================================================
Received Import Request.
  Time since last request: 0.000286 seconds.
  path: Assets/MyAssets/Resources/LogoutUI.prefab
  artifactKey: Guid(e759d4b9830c54754bf5bed3a1774ab9) Importer(815301076,1909f56bfc062723c751e8b465ee728b)
Start importing Assets/MyAssets/Resources/LogoutUI.prefab using Guid(e759d4b9830c54754bf5bed3a1774ab9) Importer(815301076,1909f56bfc062723c751e8b465ee728b)  -> (artifact id: '64ef8b3e01ad13a8c88ce61e03fb145c') in 0.004169 seconds
  Import took 0.006752 seconds .

========================================================================
Received Import Request.
  Time since last request: 0.000182 seconds.
  path: Assets/MyAssets/Resources/Private_chat.prefab
  artifactKey: Guid(022290af0eb424eab800d856a6fd7e1c) Importer(815301076,1909f56bfc062723c751e8b465ee728b)
Start importing Assets/MyAssets/Resources/Private_chat.prefab using Guid(022290af0eb424eab800d856a6fd7e1c) Importer(815301076,1909f56bfc062723c751e8b465ee728b)  -> (artifact id: '90b8cc0ea04de3837ce3d46d67f41f71') in 0.003995 seconds
  Import took 0.006555 seconds .

========================================================================
Received Import Request.
  Time since last request: 0.000244 seconds.
  path: Assets/MyAssets/Resources/InputChat.prefab
  artifactKey: Guid(ebd87005009ff4a79aec7673c2171ebf) Importer(815301076,1909f56bfc062723c751e8b465ee728b)
Start importing Assets/MyAssets/Resources/InputChat.prefab using Guid(ebd87005009ff4a79aec7673c2171ebf) Importer(815301076,1909f56bfc062723c751e8b465ee728b)  -> (artifact id: '78ecf0cad27eef5c46ae0084bdb7a66b') in 0.010187 seconds
  Import took 0.013009 seconds .

========================================================================
Received Import Request.
  Time since last request: 0.000238 seconds.
  path: Assets/MyAssets/Resources/Player_Woman.prefab
  artifactKey: Guid(bc32d992b4c3145e3a9b395581194c1d) Importer(815301076,1909f56bfc062723c751e8b465ee728b)
Start importing Assets/MyAssets/Resources/Player_Woman.prefab using Guid(bc32d992b4c3145e3a9b395581194c1d) Importer(815301076,1909f56bfc062723c751e8b465ee728b)  -> (artifact id: 'a41c5ac1222ff9ba65d6cea1d2910827') in 0.115208 seconds
  Import took 0.118145 seconds .

========================================================================
Received Import Request.
  Time since last request: 2.529025 seconds.
  path: Assets/MyAssets/Resources/CreateUI.prefab
  artifactKey: Guid(48f03f486e8e94643a4aa18f5b4b7697) Importer(815301076,1909f56bfc062723c751e8b465ee728b)
Start importing Assets/MyAssets/Resources/CreateUI.prefab using Guid(48f03f486e8e94643a4aa18f5b4b7697) Importer(815301076,1909f56bfc062723c751e8b465ee728b)  -> (artifact id: '927b583a2a4eaea3f373b57eae810914') in 0.051488 seconds
  Import took 0.054392 seconds .

========================================================================
Received Import Request.
  Time since last request: 0.079799 seconds.
  path: Assets/MyAssets/Resources/CreateUI.prefab
  artifactKey: Guid(48f03f486e8e94643a4aa18f5b4b7697) Importer(815301076,1909f56bfc062723c751e8b465ee728b)
Start importing Assets/MyAssets/Resources/CreateUI.prefab using Guid(48f03f486e8e94643a4aa18f5b4b7697) Importer(815301076,1909f56bfc062723c751e8b465ee728b)  -> (artifact id: '927b583a2a4eaea3f373b57eae810914') in 0.005522 seconds
  Import took 0.009346 seconds .

========================================================================
Received Import Request.
  Time since last request: 20.911728 seconds.
  path: Assets/MyAssets/Scripts/CreateUIController.cs
  artifactKey: Guid(20e9101ff70f7489587604c7eece9208) Importer(815301076,1909f56bfc062723c751e8b465ee728b)
Start importing Assets/MyAssets/Scripts/CreateUIController.cs using Guid(20e9101ff70f7489587604c7eece9208) Importer(815301076,1909f56bfc062723c751e8b465ee728b)  -> (artifact id: '9d1716a211fd3586a8be5a6e5e69aee0') in 0.015433 seconds
  Import took 0.018573 seconds .

========================================================================
Received Prepare
Registering precompiled user dll's ...
Registered in 0.053081 seconds.
Begin MonoManager ReloadAssembly
Symbol file data-0x7f887e6ed000 doesn't match image /Users/a50621/workspace/AWS_Project/Assets/Plugins/AWSSDK/AWSSDK.Core.dll
Symbol file LoadedFromMemory is not a mono symbol file
Native extension for OSXStandalone target not found
Refreshing native plugins compatible for Editor in 1.90 ms, found 1 plugins.
Preloading 0 native plugins for Editor in 0.00 ms.
Mono: successfully reloaded assembly
- Completed reload, in  6.339 seconds
Platform modules already initialized, skipping
Refreshing native plugins compatible for Editor in 1.74 ms, found 1 plugins.
Preloading 0 native plugins for Editor in 0.00 ms.
Unloading 1707 Unused Serialized files (Serialized files now loaded: 0)
System memory in use before: 0.75 GB.
System memory in use after: 0.74 GB.

Unloading 375 unused Assets to reduce memory usage. Loaded Objects now: 1909.
Total: 15.075474 ms (FindLiveObjects: 0.302144 ms CreateObjectMapping: 0.092394 ms MarkObjects: 2.140450 ms  DeleteObjects: 12.539424 ms)

========================================================================
Received Prepare
Registering precompiled user dll's ...
Registered in 0.052018 seconds.
Begin MonoManager ReloadAssembly
Symbol file data-0x7f887e6eb000 doesn't match image /Users/a50621/workspace/AWS_Project/Assets/Plugins/AWSSDK/AWSSDK.Core.dll
Symbol file LoadedFromMemory is not a mono symbol file
Native extension for OSXStandalone target not found
Refreshing native plugins compatible for Editor in 2.06 ms, found 1 plugins.
Preloading 0 native plugins for Editor in 0.00 ms.
Mono: successfully reloaded assembly
- Completed reload, in  5.774 seconds
Platform modules already initialized, skipping
Refreshing native plugins compatible for Editor in 1.79 ms, found 1 plugins.
Preloading 0 native plugins for Editor in 0.00 ms.
Unloading 1707 Unused Serialized files (Serialized files now loaded: 0)
System memory in use before: 0.75 GB.
System memory in use after: 0.74 GB.

Unloading 369 unused Assets to reduce memory usage. Loaded Objects now: 1912.
Total: 15.032852 ms (FindLiveObjects: 0.237843 ms CreateObjectMapping: 0.070646 ms MarkObjects: 1.579407 ms  DeleteObjects: 13.143917 ms)

========================================================================
Received Prepare
Registering precompiled user dll's ...
Registered in 0.128676 seconds.
Begin MonoManager ReloadAssembly
Symbol file data-0x7f887e6ed000 doesn't match image /Users/a50621/workspace/AWS_Project/Assets/Plugins/AWSSDK/AWSSDK.Core.dll
Symbol file LoadedFromMemory is not a mono symbol file
Native extension for OSXStandalone target not found
Refreshing native plugins compatible for Editor in 1.98 ms, found 1 plugins.
Preloading 0 native plugins for Editor in 0.00 ms.
Mono: successfully reloaded assembly
- Completed reload, in  5.793 seconds
Platform modules already initialized, skipping
Refreshing native plugins compatible for Editor in 1.79 ms, found 1 plugins.
Preloading 0 native plugins for Editor in 0.00 ms.
Unloading 1707 Unused Serialized files (Serialized files now loaded: 0)
System memory in use before: 0.75 GB.
System memory in use after: 0.74 GB.

Unloading 369 unused Assets to reduce memory usage. Loaded Objects now: 1915.
Total: 16.692727 ms (FindLiveObjects: 0.259823 ms CreateObjectMapping: 0.077835 ms MarkObjects: 2.103149 ms  DeleteObjects: 14.249130 ms)

========================================================================
Received Prepare
Registering precompiled user dll's ...
Registered in 2.549912 seconds.
Begin MonoManager ReloadAssembly
Symbol file data-0x7f887e6eb000 doesn't match image /Users/a50621/workspace/AWS_Project/Assets/Plugins/AWSSDK/AWSSDK.Core.dll
Symbol file LoadedFromMemory is not a mono symbol file
Native extension for OSXStandalone target not found
Refreshing native plugins compatible for Editor in 1.91 ms, found 1 plugins.
Preloading 0 native plugins for Editor in 0.00 ms.
Mono: successfully reloaded assembly
- Completed reload, in  6.779 seconds
Platform modules already initialized, skipping
Refreshing native plugins compatible for Editor in 1.72 ms, found 1 plugins.
Preloading 0 native plugins for Editor in 0.00 ms.
Unloading 1707 Unused Serialized files (Serialized files now loaded: 0)
System memory in use before: 0.75 GB.
System memory in use after: 0.74 GB.

Unloading 369 unused Assets to reduce memory usage. Loaded Objects now: 1918.
Total: 16.236399 ms (FindLiveObjects: 0.492168 ms CreateObjectMapping: 0.107071 ms MarkObjects: 2.065613 ms  DeleteObjects: 13.570162 ms)

========================================================================
Received Prepare
Registering precompiled user dll's ...
Registered in 1.678599 seconds.
Begin MonoManager ReloadAssembly
Symbol file data-0x7f887e6ed000 doesn't match image /Users/a50621/workspace/AWS_Project/Assets/Plugins/AWSSDK/AWSSDK.Core.dll
Symbol file LoadedFromMemory is not a mono symbol file
Native extension for OSXStandalone target not found
Refreshing native plugins compatible for Editor in 1.78 ms, found 1 plugins.
Preloading 0 native plugins for Editor in 0.00 ms.
Mono: successfully reloaded assembly
- Completed reload, in  9.534 seconds
Platform modules already initialized, skipping
Refreshing native plugins compatible for Editor in 1.75 ms, found 1 plugins.
Preloading 0 native plugins for Editor in 0.00 ms.
Unloading 1707 Unused Serialized files (Serialized files now loaded: 0)
System memory in use before: 0.75 GB.
System memory in use after: 0.74 GB.

Unloading 369 unused Assets to reduce memory usage. Loaded Objects now: 1921.
Total: 15.985510 ms (FindLiveObjects: 0.474859 ms CreateObjectMapping: 0.098025 ms MarkObjects: 2.091348 ms  DeleteObjects: 13.319717 ms)

========================================================================
Received Prepare
Registering precompiled user dll's ...
Registered in 0.799327 seconds.
Begin MonoManager ReloadAssembly
Symbol file data-0x7f887e6eb000 doesn't match image /Users/a50621/workspace/AWS_Project/Assets/Plugins/AWSSDK/AWSSDK.Core.dll
Symbol file LoadedFromMemory is not a mono symbol file
Native extension for OSXStandalone target not found
Refreshing native plugins compatible for Editor in 1.71 ms, found 1 plugins.
Preloading 0 native plugins for Editor in 0.00 ms.
Mono: successfully reloaded assembly
- Completed reload, in  4.268 seconds
Platform modules already initialized, skipping
Refreshing native plugins compatible for Editor in 1.72 ms, found 1 plugins.
Preloading 0 native plugins for Editor in 0.00 ms.
Unloading 1707 Unused Serialized files (Serialized files now loaded: 0)
System memory in use before: 0.75 GB.
System memory in use after: 0.74 GB.

Unloading 369 unused Assets to reduce memory usage. Loaded Objects now: 1924.
Total: 16.159908 ms (FindLiveObjects: 0.278334 ms CreateObjectMapping: 0.090074 ms MarkObjects: 2.067406 ms  DeleteObjects: 13.722857 ms)

========================================================================
Received Prepare
Registering precompiled user dll's ...
Registered in 0.051124 seconds.
Begin MonoManager ReloadAssembly
Symbol file data-0x7f887e6ed000 doesn't match image /Users/a50621/workspace/AWS_Project/Assets/Plugins/AWSSDK/AWSSDK.Core.dll
Symbol file LoadedFromMemory is not a mono symbol file
Native extension for OSXStandalone target not found
Refreshing native plugins compatible for Editor in 1.80 ms, found 1 plugins.
Preloading 0 native plugins for Editor in 0.00 ms.
Mono: successfully reloaded assembly
- Completed reload, in  6.118 seconds
Platform modules already initialized, skipping
Refreshing native plugins compatible for Editor in 1.74 ms, found 1 plugins.
Preloading 0 native plugins for Editor in 0.00 ms.
Unloading 1707 Unused Serialized files (Serialized files now loaded: 0)
System memory in use before: 0.75 GB.
System memory in use after: 0.74 GB.

Unloading 369 unused Assets to reduce memory usage. Loaded Objects now: 1927.
Total: 15.545592 ms (FindLiveObjects: 0.326507 ms CreateObjectMapping: 0.072255 ms MarkObjects: 1.604167 ms  DeleteObjects: 13.541613 ms)

========================================================================
Received Prepare
Registering precompiled user dll's ...
Registered in 5.430106 seconds.
Begin MonoManager ReloadAssembly
Symbol file data-0x7f887e6eb000 doesn't match image /Users/a50621/workspace/AWS_Project/Assets/Plugins/AWSSDK/AWSSDK.Core.dll
Symbol file LoadedFromMemory is not a mono symbol file
Native extension for OSXStandalone target not found
Refreshing native plugins compatible for Editor in 1.73 ms, found 1 plugins.
Preloading 0 native plugins for Editor in 0.00 ms.
Mono: successfully reloaded assembly
- Completed reload, in  6.578 seconds
Platform modules already initialized, skipping
Refreshing native plugins compatible for Editor in 1.74 ms, found 1 plugins.
Preloading 0 native plugins for Editor in 0.00 ms.
Unloading 1707 Unused Serialized files (Serialized files now loaded: 0)
System memory in use before: 0.75 GB.
System memory in use after: 0.74 GB.

Unloading 369 unused Assets to reduce memory usage. Loaded Objects now: 1930.
Total: 15.188558 ms (FindLiveObjects: 0.241045 ms CreateObjectMapping: 0.065963 ms MarkObjects: 1.589111 ms  DeleteObjects: 13.291562 ms)

========================================================================
Received Prepare
Registering precompiled user dll's ...
Registered in 0.059209 seconds.
Begin MonoManager ReloadAssembly
Symbol file data-0x7f887e6ed000 doesn't match image /Users/a50621/workspace/AWS_Project/Assets/Plugins/AWSSDK/AWSSDK.Core.dll
Symbol file LoadedFromMemory is not a mono symbol file
Native extension for OSXStandalone target not found
Refreshing native plugins compatible for Editor in 1.72 ms, found 1 plugins.
Preloading 0 native plugins for Editor in 0.00 ms.
Mono: successfully reloaded assembly
- Completed reload, in  3.319 seconds
Platform modules already initialized, skipping
Refreshing native plugins compatible for Editor in 1.74 ms, found 1 plugins.
Preloading 0 native plugins for Editor in 0.00 ms.
Unloading 1707 Unused Serialized files (Serialized files now loaded: 0)
System memory in use before: 0.75 GB.
System memory in use after: 0.74 GB.

Unloading 369 unused Assets to reduce memory usage. Loaded Objects now: 1933.
Total: 16.662102 ms (FindLiveObjects: 0.457336 ms CreateObjectMapping: 0.126775 ms MarkObjects: 2.105073 ms  DeleteObjects: 13.969761 ms)

========================================================================
Received Prepare
Registering precompiled user dll's ...
Registered in 0.055143 seconds.
Begin MonoManager ReloadAssembly
Symbol file data-0x7f887e6eb000 doesn't match image /Users/a50621/workspace/AWS_Project/Assets/Plugins/AWSSDK/AWSSDK.Core.dll
Symbol file LoadedFromMemory is not a mono symbol file
Native extension for OSXStandalone target not found
Refreshing native plugins compatible for Editor in 2.07 ms, found 1 plugins.
Preloading 0 native plugins for Editor in 0.00 ms.
Mono: successfully reloaded assembly
- Completed reload, in  5.486 seconds
Platform modules already initialized, skipping
Refreshing native plugins compatible for Editor in 2.30 ms, found 1 plugins.
Preloading 0 native plugins for Editor in 0.00 ms.
Unloading 1707 Unused Serialized files (Serialized files now loaded: 0)
System memory in use before: 0.75 GB.
System memory in use after: 0.74 GB.

Unloading 369 unused Assets to reduce memory usage. Loaded Objects now: 1936.
Total: 15.887348 ms (FindLiveObjects: 0.246044 ms CreateObjectMapping: 0.068572 ms MarkObjects: 1.718724 ms  DeleteObjects: 13.852830 ms)

========================================================================
Received Prepare
Registering precompiled user dll's ...
Registered in 6.393367 seconds.
Begin MonoManager ReloadAssembly
Symbol file data-0x7f887e6ed000 doesn't match image /Users/a50621/workspace/AWS_Project/Assets/Plugins/AWSSDK/AWSSDK.Core.dll
Symbol file LoadedFromMemory is not a mono symbol file
Native extension for OSXStandalone target not found
Refreshing native plugins compatible for Editor in 1.72 ms, found 1 plugins.
Preloading 0 native plugins for Editor in 0.00 ms.
Mono: successfully reloaded assembly
- Completed reload, in  7.073 seconds
Platform modules already initialized, skipping
Refreshing native plugins compatible for Editor in 1.75 ms, found 1 plugins.
Preloading 0 native plugins for Editor in 0.00 ms.
Unloading 1707 Unused Serialized files (Serialized files now loaded: 0)
System memory in use before: 0.76 GB.
System memory in use after: 0.74 GB.

Unloading 369 unused Assets to reduce memory usage. Loaded Objects now: 1939.
Total: 17.312622 ms (FindLiveObjects: 0.429891 ms CreateObjectMapping: 0.101962 ms MarkObjects: 2.040159 ms  DeleteObjects: 14.739302 ms)

========================================================================
Received Prepare
Registering precompiled user dll's ...
Registered in 2.652750 seconds.
Begin MonoManager ReloadAssembly
Symbol file data-0x7f887e6eb000 doesn't match image /Users/a50621/workspace/AWS_Project/Assets/Plugins/AWSSDK/AWSSDK.Core.dll
Symbol file LoadedFromMemory is not a mono symbol file
Native extension for OSXStandalone target not found
Refreshing native plugins compatible for Editor in 1.97 ms, found 1 plugins.
Preloading 0 native plugins for Editor in 0.00 ms.
Mono: successfully reloaded assembly
- Completed reload, in  7.104 seconds
Platform modules already initialized, skipping
Refreshing native plugins compatible for Editor in 1.73 ms, found 1 plugins.
Preloading 0 native plugins for Editor in 0.00 ms.
Unloading 1707 Unused Serialized files (Serialized files now loaded: 0)
System memory in use before: 0.76 GB.
System memory in use after: 0.74 GB.

Unloading 369 unused Assets to reduce memory usage. Loaded Objects now: 1942.
Total: 16.419787 ms (FindLiveObjects: 0.295587 ms CreateObjectMapping: 0.090031 ms MarkObjects: 2.112950 ms  DeleteObjects: 13.919852 ms)

========================================================================
Received Prepare
Registering precompiled user dll's ...
Registered in 1.662708 seconds.
Begin MonoManager ReloadAssembly
Symbol file data-0x7f887e6ed000 doesn't match image /Users/a50621/workspace/AWS_Project/Assets/Plugins/AWSSDK/AWSSDK.Core.dll
Symbol file LoadedFromMemory is not a mono symbol file
Native extension for OSXStandalone target not found
Refreshing native plugins compatible for Editor in 2.03 ms, found 1 plugins.
Preloading 0 native plugins for Editor in 0.00 ms.
Mono: successfully reloaded assembly
- Completed reload, in  8.084 seconds
Platform modules already initialized, skipping
Refreshing native plugins compatible for Editor in 1.92 ms, found 1 plugins.
Preloading 0 native plugins for Editor in 0.00 ms.
Unloading 1707 Unused Serialized files (Serialized files now loaded: 0)
System memory in use before: 0.76 GB.
System memory in use after: 0.74 GB.

Unloading 369 unused Assets to reduce memory usage. Loaded Objects now: 1945.
Total: 19.663057 ms (FindLiveObjects: 0.326740 ms CreateObjectMapping: 0.124052 ms MarkObjects: 1.987201 ms  DeleteObjects: 17.223615 ms)

========================================================================
Received Prepare
Registering precompiled user dll's ...
Registered in 17.822128 seconds.
Begin MonoManager ReloadAssembly
Symbol file data-0x7f887e6eb000 doesn't match image /Users/a50621/workspace/AWS_Project/Assets/Plugins/AWSSDK/AWSSDK.Core.dll
Symbol file LoadedFromMemory is not a mono symbol file
Native extension for OSXStandalone target not found
Refreshing native plugins compatible for Editor in 2.05 ms, found 1 plugins.
Preloading 0 native plugins for Editor in 0.00 ms.
Mono: successfully reloaded assembly
- Completed reload, in 20.589 seconds
Platform modules already initialized, skipping
Refreshing native plugins compatible for Editor in 1.72 ms, found 1 plugins.
Preloading 0 native plugins for Editor in 0.00 ms.
Unloading 1707 Unused Serialized files (Serialized files now loaded: 0)
System memory in use before: 0.76 GB.
System memory in use after: 0.74 GB.

Unloading 369 unused Assets to reduce memory usage. Loaded Objects now: 1948.
Total: 16.881474 ms (FindLiveObjects: 0.435495 ms CreateObjectMapping: 0.096518 ms MarkObjects: 2.190821 ms  DeleteObjects: 14.157190 ms)

========================================================================
Received Prepare
Registering precompiled user dll's ...
Registered in 5.930847 seconds.
Begin MonoManager ReloadAssembly
Symbol file data-0x7f887e6ed000 doesn't match image /Users/a50621/workspace/AWS_Project/Assets/Plugins/AWSSDK/AWSSDK.Core.dll
Symbol file LoadedFromMemory is not a mono symbol file
Native extension for OSXStandalone target not found
Refreshing native plugins compatible for Editor in 1.73 ms, found 1 plugins.
Preloading 0 native plugins for Editor in 0.00 ms.
Mono: successfully reloaded assembly
- Completed reload, in  6.254 seconds
Platform modules already initialized, skipping
Refreshing native plugins compatible for Editor in 1.75 ms, found 1 plugins.
Preloading 0 native plugins for Editor in 0.00 ms.
Unloading 1707 Unused Serialized files (Serialized files now loaded: 0)
System memory in use before: 0.76 GB.
System memory in use after: 0.74 GB.

Unloading 369 unused Assets to reduce memory usage. Loaded Objects now: 1951.
Total: 16.420411 ms (FindLiveObjects: 0.312350 ms CreateObjectMapping: 0.089966 ms MarkObjects: 2.140087 ms  DeleteObjects: 13.876682 ms)

========================================================================
Received Prepare
Registering precompiled user dll's ...
Registered in 0.050959 seconds.
Begin MonoManager ReloadAssembly
Symbol file data-0x7f887e6eb000 doesn't match image /Users/a50621/workspace/AWS_Project/Assets/Plugins/AWSSDK/AWSSDK.Core.dll
Symbol file LoadedFromMemory is not a mono symbol file
Native extension for OSXStandalone target not found
Refreshing native plugins compatible for Editor in 1.79 ms, found 1 plugins.
Preloading 0 native plugins for Editor in 0.00 ms.
Mono: successfully reloaded assembly
- Completed reload, in  3.180 seconds
Platform modules already initialized, skipping
Refreshing native plugins compatible for Editor in 1.72 ms, found 1 plugins.
Preloading 0 native plugins for Editor in 0.00 ms.
Unloading 1707 Unused Serialized files (Serialized files now loaded: 0)
System memory in use before: 0.76 GB.
System memory in use after: 0.75 GB.

Unloading 369 unused Assets to reduce memory usage. Loaded Objects now: 1954.
Total: 16.231780 ms (FindLiveObjects: 0.277449 ms CreateObjectMapping: 0.094618 ms MarkObjects: 2.087661 ms  DeleteObjects: 13.770275 ms)

========================================================================
Received Prepare
Registering precompiled user dll's ...
Registered in 4.988115 seconds.
Begin MonoManager ReloadAssembly
Symbol file data-0x7f887e6ed000 doesn't match image /Users/a50621/workspace/AWS_Project/Assets/Plugins/AWSSDK/AWSSDK.Core.dll
Symbol file LoadedFromMemory is not a mono symbol file
Native extension for OSXStandalone target not found
Refreshing native plugins compatible for Editor in 1.71 ms, found 1 plugins.
Preloading 0 native plugins for Editor in 0.00 ms.
Mono: successfully reloaded assembly
- Completed reload, in  8.801 seconds
Platform modules already initialized, skipping
Refreshing native plugins compatible for Editor in 2.24 ms, found 1 plugins.
Preloading 0 native plugins for Editor in 0.00 ms.
Unloading 1707 Unused Serialized files (Serialized files now loaded: 0)
System memory in use before: 0.76 GB.
System memory in use after: 0.75 GB.

Unloading 369 unused Assets to reduce memory usage. Loaded Objects now: 1957.
Total: 16.140949 ms (FindLiveObjects: 0.335427 ms CreateObjectMapping: 0.165477 ms MarkObjects: 1.634105 ms  DeleteObjects: 14.004904 ms)

========================================================================
Received Prepare
Registering precompiled user dll's ...
Registered in 0.128967 seconds.
Begin MonoManager ReloadAssembly
Symbol file data-0x7f887e6eb000 doesn't match image /Users/a50621/workspace/AWS_Project/Assets/Plugins/AWSSDK/AWSSDK.Core.dll
Symbol file LoadedFromMemory is not a mono symbol file
Native extension for OSXStandalone target not found
Refreshing native plugins compatible for Editor in 2.02 ms, found 1 plugins.
Preloading 0 native plugins for Editor in 0.00 ms.
Mono: successfully reloaded assembly
- Completed reload, in  3.924 seconds
Platform modules already initialized, skipping
Refreshing native plugins compatible for Editor in 1.74 ms, found 1 plugins.
Preloading 0 native plugins for Editor in 0.00 ms.
Unloading 1707 Unused Serialized files (Serialized files now loaded: 0)
System memory in use before: 0.76 GB.
System memory in use after: 0.75 GB.

Unloading 369 unused Assets to reduce memory usage. Loaded Objects now: 1960.
Total: 15.712606 ms (FindLiveObjects: 0.220153 ms CreateObjectMapping: 0.059322 ms MarkObjects: 1.586768 ms  DeleteObjects: 13.845210 ms)

========================================================================
Received Prepare
Registering precompiled user dll's ...
Registered in 6.665889 seconds.
Begin MonoManager ReloadAssembly
Symbol file data-0x7f887e6ed000 doesn't match image /Users/a50621/workspace/AWS_Project/Assets/Plugins/AWSSDK/AWSSDK.Core.dll
Symbol file LoadedFromMemory is not a mono symbol file
Native extension for OSXStandalone target not found
Refreshing native plugins compatible for Editor in 1.75 ms, found 1 plugins.
Preloading 0 native plugins for Editor in 0.00 ms.
Mono: successfully reloaded assembly
- Completed reload, in  7.691 seconds
Platform modules already initialized, skipping
Refreshing native plugins compatible for Editor in 1.74 ms, found 1 plugins.
Preloading 0 native plugins for Editor in 0.00 ms.
Unloading 1707 Unused Serialized files (Serialized files now loaded: 0)
System memory in use before: 0.76 GB.
System memory in use after: 0.75 GB.

Unloading 369 unused Assets to reduce memory usage. Loaded Objects now: 1963.
Total: 15.984075 ms (FindLiveObjects: 0.247063 ms CreateObjectMapping: 0.073968 ms MarkObjects: 1.511499 ms  DeleteObjects: 14.150539 ms)

========================================================================
Received Prepare
Registering precompiled user dll's ...
Registered in 0.936721 seconds.
Begin MonoManager ReloadAssembly
Symbol file data-0x7f887e6eb000 doesn't match image /Users/a50621/workspace/AWS_Project/Assets/Plugins/AWSSDK/AWSSDK.Core.dll
Symbol file LoadedFromMemory is not a mono symbol file
Native extension for OSXStandalone target not found
Refreshing native plugins compatible for Editor in 2.01 ms, found 1 plugins.
Preloading 0 native plugins for Editor in 0.00 ms.
Mono: successfully reloaded assembly
- Completed reload, in  3.250 seconds
Platform modules already initialized, skipping
Refreshing native plugins compatible for Editor in 2.00 ms, found 1 plugins.
Preloading 0 native plugins for Editor in 0.00 ms.
Unloading 1707 Unused Serialized files (Serialized files now loaded: 0)
System memory in use before: 0.76 GB.
System memory in use after: 0.75 GB.

Unloading 369 unused Assets to reduce memory usage. Loaded Objects now: 1966.
Total: 19.565830 ms (FindLiveObjects: 0.363854 ms CreateObjectMapping: 0.161576 ms MarkObjects: 2.091247 ms  DeleteObjects: 16.947699 ms)

========================================================================
Received Prepare
Registering precompiled user dll's ...
Registered in 0.057956 seconds.
Begin MonoManager ReloadAssembly
Symbol file data-0x7f887e6ed000 doesn't match image /Users/a50621/workspace/AWS_Project/Assets/Plugins/AWSSDK/AWSSDK.Core.dll
Symbol file LoadedFromMemory is not a mono symbol file
Native extension for OSXStandalone target not found
Refreshing native plugins compatible for Editor in 1.73 ms, found 1 plugins.
Preloading 0 native plugins for Editor in 0.00 ms.
Mono: successfully reloaded assembly
- Completed reload, in  3.916 seconds
Platform modules already initialized, skipping
Refreshing native plugins compatible for Editor in 1.74 ms, found 1 plugins.
Preloading 0 native plugins for Editor in 0.00 ms.
Unloading 1707 Unused Serialized files (Serialized files now loaded: 0)
System memory in use before: 0.76 GB.
System memory in use after: 0.75 GB.

Unloading 369 unused Assets to reduce memory usage. Loaded Objects now: 1969.
Total: 16.391634 ms (FindLiveObjects: 0.295841 ms CreateObjectMapping: 0.085209 ms MarkObjects: 2.063095 ms  DeleteObjects: 13.946211 ms)

========================================================================
Received Prepare
Registering precompiled user dll's ...
Registered in 2.191453 seconds.
Begin MonoManager ReloadAssembly
Symbol file data-0x7f887e6eb000 doesn't match image /Users/a50621/workspace/AWS_Project/Assets/Plugins/AWSSDK/AWSSDK.Core.dll
Symbol file LoadedFromMemory is not a mono symbol file
Native extension for OSXStandalone target not found
Refreshing native plugins compatible for Editor in 1.75 ms, found 1 plugins.
Preloading 0 native plugins for Editor in 0.00 ms.
Mono: successfully reloaded assembly
- Completed reload, in  7.613 seconds
Platform modules already initialized, skipping
Refreshing native plugins compatible for Editor in 1.73 ms, found 1 plugins.
Preloading 0 native plugins for Editor in 0.00 ms.
Unloading 1707 Unused Serialized files (Serialized files now loaded: 0)
System memory in use before: 0.76 GB.
System memory in use after: 0.75 GB.

Unloading 369 unused Assets to reduce memory usage. Loaded Objects now: 1972.
Total: 16.821683 ms (FindLiveObjects: 0.431211 ms CreateObjectMapping: 0.088467 ms MarkObjects: 2.068750 ms  DeleteObjects: 14.231876 ms)

========================================================================
Received Prepare
Registering precompiled user dll's ...
Registered in 2.527412 seconds.
Begin MonoManager ReloadAssembly
Symbol file data-0x7f887e6ed000 doesn't match image /Users/a50621/workspace/AWS_Project/Assets/Plugins/AWSSDK/AWSSDK.Core.dll
Symbol file LoadedFromMemory is not a mono symbol file
Native extension for OSXStandalone target not found
Refreshing native plugins compatible for Editor in 1.74 ms, found 1 plugins.
Preloading 0 native plugins for Editor in 0.00 ms.
Mono: successfully reloaded assembly
- Completed reload, in  7.633 seconds
Platform modules already initialized, skipping
Refreshing native plugins compatible for Editor in 1.72 ms, found 1 plugins.
Preloading 0 native plugins for Editor in 0.00 ms.
Unloading 1707 Unused Serialized files (Serialized files now loaded: 0)
System memory in use before: 0.76 GB.
System memory in use after: 0.75 GB.

Unloading 369 unused Assets to reduce memory usage. Loaded Objects now: 1975.
Total: 16.238018 ms (FindLiveObjects: 0.448183 ms CreateObjectMapping: 0.096217 ms MarkObjects: 1.844291 ms  DeleteObjects: 13.848176 ms)

========================================================================
Received Prepare
Registering precompiled user dll's ...
Registered in 11.762647 seconds.
Begin MonoManager ReloadAssembly
Symbol file data-0x7f887e6eb000 doesn't match image /Users/a50621/workspace/AWS_Project/Assets/Plugins/AWSSDK/AWSSDK.Core.dll
Symbol file LoadedFromMemory is not a mono symbol file
Native extension for OSXStandalone target not found
Refreshing native plugins compatible for Editor in 1.72 ms, found 1 plugins.
Preloading 0 native plugins for Editor in 0.00 ms.
Mono: successfully reloaded assembly
- Completed reload, in  7.984 seconds
Platform modules already initialized, skipping
Refreshing native plugins compatible for Editor in 2.13 ms, found 1 plugins.
Preloading 0 native plugins for Editor in 0.00 ms.
Unloading 1707 Unused Serialized files (Serialized files now loaded: 0)
System memory in use before: 0.76 GB.
System memory in use after: 0.75 GB.

Unloading 369 unused Assets to reduce memory usage. Loaded Objects now: 1978.
Total: 16.599545 ms (FindLiveObjects: 0.440121 ms CreateObjectMapping: 0.093598 ms MarkObjects: 2.060139 ms  DeleteObjects: 14.004216 ms)

========================================================================
Received Prepare
Registering precompiled user dll's ...
Registered in 2.082403 seconds.
Begin MonoManager ReloadAssembly
Symbol file data-0x7f887e6ed000 doesn't match image /Users/a50621/workspace/AWS_Project/Assets/Plugins/AWSSDK/AWSSDK.Core.dll
Symbol file LoadedFromMemory is not a mono symbol file
Native extension for OSXStandalone target not found
Refreshing native plugins compatible for Editor in 1.81 ms, found 1 plugins.
Preloading 0 native plugins for Editor in 0.00 ms.
Mono: successfully reloaded assembly
- Completed reload, in  4.260 seconds
Platform modules already initialized, skipping
Refreshing native plugins compatible for Editor in 1.83 ms, found 1 plugins.
Preloading 0 native plugins for Editor in 0.00 ms.
Unloading 1707 Unused Serialized files (Serialized files now loaded: 0)
System memory in use before: 0.76 GB.
System memory in use after: 0.75 GB.

Unloading 369 unused Assets to reduce memory usage. Loaded Objects now: 1981.
Total: 16.717493 ms (FindLiveObjects: 0.242606 ms CreateObjectMapping: 0.059809 ms MarkObjects: 1.492451 ms  DeleteObjects: 14.921487 ms)

========================================================================
Received Prepare
Registering precompiled user dll's ...
Registered in 8.129032 seconds.
Begin MonoManager ReloadAssembly
Symbol file data-0x7f887e6eb000 doesn't match image /Users/a50621/workspace/AWS_Project/Assets/Plugins/AWSSDK/AWSSDK.Core.dll
Symbol file LoadedFromMemory is not a mono symbol file
Native extension for OSXStandalone target not found
Refreshing native plugins compatible for Editor in 1.89 ms, found 1 plugins.
Preloading 0 native plugins for Editor in 0.00 ms.
Mono: successfully reloaded assembly
- Completed reload, in  5.705 seconds
Platform modules already initialized, skipping
Refreshing native plugins compatible for Editor in 1.73 ms, found 1 plugins.
Preloading 0 native plugins for Editor in 0.00 ms.
Unloading 1707 Unused Serialized files (Serialized files now loaded: 0)
System memory in use before: 0.76 GB.
System memory in use after: 0.75 GB.

Unloading 369 unused Assets to reduce memory usage. Loaded Objects now: 1984.
Total: 15.918247 ms (FindLiveObjects: 0.251857 ms CreateObjectMapping: 0.068767 ms MarkObjects: 1.623451 ms  DeleteObjects: 13.973161 ms)

========================================================================
Received Prepare
Registering precompiled user dll's ...
Registered in 6.412528 seconds.
Begin MonoManager ReloadAssembly
Symbol file data-0x7f887e6ed000 doesn't match image /Users/a50621/workspace/AWS_Project/Assets/Plugins/AWSSDK/AWSSDK.Core.dll
Symbol file LoadedFromMemory is not a mono symbol file
Native extension for OSXStandalone target not found
Refreshing native plugins compatible for Editor in 1.72 ms, found 1 plugins.
Preloading 0 native plugins for Editor in 0.00 ms.
Mono: successfully reloaded assembly
- Completed reload, in  6.000 seconds
Platform modules already initialized, skipping
Refreshing native plugins compatible for Editor in 1.73 ms, found 1 plugins.
Preloading 0 native plugins for Editor in 0.00 ms.
Unloading 1707 Unused Serialized files (Serialized files now loaded: 0)
System memory in use before: 0.76 GB.
System memory in use after: 0.75 GB.

Unloading 369 unused Assets to reduce memory usage. Loaded Objects now: 1987.
Total: 16.638424 ms (FindLiveObjects: 0.324949 ms CreateObjectMapping: 0.095043 ms MarkObjects: 2.153138 ms  DeleteObjects: 14.064010 ms)

========================================================================
Received Prepare
Registering precompiled user dll's ...
Registered in 0.097350 seconds.
Begin MonoManager ReloadAssembly
Symbol file data-0x7f887e6eb000 doesn't match image /Users/a50621/workspace/AWS_Project/Assets/Plugins/AWSSDK/AWSSDK.Core.dll
Symbol file LoadedFromMemory is not a mono symbol file
Native extension for OSXStandalone target not found
Refreshing native plugins compatible for Editor in 1.74 ms, found 1 plugins.
Preloading 0 native plugins for Editor in 0.00 ms.
Mono: successfully reloaded assembly
- Completed reload, in  3.504 seconds
Platform modules already initialized, skipping
Refreshing native plugins compatible for Editor in 1.72 ms, found 1 plugins.
Preloading 0 native plugins for Editor in 0.00 ms.
Unloading 1707 Unused Serialized files (Serialized files now loaded: 0)
System memory in use before: 0.76 GB.
System memory in use after: 0.75 GB.

Unloading 369 unused Assets to reduce memory usage. Loaded Objects now: 1990.
Total: 18.334826 ms (FindLiveObjects: 0.311079 ms CreateObjectMapping: 0.093137 ms MarkObjects: 2.389593 ms  DeleteObjects: 15.539433 ms)

========================================================================
Received Import Request.
  Time since last request: 5596.826394 seconds.
  path: Assets/MyAssets/Scripts/Unity_Server.js
  artifactKey: Guid(e9f11fa1b86d04775bd94b256290f661) Importer(815301076,1909f56bfc062723c751e8b465ee728b)
Start importing Assets/MyAssets/Scripts/Unity_Server.js using Guid(e9f11fa1b86d04775bd94b256290f661) Importer(815301076,1909f56bfc062723c751e8b465ee728b)  -> (artifact id: '4fa10a4a416b9af79d8b710302c5432d') in 3.450645 seconds
  Import took 3.457017 seconds .

========================================================================
Received Import Request.
  Time since last request: 994.322685 seconds.
  path: Assets/MyAssets/Scene/PlayScene.unity
  artifactKey: Guid(f082e66d6685c47aa80fcf43fe89625a) Importer(815301076,1909f56bfc062723c751e8b465ee728b)
Start importing Assets/MyAssets/Scene/PlayScene.unity using Guid(f082e66d6685c47aa80fcf43fe89625a) Importer(815301076,1909f56bfc062723c751e8b465ee728b)  -> (artifact id: '3e5e689725335d8c9116dab9f690aee0') in 0.118787 seconds
  Import took 0.135831 seconds .

========================================================================
Received Prepare
Registering precompiled user dll's ...
Registered in 2.681912 seconds.
Begin MonoManager ReloadAssembly
Symbol file data-0x7f887e6ed000 doesn't match image /Users/a50621/workspace/AWS_Project/Assets/Plugins/AWSSDK/AWSSDK.Core.dll
Symbol file LoadedFromMemory is not a mono symbol file
Native extension for OSXStandalone target not found
Refreshing native plugins compatible for Editor in 1.93 ms, found 1 plugins.
Preloading 0 native plugins for Editor in 0.00 ms.
Mono: successfully reloaded assembly
- Completed reload, in  8.559 seconds
Platform modules already initialized, skipping
Refreshing native plugins compatible for Editor in 1.72 ms, found 1 plugins.
Preloading 0 native plugins for Editor in 0.00 ms.
Unloading 1707 Unused Serialized files (Serialized files now loaded: 0)
System memory in use before: 0.77 GB.
System memory in use after: 0.75 GB.

Unloading 369 unused Assets to reduce memory usage. Loaded Objects now: 1993.
Total: 16.691472 ms (FindLiveObjects: 0.453501 ms CreateObjectMapping: 0.097818 ms MarkObjects: 2.055320 ms  DeleteObjects: 14.083765 ms)

========================================================================
Received Import Request.
  Time since last request: 259.394951 seconds.
  path: Assets/MyAssets/Scene/MainMenu.unity
  artifactKey: Guid(cd35c27d9edcd444c8058568961dfc82) Importer(815301076,1909f56bfc062723c751e8b465ee728b)
Start importing Assets/MyAssets/Scene/MainMenu.unity using Guid(cd35c27d9edcd444c8058568961dfc82) Importer(815301076,1909f56bfc062723c751e8b465ee728b)  -> (artifact id: 'c4f299578f3cb5694db2f39c14a69dcd') in 0.089228 seconds
  Import took 0.101732 seconds .

========================================================================
Received Prepare
Registering precompiled user dll's ...
Registered in 8.433635 seconds.
Begin MonoManager ReloadAssembly
Symbol file data-0x7f887e6eb000 doesn't match image /Users/a50621/workspace/AWS_Project/Assets/Plugins/AWSSDK/AWSSDK.Core.dll
Symbol file LoadedFromMemory is not a mono symbol file
Native extension for OSXStandalone target not found
Refreshing native plugins compatible for Editor in 2.55 ms, found 1 plugins.
Preloading 0 native plugins for Editor in 0.00 ms.
Mono: successfully reloaded assembly
- Completed reload, in 10.223 seconds
Platform modules already initialized, skipping
Refreshing native plugins compatible for Editor in 1.72 ms, found 1 plugins.
Preloading 0 native plugins for Editor in 0.00 ms.
Unloading 1707 Unused Serialized files (Serialized files now loaded: 0)
System memory in use before: 0.77 GB.
System memory in use after: 0.75 GB.

Unloading 369 unused Assets to reduce memory usage. Loaded Objects now: 1996.
Total: 17.871939 ms (FindLiveObjects: 0.497857 ms CreateObjectMapping: 0.113960 ms MarkObjects: 2.006120 ms  DeleteObjects: 15.252747 ms)

========================================================================
Received Prepare
Registering precompiled user dll's ...
Registered in 8.044844 seconds.
Begin MonoManager ReloadAssembly
Symbol file data-0x7f887e6ed000 doesn't match image /Users/a50621/workspace/AWS_Project/Assets/Plugins/AWSSDK/AWSSDK.Core.dll
Symbol file LoadedFromMemory is not a mono symbol file
Native extension for OSXStandalone target not found
Refreshing native plugins compatible for Editor in 2.09 ms, found 1 plugins.
Preloading 0 native plugins for Editor in 0.00 ms.
Mono: successfully reloaded assembly
- Completed reload, in  8.233 seconds
Platform modules already initialized, skipping
Refreshing native plugins compatible for Editor in 2.66 ms, found 1 plugins.
Preloading 0 native plugins for Editor in 0.00 ms.
Unloading 1707 Unused Serialized files (Serialized files now loaded: 0)
System memory in use before: 0.77 GB.
System memory in use after: 0.75 GB.

Unloading 369 unused Assets to reduce memory usage. Loaded Objects now: 1999.
Total: 16.319672 ms (FindLiveObjects: 0.367574 ms CreateObjectMapping: 0.072632 ms MarkObjects: 1.746617 ms  DeleteObjects: 14.130833 ms)

========================================================================
Received Prepare
Registering precompiled user dll's ...
Registered in 1.853457 seconds.
Begin MonoManager ReloadAssembly
Symbol file data-0x7f887e6eb000 doesn't match image /Users/a50621/workspace/AWS_Project/Assets/Plugins/AWSSDK/AWSSDK.Core.dll
Symbol file LoadedFromMemory is not a mono symbol file
Native extension for OSXStandalone target not found
Refreshing native plugins compatible for Editor in 1.74 ms, found 1 plugins.
Preloading 0 native plugins for Editor in 0.00 ms.
Mono: successfully reloaded assembly
- Completed reload, in  9.035 seconds
Platform modules already initialized, skipping
Refreshing native plugins compatible for Editor in 1.73 ms, found 1 plugins.
Preloading 0 native plugins for Editor in 0.00 ms.
Unloading 1707 Unused Serialized files (Serialized files now loaded: 0)
System memory in use before: 0.77 GB.
System memory in use after: 0.75 GB.

Unloading 369 unused Assets to reduce memory usage. Loaded Objects now: 2002.
Total: 15.981835 ms (FindLiveObjects: 0.318737 ms CreateObjectMapping: 0.063470 ms MarkObjects: 1.610034 ms  DeleteObjects: 13.988687 ms)

========================================================================
Received Prepare
Registering precompiled user dll's ...
Registered in 4.017178 seconds.
Begin MonoManager ReloadAssembly
Symbol file data-0x7f887e6ed000 doesn't match image /Users/a50621/workspace/AWS_Project/Assets/Plugins/AWSSDK/AWSSDK.Core.dll
Symbol file LoadedFromMemory is not a mono symbol file
Native extension for OSXStandalone target not found
Refreshing native plugins compatible for Editor in 1.75 ms, found 1 plugins.
Preloading 0 native plugins for Editor in 0.00 ms.
Mono: successfully reloaded assembly
- Completed reload, in  6.224 seconds
Platform modules already initialized, skipping
Refreshing native plugins compatible for Editor in 1.87 ms, found 1 plugins.
Preloading 0 native plugins for Editor in 0.00 ms.
Unloading 1707 Unused Serialized files (Serialized files now loaded: 0)
System memory in use before: 0.77 GB.
System memory in use after: 0.76 GB.

Unloading 369 unused Assets to reduce memory usage. Loaded Objects now: 2005.
Total: 17.213452 ms (FindLiveObjects: 0.237188 ms CreateObjectMapping: 0.062771 ms MarkObjects: 1.733636 ms  DeleteObjects: 15.178714 ms)

========================================================================
Received Prepare
Registering precompiled user dll's ...
Registered in 9.368541 seconds.
Begin MonoManager ReloadAssembly
Symbol file data-0x7f887e6eb000 doesn't match image /Users/a50621/workspace/AWS_Project/Assets/Plugins/AWSSDK/AWSSDK.Core.dll
Symbol file LoadedFromMemory is not a mono symbol file
Native extension for OSXStandalone target not found
Refreshing native plugins compatible for Editor in 1.74 ms, found 1 plugins.
Preloading 0 native plugins for Editor in 0.00 ms.
Mono: successfully reloaded assembly
- Completed reload, in  6.556 seconds
Platform modules already initialized, skipping
Refreshing native plugins compatible for Editor in 2.29 ms, found 1 plugins.
Preloading 0 native plugins for Editor in 0.00 ms.
Unloading 1707 Unused Serialized files (Serialized files now loaded: 0)
System memory in use before: 0.77 GB.
System memory in use after: 0.76 GB.

Unloading 369 unused Assets to reduce memory usage. Loaded Objects now: 2008.
Total: 16.646126 ms (FindLiveObjects: 0.346649 ms CreateObjectMapping: 0.096116 ms MarkObjects: 2.094818 ms  DeleteObjects: 14.107312 ms)

========================================================================
Received Prepare
Registering precompiled user dll's ...
Registered in 1.046613 seconds.
Begin MonoManager ReloadAssembly
Symbol file data-0x7f887e6ed000 doesn't match image /Users/a50621/workspace/AWS_Project/Assets/Plugins/AWSSDK/AWSSDK.Core.dll
Symbol file LoadedFromMemory is not a mono symbol file
Native extension for OSXStandalone target not found
Refreshing native plugins compatible for Editor in 1.96 ms, found 1 plugins.
Preloading 0 native plugins for Editor in 0.00 ms.
Mono: successfully reloaded assembly
- Completed reload, in  4.792 seconds
Platform modules already initialized, skipping
Refreshing native plugins compatible for Editor in 1.74 ms, found 1 plugins.
Preloading 0 native plugins for Editor in 0.00 ms.
Unloading 1707 Unused Serialized files (Serialized files now loaded: 0)
System memory in use before: 0.77 GB.
System memory in use after: 0.76 GB.

Unloading 369 unused Assets to reduce memory usage. Loaded Objects now: 2011.
Total: 16.600974 ms (FindLiveObjects: 0.259351 ms CreateObjectMapping: 0.068360 ms MarkObjects: 1.627604 ms  DeleteObjects: 14.644581 ms)

========================================================================
Received Prepare
Registering precompiled user dll's ...
Registered in 3.045975 seconds.
Begin MonoManager ReloadAssembly
Symbol file data-0x7f887e6eb000 doesn't match image /Users/a50621/workspace/AWS_Project/Assets/Plugins/AWSSDK/AWSSDK.Core.dll
Symbol file LoadedFromMemory is not a mono symbol file
Native extension for OSXStandalone target not found
Refreshing native plugins compatible for Editor in 1.97 ms, found 1 plugins.
Preloading 0 native plugins for Editor in 0.00 ms.
Mono: successfully reloaded assembly
- Completed reload, in 10.492 seconds
Platform modules already initialized, skipping
Refreshing native plugins compatible for Editor in 1.77 ms, found 1 plugins.
Preloading 0 native plugins for Editor in 0.00 ms.
Unloading 1707 Unused Serialized files (Serialized files now loaded: 0)
System memory in use before: 0.77 GB.
System memory in use after: 0.76 GB.

Unloading 369 unused Assets to reduce memory usage. Loaded Objects now: 2014.
Total: 16.894780 ms (FindLiveObjects: 0.364684 ms CreateObjectMapping: 0.081137 ms MarkObjects: 1.659335 ms  DeleteObjects: 14.788140 ms)

========================================================================
Received Prepare
Registering precompiled user dll's ...
Registered in 2.691164 seconds.
Begin MonoManager ReloadAssembly
Symbol file data-0x7f887e6ed000 doesn't match image /Users/a50621/workspace/AWS_Project/Assets/Plugins/AWSSDK/AWSSDK.Core.dll
Symbol file LoadedFromMemory is not a mono symbol file
Native extension for OSXStandalone target not found
Refreshing native plugins compatible for Editor in 2.61 ms, found 1 plugins.
Preloading 0 native plugins for Editor in 0.00 ms.
Mono: successfully reloaded assembly
- Completed reload, in  9.017 seconds
Platform modules already initialized, skipping
Refreshing native plugins compatible for Editor in 1.78 ms, found 1 plugins.
Preloading 0 native plugins for Editor in 0.00 ms.
Unloading 1707 Unused Serialized files (Serialized files now loaded: 0)
System memory in use before: 0.77 GB.
System memory in use after: 0.76 GB.

Unloading 369 unused Assets to reduce memory usage. Loaded Objects now: 2017.
Total: 19.282940 ms (FindLiveObjects: 0.508984 ms CreateObjectMapping: 0.217279 ms MarkObjects: 2.503312 ms  DeleteObjects: 16.040360 ms)

========================================================================
Received Prepare
Registering precompiled user dll's ...
Registered in 0.049397 seconds.
Begin MonoManager ReloadAssembly
Symbol file data-0x7f887e6eb000 doesn't match image /Users/a50621/workspace/AWS_Project/Assets/Plugins/AWSSDK/AWSSDK.Core.dll
Symbol file LoadedFromMemory is not a mono symbol file
Native extension for OSXStandalone target not found
Refreshing native plugins compatible for Editor in 1.92 ms, found 1 plugins.
Preloading 0 native plugins for Editor in 0.00 ms.
Mono: successfully reloaded assembly
- Completed reload, in  4.466 seconds
Platform modules already initialized, skipping
Refreshing native plugins compatible for Editor in 1.86 ms, found 1 plugins.
Preloading 0 native plugins for Editor in 0.00 ms.
Unloading 1707 Unused Serialized files (Serialized files now loaded: 0)
System memory in use before: 0.77 GB.
System memory in use after: 0.76 GB.

Unloading 369 unused Assets to reduce memory usage. Loaded Objects now: 2020.
Total: 17.437173 ms (FindLiveObjects: 0.243622 ms CreateObjectMapping: 0.064238 ms MarkObjects: 1.812229 ms  DeleteObjects: 15.315870 ms)

========================================================================
Received Prepare
Registering precompiled user dll's ...
Registered in 4.281889 seconds.
Begin MonoManager ReloadAssembly
Symbol file data-0x7f887e6ed000 doesn't match image /Users/a50621/workspace/AWS_Project/Assets/Plugins/AWSSDK/AWSSDK.Core.dll
Symbol file LoadedFromMemory is not a mono symbol file
Native extension for OSXStandalone target not found
Refreshing native plugins compatible for Editor in 1.92 ms, found 1 plugins.
Preloading 0 native plugins for Editor in 0.00 ms.
Mono: successfully reloaded assembly
- Completed reload, in 13.681 seconds
Platform modules already initialized, skipping
Refreshing native plugins compatible for Editor in 1.73 ms, found 1 plugins.
Preloading 0 native plugins for Editor in 0.00 ms.
Unloading 1707 Unused Serialized files (Serialized files now loaded: 0)
System memory in use before: 0.77 GB.
System memory in use after: 0.76 GB.

Unloading 369 unused Assets to reduce memory usage. Loaded Objects now: 2023.
Total: 16.721297 ms (FindLiveObjects: 0.475699 ms CreateObjectMapping: 0.241909 ms MarkObjects: 2.086667 ms  DeleteObjects: 13.915972 ms)

========================================================================
Received Prepare
Registering precompiled user dll's ...
Registered in 6.600564 seconds.
Begin MonoManager ReloadAssembly
Symbol file data-0x7f887e6eb000 doesn't match image /Users/a50621/workspace/AWS_Project/Assets/Plugins/AWSSDK/AWSSDK.Core.dll
Symbol file LoadedFromMemory is not a mono symbol file
Native extension for OSXStandalone target not found
Refreshing native plugins compatible for Editor in 1.73 ms, found 1 plugins.
Preloading 0 native plugins for Editor in 0.00 ms.
Mono: successfully reloaded assembly
- Completed reload, in 11.976 seconds
Platform modules already initialized, skipping
Refreshing native plugins compatible for Editor in 2.34 ms, found 1 plugins.
Preloading 0 native plugins for Editor in 0.00 ms.
Unloading 1707 Unused Serialized files (Serialized files now loaded: 0)
System memory in use before: 0.77 GB.
System memory in use after: 0.76 GB.

Unloading 369 unused Assets to reduce memory usage. Loaded Objects now: 2026.
Total: 16.812441 ms (FindLiveObjects: 0.355818 ms CreateObjectMapping: 0.178756 ms MarkObjects: 1.802017 ms  DeleteObjects: 14.474885 ms)

========================================================================
Received Prepare
Registering precompiled user dll's ...
Registered in 12.193592 seconds.
Begin MonoManager ReloadAssembly
Symbol file data-0x7f887e6ed000 doesn't match image /Users/a50621/workspace/AWS_Project/Assets/Plugins/AWSSDK/AWSSDK.Core.dll
Symbol file LoadedFromMemory is not a mono symbol file
Native extension for OSXStandalone target not found
Refreshing native plugins compatible for Editor in 1.81 ms, found 1 plugins.
Preloading 0 native plugins for Editor in 0.00 ms.
Mono: successfully reloaded assembly
- Completed reload, in 10.690 seconds
Platform modules already initialized, skipping
Refreshing native plugins compatible for Editor in 2.15 ms, found 1 plugins.
Preloading 0 native plugins for Editor in 0.00 ms.
Unloading 1707 Unused Serialized files (Serialized files now loaded: 0)
System memory in use before: 0.77 GB.
System memory in use after: 0.76 GB.

Unloading 369 unused Assets to reduce memory usage. Loaded Objects now: 2029.
Total: 17.346115 ms (FindLiveObjects: 0.321372 ms CreateObjectMapping: 0.091331 ms MarkObjects: 2.084403 ms  DeleteObjects: 14.847212 ms)

========================================================================
Received Prepare
Registering precompiled user dll's ...
Registered in 5.806116 seconds.
Begin MonoManager ReloadAssembly
Symbol file data-0x7f887e6eb000 doesn't match image /Users/a50621/workspace/AWS_Project/Assets/Plugins/AWSSDK/AWSSDK.Core.dll
Symbol file LoadedFromMemory is not a mono symbol file
Native extension for OSXStandalone target not found
Refreshing native plugins compatible for Editor in 2.08 ms, found 1 plugins.
Preloading 0 native plugins for Editor in 0.00 ms.
Mono: successfully reloaded assembly
- Completed reload, in  7.711 seconds
Platform modules already initialized, skipping
Refreshing native plugins compatible for Editor in 1.71 ms, found 1 plugins.
Preloading 0 native plugins for Editor in 0.00 ms.
Unloading 1707 Unused Serialized files (Serialized files now loaded: 0)
System memory in use before: 0.77 GB.
System memory in use after: 0.76 GB.

Unloading 369 unused Assets to reduce memory usage. Loaded Objects now: 2032.
Total: 17.477181 ms (FindLiveObjects: 0.359624 ms CreateObjectMapping: 0.104534 ms MarkObjects: 2.246861 ms  DeleteObjects: 14.764736 ms)

