Using pre-set license

 COMMAND LINE ARGUMENTS:
/Applications/Unity/Hub/Editor/2020.3.7f1/Unity.app/Contents/MacOS/Unity
-adb2
-batchMode
-noUpm
-name
AssetImportWorker3
-projectPath
/Users/a50621/workspace/AWS_Project
-logFile
Logs/AssetImportWorker3.log
-srvPort
56645
Successfully changed project path to: /Users/a50621/workspace/AWS_Project
/Users/a50621/workspace/AWS_Project
Using Asset Import Pipeline V2.
Refreshing native plugins compatible for Editor in 415.82 ms, found 1 plugins.
Preloading 0 native plugins for Editor in 0.00 ms.
Initialize engine version: 2020.3.7f1 (dd97f2c94397)
[Subsystems] Discovering subsystems at path /Applications/Unity/Hub/Editor/2020.3.7f1/Unity.app/Contents/Resources/UnitySubsystems
[Subsystems] Discovering subsystems at path /Users/a50621/workspace/AWS_Project/Assets
GfxDevice: creating device client; threaded=0
2021-06-24 12:36:11.617 Unity[17362:265463] iMac preferred device: AMD Radeon Pro 555X (high power)
2021-06-24 12:36:11.617 Unity[17362:265463] Metal devices available: 1
2021-06-24 12:36:11.617 Unity[17362:265463] 0: AMD Radeon Pro 555X (high power)
2021-06-24 12:36:11.618 Unity[17362:265463] Using device AMD Radeon Pro 555X (high power)
Initializing Metal device caps: AMD Radeon Pro 555X
Initialize mono
Mono path[0] = '/Applications/Unity/Hub/Editor/2020.3.7f1/Unity.app/Contents/Managed'
Mono path[1] = '/Applications/Unity/Hub/Editor/2020.3.7f1/Unity.app/Contents/MonoBleedingEdge/lib/mono/unityjit'
Mono config path = '/Applications/Unity/Hub/Editor/2020.3.7f1/Unity.app/Contents/MonoBleedingEdge/etc'
Using monoOptions --debugger-agent=transport=dt_socket,embedding=1,server=y,suspend=n,address=127.0.0.1:56362
Begin MonoManager ReloadAssembly
Registering precompiled unity dll's ...
Register platform support module: /Applications/Unity/Hub/Editor/2020.3.7f1/Unity.app/Contents/PlaybackEngines/MacStandaloneSupport/UnityEditor.OSXStandalone.Extensions.dll
Registered in 0.023708 seconds.
Native extension for OSXStandalone target not found
Refreshing native plugins compatible for Editor in 32.90 ms, found 1 plugins.
Preloading 0 native plugins for Editor in 0.00 ms.
Mono: successfully reloaded assembly
- Completed reload, in  4.064 seconds
Platform modules already initialized, skipping
Registering precompiled user dll's ...
Registered in 2.774498 seconds.
